2023-07-26 10:18:23,444 [INFO] Activator:176 - 


2023-07-26 10:18:23,456 [INFO] Activator:177 - !SESSION log4j initialized
2023-07-26 10:18:35,540 [INFO] LogOutputStream:77 - [STDOUT_REDIRECT] 
2023-07-26 10:18:59,613 [ERROR] LogOutputStream:75 - [STDERR_REDIRECT] SLF4J: Failed to load class "org.slf4j.impl.StaticLoggerBinder".
2023-07-26 10:18:59,615 [ERROR] LogOutputStream:75 - [STDERR_REDIRECT] SLF4J: Defaulting to no-operation (NOP) logger implementation
2023-07-26 10:18:59,617 [ERROR] LogOutputStream:75 - [STDERR_REDIRECT] SLF4J: See http://www.slf4j.org/codes.html#StaticLoggerBinder for further details.
2023-07-26 11:40:52,421 [INFO] Activator:176 - 


2023-07-26 11:40:52,424 [INFO] Activator:177 - !SESSION log4j initialized
2023-07-26 11:41:04,051 [INFO] LogOutputStream:77 - [STDOUT_REDIRECT] 
2023-07-26 11:41:27,412 [ERROR] LogOutputStream:75 - [STDERR_REDIRECT] SLF4J: Failed to load class "org.slf4j.impl.StaticLoggerBinder".
2023-07-26 11:41:27,413 [ERROR] LogOutputStream:75 - [STDERR_REDIRECT] SLF4J: Defaulting to no-operation (NOP) logger implementation
2023-07-26 11:41:27,416 [ERROR] LogOutputStream:75 - [STDERR_REDIRECT] SLF4J: See http://www.slf4j.org/codes.html#StaticLoggerBinder for further details.
2023-07-26 13:22:35,194 [ERROR] ConfigurationRetriever:142 - IOException on connection: connect timed out
2023-07-26 13:22:37,211 [ERROR] ConfigurationRetriever:142 - IOException on connection: connect timed out
2023-07-26 13:37:28,511 [ERROR] ConfigurationRetriever:142 - IOException on connection: Read timed out
2023-07-26 13:37:30,589 [ERROR] ConfigurationRetriever:142 - IOException on connection: connect timed out
2023-07-26 13:37:32,596 [ERROR] ConfigurationRetriever:142 - IOException on connection: connect timed out
2023-07-26 13:37:47,473 [ERROR] AdobePublisher:162 - Exception while opening the connection: java.net.UnknownHostException: stmicroelectronics.d3.sc.omtrdc.net
2023-07-26 13:37:47,474 [ERROR] AdobePublisher:162 - Exception while opening the connection: java.net.UnknownHostException: stmicroelectronics.d3.sc.omtrdc.net
2023-07-26 13:37:47,474 [ERROR] AdobePublisher:162 - Exception while opening the connection: java.net.UnknownHostException: stmicroelectronics.d3.sc.omtrdc.net
2023-07-26 13:37:47,475 [ERROR] AdobePublisher:162 - Exception while opening the connection: java.net.UnknownHostException: stmicroelectronics.d3.sc.omtrdc.net
2023-07-26 13:37:47,475 [ERROR] AdobePublisher:162 - Exception while opening the connection: java.net.UnknownHostException: stmicroelectronics.d3.sc.omtrdc.net
2023-07-26 13:41:16,561 [ERROR] ConfigurationRetriever:142 - IOException on connection: connect timed out
2023-07-26 13:41:18,574 [ERROR] ConfigurationRetriever:142 - IOException on connection: connect timed out
2023-07-26 13:41:20,579 [ERROR] ConfigurationRetriever:142 - IOException on connection: connect timed out
2023-07-26 13:41:22,671 [ERROR] ConfigurationRetriever:142 - IOException on connection: connect timed out
2023-07-26 13:41:26,505 [ERROR] ConfigurationRetriever:142 - IOException on connection: Read timed out
2023-07-26 13:41:28,513 [ERROR] ConfigurationRetriever:142 - IOException on connection: connect timed out
2023-07-26 15:54:11,476 [ERROR] LogOutputStream:75 - [STDERR_REDIRECT] org.eclipse.core.internal.resources.ResourceException(/USART_TRANSMIT/USART_transmit.launch)[275]: java.lang.Exception: A resource exists with a different case: '/USART_TRANSMIT/USART_transmit.launch'.
2023-07-26 15:54:11,480 [ERROR] LogOutputStream:75 - [STDERR_REDIRECT] 	at org.eclipse.core.internal.resources.ResourceException.provideStackTrace(ResourceException.java:42)
2023-07-26 15:54:11,482 [ERROR] LogOutputStream:75 - [STDERR_REDIRECT] 	at org.eclipse.core.internal.resources.ResourceException.<init>(ResourceException.java:38)
2023-07-26 15:54:11,484 [ERROR] LogOutputStream:75 - [STDERR_REDIRECT] 	at org.eclipse.core.internal.resources.Resource.checkDoesNotExist(Resource.java:318)
2023-07-26 15:54:11,486 [ERROR] LogOutputStream:75 - [STDERR_REDIRECT] 	at org.eclipse.core.internal.resources.Resource.checkDoesNotExist(Resource.java:296)
2023-07-26 15:54:11,489 [ERROR] LogOutputStream:75 - [STDERR_REDIRECT] 	at org.eclipse.core.internal.resources.File.create(File.java:109)
2023-07-26 15:54:11,491 [ERROR] LogOutputStream:75 - [STDERR_REDIRECT] 	at org.eclipse.core.internal.resources.File.create(File.java:181)
2023-07-26 15:54:11,494 [ERROR] LogOutputStream:75 - [STDERR_REDIRECT] 	at org.eclipse.debug.internal.core.LaunchConfigurationWorkingCopy.writeNewFile(LaunchConfigurationWorkingCopy.java:356)
2023-07-26 15:54:11,498 [ERROR] LogOutputStream:75 - [STDERR_REDIRECT] 	at org.eclipse.debug.internal.core.LaunchConfigurationWorkingCopy.doSave0(LaunchConfigurationWorkingCopy.java:259)
2023-07-26 15:54:11,500 [ERROR] LogOutputStream:75 - [STDERR_REDIRECT] 	at org.eclipse.core.internal.resources.Workspace.run(Workspace.java:2315)
2023-07-26 15:54:11,502 [ERROR] LogOutputStream:75 - [STDERR_REDIRECT] 	at org.eclipse.core.internal.resources.Workspace.run(Workspace.java:2340)
2023-07-26 15:54:11,505 [ERROR] LogOutputStream:75 - [STDERR_REDIRECT] 	at org.eclipse.debug.internal.core.LaunchConfigurationWorkingCopy.doSave(LaunchConfigurationWorkingCopy.java:226)
2023-07-26 15:54:11,507 [ERROR] LogOutputStream:75 - [STDERR_REDIRECT] 	at org.eclipse.debug.internal.core.LaunchConfigurationWorkingCopy.doSave(LaunchConfigurationWorkingCopy.java:187)
2023-07-26 15:54:11,510 [ERROR] LogOutputStream:75 - [STDERR_REDIRECT] 	at com.st.stm32cube.ide.mcu.debug.launch.ui.MCUDebugLaunchShortcut.createConfiguration(MCUDebugLaunchShortcut.java:94)
2023-07-26 15:54:11,513 [ERROR] LogOutputStream:75 - [STDERR_REDIRECT] 	at com.st.stm32cube.ide.mcu.debug.launch.oss.ui.DebugLaunchShortcut.launch(DebugLaunchShortcut.java:62)
2023-07-26 15:54:11,516 [ERROR] LogOutputStream:75 - [STDERR_REDIRECT] 	at com.st.stm32cube.ide.mcu.debug.launch.oss.ui.DebugLaunchShortcut.searchAndLaunch(DebugLaunchShortcut.java:172)
2023-07-26 15:54:11,518 [ERROR] LogOutputStream:75 - [STDERR_REDIRECT] 	at com.st.stm32cube.ide.mcu.debug.launch.ui.MCUDebugLaunchShortcut.launch(MCUDebugLaunchShortcut.java:115)
2023-07-26 15:54:11,522 [ERROR] LogOutputStream:75 - [STDERR_REDIRECT] 	at org.eclipse.debug.internal.ui.launchConfigurations.LaunchShortcutExtension.launch(LaunchShortcutExtension.java:430)
2023-07-26 15:54:11,525 [ERROR] LogOutputStream:75 - [STDERR_REDIRECT] 	at org.eclipse.debug.internal.ui.actions.LaunchShortcutAction.runInternal(LaunchShortcutAction.java:88)
2023-07-26 15:54:11,528 [ERROR] LogOutputStream:75 - [STDERR_REDIRECT] 	at org.eclipse.debug.internal.ui.actions.LaunchShortcutAction.runWithEvent(LaunchShortcutAction.java:135)
2023-07-26 15:54:11,532 [ERROR] LogOutputStream:75 - [STDERR_REDIRECT] 	at org.eclipse.jface.action.ActionContributionItem.handleWidgetSelection(ActionContributionItem.java:580)
2023-07-26 15:54:11,535 [ERROR] LogOutputStream:75 - [STDERR_REDIRECT] 	at org.eclipse.jface.action.ActionContributionItem.lambda$4(ActionContributionItem.java:414)
2023-07-26 15:54:11,537 [ERROR] LogOutputStream:75 - [STDERR_REDIRECT] 	at org.eclipse.swt.widgets.EventTable.sendEvent(EventTable.java:89)
2023-07-26 15:54:11,539 [ERROR] LogOutputStream:75 - [STDERR_REDIRECT] 	at org.eclipse.swt.widgets.Display.sendEvent(Display.java:4243)
2023-07-26 15:54:11,541 [ERROR] LogOutputStream:75 - [STDERR_REDIRECT] 	at org.eclipse.swt.widgets.Widget.sendEvent(Widget.java:1063)
2023-07-26 15:54:11,543 [ERROR] LogOutputStream:75 - [STDERR_REDIRECT] 	at org.eclipse.swt.widgets.Widget.sendEvent(Widget.java:1087)
2023-07-26 15:54:11,545 [ERROR] LogOutputStream:75 - [STDERR_REDIRECT] 	at org.eclipse.swt.widgets.Widget.sendEvent(Widget.java:1072)
2023-07-26 15:54:11,548 [ERROR] LogOutputStream:75 - [STDERR_REDIRECT] 	at org.eclipse.swt.widgets.Widget.notifyListeners(Widget.java:775)
2023-07-26 15:54:11,552 [ERROR] LogOutputStream:75 - [STDERR_REDIRECT] 	at org.eclipse.jface.action.ActionContributionItem.lambda$8(ActionContributionItem.java:1207)
2023-07-26 15:54:11,556 [ERROR] LogOutputStream:75 - [STDERR_REDIRECT] 	at org.eclipse.swt.widgets.EventTable.sendEvent(EventTable.java:89)
2023-07-26 15:54:11,558 [ERROR] LogOutputStream:75 - [STDERR_REDIRECT] 	at org.eclipse.swt.widgets.Display.sendEvent(Display.java:4243)
2023-07-26 15:54:11,560 [ERROR] LogOutputStream:75 - [STDERR_REDIRECT] 	at org.eclipse.swt.widgets.Widget.sendEvent(Widget.java:1063)
2023-07-26 15:54:11,562 [ERROR] LogOutputStream:75 - [STDERR_REDIRECT] 	at org.eclipse.swt.widgets.Display.runDeferredEvents(Display.java:4060)
2023-07-26 15:54:11,564 [ERROR] LogOutputStream:75 - [STDERR_REDIRECT] 	at org.eclipse.swt.widgets.Display.readAndDispatch(Display.java:3632)
2023-07-26 15:54:11,567 [ERROR] LogOutputStream:75 - [STDERR_REDIRECT] 	at org.eclipse.e4.ui.internal.workbench.swt.PartRenderingEngine$5.run(PartRenderingEngine.java:1155)
2023-07-26 15:54:11,570 [ERROR] LogOutputStream:75 - [STDERR_REDIRECT] 	at org.eclipse.core.databinding.observable.Realm.runWithDefault(Realm.java:338)
2023-07-26 15:54:11,573 [ERROR] LogOutputStream:75 - [STDERR_REDIRECT] 	at org.eclipse.e4.ui.internal.workbench.swt.PartRenderingEngine.run(PartRenderingEngine.java:1046)
2023-07-26 15:54:11,575 [ERROR] LogOutputStream:75 - [STDERR_REDIRECT] 	at org.eclipse.e4.ui.internal.workbench.E4Workbench.createAndRunUI(E4Workbench.java:155)
2023-07-26 15:54:11,577 [ERROR] LogOutputStream:75 - [STDERR_REDIRECT] 	at org.eclipse.ui.internal.Workbench.lambda$3(Workbench.java:644)
2023-07-26 15:54:11,579 [ERROR] LogOutputStream:75 - [STDERR_REDIRECT] 	at org.eclipse.core.databinding.observable.Realm.runWithDefault(Realm.java:338)
2023-07-26 15:54:11,581 [ERROR] LogOutputStream:75 - [STDERR_REDIRECT] 	at org.eclipse.ui.internal.Workbench.createAndRunWorkbench(Workbench.java:551)
2023-07-26 15:54:11,583 [ERROR] LogOutputStream:75 - [STDERR_REDIRECT] 	at org.eclipse.ui.PlatformUI.createAndRunWorkbench(PlatformUI.java:156)
2023-07-26 15:54:11,585 [ERROR] LogOutputStream:75 - [STDERR_REDIRECT] 	at org.eclipse.ui.internal.ide.application.IDEApplication.start(IDEApplication.java:152)
2023-07-26 15:54:11,587 [ERROR] LogOutputStream:75 - [STDERR_REDIRECT] 	at org.eclipse.equinox.internal.app.EclipseAppHandle.run(EclipseAppHandle.java:203)
2023-07-26 15:54:11,590 [ERROR] LogOutputStream:75 - [STDERR_REDIRECT] 	at org.eclipse.core.runtime.internal.adaptor.EclipseAppLauncher.runApplication(EclipseAppLauncher.java:136)
2023-07-26 15:54:11,595 [ERROR] LogOutputStream:75 - [STDERR_REDIRECT] 	at org.eclipse.core.runtime.internal.adaptor.EclipseAppLauncher.start(EclipseAppLauncher.java:104)
2023-07-26 15:54:11,597 [ERROR] LogOutputStream:75 - [STDERR_REDIRECT] 	at org.eclipse.core.runtime.adaptor.EclipseStarter.run(EclipseStarter.java:401)
2023-07-26 15:54:11,600 [ERROR] LogOutputStream:75 - [STDERR_REDIRECT] 	at org.eclipse.core.runtime.adaptor.EclipseStarter.run(EclipseStarter.java:255)
2023-07-26 15:54:11,602 [ERROR] LogOutputStream:75 - [STDERR_REDIRECT] 	at java.base/jdk.internal.reflect.NativeMethodAccessorImpl.invoke0(Native Method)
2023-07-26 15:54:11,604 [ERROR] LogOutputStream:75 - [STDERR_REDIRECT] 	at java.base/jdk.internal.reflect.NativeMethodAccessorImpl.invoke(NativeMethodAccessorImpl.java:62)
2023-07-26 15:54:11,607 [ERROR] LogOutputStream:75 - [STDERR_REDIRECT] 	at java.base/jdk.internal.reflect.DelegatingMethodAccessorImpl.invoke(DelegatingMethodAccessorImpl.java:43)
2023-07-26 15:54:11,609 [ERROR] LogOutputStream:75 - [STDERR_REDIRECT] 	at java.base/java.lang.reflect.Method.invoke(Method.java:566)
2023-07-26 15:54:11,611 [ERROR] LogOutputStream:75 - [STDERR_REDIRECT] 	at org.eclipse.equinox.launcher.Main.invokeFramework(Main.java:659)
2023-07-26 15:54:11,612 [ERROR] LogOutputStream:75 - [STDERR_REDIRECT] 	at org.eclipse.equinox.launcher.Main.basicRun(Main.java:596)
2023-07-26 15:54:11,613 [ERROR] LogOutputStream:75 - [STDERR_REDIRECT] 	at org.eclipse.equinox.launcher.Main.run(Main.java:1467)
2023-07-26 15:55:50,179 [ERROR] LogOutputStream:75 - [STDERR_REDIRECT] org.eclipse.core.internal.resources.ResourceException(/USART_TRANSMIT/USART_transmit.launch)[275]: java.lang.Exception: A resource exists with a different case: '/USART_TRANSMIT/USART_transmit.launch'.
2023-07-26 15:55:50,183 [ERROR] LogOutputStream:75 - [STDERR_REDIRECT] 	at org.eclipse.core.internal.resources.ResourceException.provideStackTrace(ResourceException.java:42)
2023-07-26 15:55:50,185 [ERROR] LogOutputStream:75 - [STDERR_REDIRECT] 	at org.eclipse.core.internal.resources.ResourceException.<init>(ResourceException.java:38)
2023-07-26 15:55:50,187 [ERROR] LogOutputStream:75 - [STDERR_REDIRECT] 	at org.eclipse.core.internal.resources.Resource.checkDoesNotExist(Resource.java:318)
2023-07-26 15:55:50,190 [ERROR] LogOutputStream:75 - [STDERR_REDIRECT] 	at org.eclipse.core.internal.resources.Resource.checkDoesNotExist(Resource.java:296)
2023-07-26 15:55:50,192 [ERROR] LogOutputStream:75 - [STDERR_REDIRECT] 	at org.eclipse.core.internal.resources.File.create(File.java:109)
2023-07-26 15:55:50,194 [ERROR] LogOutputStream:75 - [STDERR_REDIRECT] 	at org.eclipse.core.internal.resources.File.create(File.java:181)
2023-07-26 15:55:50,198 [ERROR] LogOutputStream:75 - [STDERR_REDIRECT] 	at org.eclipse.debug.internal.core.LaunchConfigurationWorkingCopy.writeNewFile(LaunchConfigurationWorkingCopy.java:356)
2023-07-26 15:55:50,201 [ERROR] LogOutputStream:75 - [STDERR_REDIRECT] 	at org.eclipse.debug.internal.core.LaunchConfigurationWorkingCopy.doSave0(LaunchConfigurationWorkingCopy.java:259)
2023-07-26 15:55:50,205 [ERROR] LogOutputStream:75 - [STDERR_REDIRECT] 	at org.eclipse.core.internal.resources.Workspace.run(Workspace.java:2315)
2023-07-26 15:55:50,207 [ERROR] LogOutputStream:75 - [STDERR_REDIRECT] 	at org.eclipse.core.internal.resources.Workspace.run(Workspace.java:2340)
2023-07-26 15:55:50,212 [ERROR] LogOutputStream:75 - [STDERR_REDIRECT] 	at org.eclipse.debug.internal.core.LaunchConfigurationWorkingCopy.doSave(LaunchConfigurationWorkingCopy.java:226)
2023-07-26 15:55:50,215 [ERROR] LogOutputStream:75 - [STDERR_REDIRECT] 	at org.eclipse.debug.internal.core.LaunchConfigurationWorkingCopy.doSave(LaunchConfigurationWorkingCopy.java:187)
2023-07-26 15:55:50,219 [ERROR] LogOutputStream:75 - [STDERR_REDIRECT] 	at com.st.stm32cube.ide.mcu.debug.launch.ui.MCUDebugLaunchShortcut.createConfiguration(MCUDebugLaunchShortcut.java:94)
2023-07-26 15:55:50,222 [ERROR] LogOutputStream:75 - [STDERR_REDIRECT] 	at com.st.stm32cube.ide.mcu.debug.launch.oss.ui.DebugLaunchShortcut.launch(DebugLaunchShortcut.java:62)
2023-07-26 15:55:50,228 [ERROR] LogOutputStream:75 - [STDERR_REDIRECT] 	at com.st.stm32cube.ide.mcu.debug.launch.oss.ui.DebugLaunchShortcut.searchAndLaunch(DebugLaunchShortcut.java:172)
2023-07-26 15:55:50,231 [ERROR] LogOutputStream:75 - [STDERR_REDIRECT] 	at com.st.stm32cube.ide.mcu.debug.launch.ui.MCUDebugLaunchShortcut.launch(MCUDebugLaunchShortcut.java:115)
2023-07-26 15:55:50,234 [ERROR] LogOutputStream:75 - [STDERR_REDIRECT] 	at org.eclipse.debug.internal.ui.launchConfigurations.LaunchShortcutExtension.launch(LaunchShortcutExtension.java:430)
2023-07-26 15:55:50,237 [ERROR] LogOutputStream:75 - [STDERR_REDIRECT] 	at org.eclipse.debug.internal.ui.actions.LaunchShortcutAction.runInternal(LaunchShortcutAction.java:88)
2023-07-26 15:55:50,240 [ERROR] LogOutputStream:75 - [STDERR_REDIRECT] 	at org.eclipse.debug.internal.ui.actions.LaunchShortcutAction.runWithEvent(LaunchShortcutAction.java:135)
2023-07-26 15:55:50,244 [ERROR] LogOutputStream:75 - [STDERR_REDIRECT] 	at org.eclipse.jface.action.ActionContributionItem.handleWidgetSelection(ActionContributionItem.java:580)
2023-07-26 15:55:50,247 [ERROR] LogOutputStream:75 - [STDERR_REDIRECT] 	at org.eclipse.jface.action.ActionContributionItem.lambda$4(ActionContributionItem.java:414)
2023-07-26 15:55:50,249 [ERROR] LogOutputStream:75 - [STDERR_REDIRECT] 	at org.eclipse.swt.widgets.EventTable.sendEvent(EventTable.java:89)
2023-07-26 15:55:50,251 [ERROR] LogOutputStream:75 - [STDERR_REDIRECT] 	at org.eclipse.swt.widgets.Display.sendEvent(Display.java:4243)
2023-07-26 15:55:50,253 [ERROR] LogOutputStream:75 - [STDERR_REDIRECT] 	at org.eclipse.swt.widgets.Widget.sendEvent(Widget.java:1063)
2023-07-26 15:55:50,255 [ERROR] LogOutputStream:75 - [STDERR_REDIRECT] 	at org.eclipse.swt.widgets.Widget.sendEvent(Widget.java:1087)
2023-07-26 15:55:50,258 [ERROR] LogOutputStream:75 - [STDERR_REDIRECT] 	at org.eclipse.swt.widgets.Widget.sendEvent(Widget.java:1072)
2023-07-26 15:55:50,261 [ERROR] LogOutputStream:75 - [STDERR_REDIRECT] 	at org.eclipse.swt.widgets.Widget.notifyListeners(Widget.java:775)
2023-07-26 15:55:50,264 [ERROR] LogOutputStream:75 - [STDERR_REDIRECT] 	at org.eclipse.jface.action.ActionContributionItem.lambda$8(ActionContributionItem.java:1207)
2023-07-26 15:55:50,267 [ERROR] LogOutputStream:75 - [STDERR_REDIRECT] 	at org.eclipse.swt.widgets.EventTable.sendEvent(EventTable.java:89)
2023-07-26 15:55:50,270 [ERROR] LogOutputStream:75 - [STDERR_REDIRECT] 	at org.eclipse.swt.widgets.Display.sendEvent(Display.java:4243)
2023-07-26 15:55:50,271 [ERROR] LogOutputStream:75 - [STDERR_REDIRECT] 	at org.eclipse.swt.widgets.Widget.sendEvent(Widget.java:1063)
2023-07-26 15:55:50,274 [ERROR] LogOutputStream:75 - [STDERR_REDIRECT] 	at org.eclipse.swt.widgets.Display.runDeferredEvents(Display.java:4060)
2023-07-26 15:55:50,276 [ERROR] LogOutputStream:75 - [STDERR_REDIRECT] 	at org.eclipse.swt.widgets.Display.readAndDispatch(Display.java:3632)
2023-07-26 15:55:50,279 [ERROR] LogOutputStream:75 - [STDERR_REDIRECT] 	at org.eclipse.e4.ui.internal.workbench.swt.PartRenderingEngine$5.run(PartRenderingEngine.java:1155)
2023-07-26 15:55:50,282 [ERROR] LogOutputStream:75 - [STDERR_REDIRECT] 	at org.eclipse.core.databinding.observable.Realm.runWithDefault(Realm.java:338)
2023-07-26 15:55:50,284 [ERROR] LogOutputStream:75 - [STDERR_REDIRECT] 	at org.eclipse.e4.ui.internal.workbench.swt.PartRenderingEngine.run(PartRenderingEngine.java:1046)
2023-07-26 15:55:50,286 [ERROR] LogOutputStream:75 - [STDERR_REDIRECT] 	at org.eclipse.e4.ui.internal.workbench.E4Workbench.createAndRunUI(E4Workbench.java:155)
2023-07-26 15:55:50,288 [ERROR] LogOutputStream:75 - [STDERR_REDIRECT] 	at org.eclipse.ui.internal.Workbench.lambda$3(Workbench.java:644)
2023-07-26 15:55:50,291 [ERROR] LogOutputStream:75 - [STDERR_REDIRECT] 	at org.eclipse.core.databinding.observable.Realm.runWithDefault(Realm.java:338)
2023-07-26 15:55:50,293 [ERROR] LogOutputStream:75 - [STDERR_REDIRECT] 	at org.eclipse.ui.internal.Workbench.createAndRunWorkbench(Workbench.java:551)
2023-07-26 15:55:50,295 [ERROR] LogOutputStream:75 - [STDERR_REDIRECT] 	at org.eclipse.ui.PlatformUI.createAndRunWorkbench(PlatformUI.java:156)
2023-07-26 15:55:50,297 [ERROR] LogOutputStream:75 - [STDERR_REDIRECT] 	at org.eclipse.ui.internal.ide.application.IDEApplication.start(IDEApplication.java:152)
2023-07-26 15:55:50,299 [ERROR] LogOutputStream:75 - [STDERR_REDIRECT] 	at org.eclipse.equinox.internal.app.EclipseAppHandle.run(EclipseAppHandle.java:203)
2023-07-26 15:55:50,302 [ERROR] LogOutputStream:75 - [STDERR_REDIRECT] 	at org.eclipse.core.runtime.internal.adaptor.EclipseAppLauncher.runApplication(EclipseAppLauncher.java:136)
2023-07-26 15:55:50,306 [ERROR] LogOutputStream:75 - [STDERR_REDIRECT] 	at org.eclipse.core.runtime.internal.adaptor.EclipseAppLauncher.start(EclipseAppLauncher.java:104)
2023-07-26 15:55:50,308 [ERROR] LogOutputStream:75 - [STDERR_REDIRECT] 	at org.eclipse.core.runtime.adaptor.EclipseStarter.run(EclipseStarter.java:401)
2023-07-26 15:55:50,312 [ERROR] LogOutputStream:75 - [STDERR_REDIRECT] 	at org.eclipse.core.runtime.adaptor.EclipseStarter.run(EclipseStarter.java:255)
2023-07-26 15:55:50,316 [ERROR] LogOutputStream:75 - [STDERR_REDIRECT] 	at java.base/jdk.internal.reflect.NativeMethodAccessorImpl.invoke0(Native Method)
2023-07-26 15:55:50,319 [ERROR] LogOutputStream:75 - [STDERR_REDIRECT] 	at java.base/jdk.internal.reflect.NativeMethodAccessorImpl.invoke(NativeMethodAccessorImpl.java:62)
2023-07-26 15:55:50,323 [ERROR] LogOutputStream:75 - [STDERR_REDIRECT] 	at java.base/jdk.internal.reflect.DelegatingMethodAccessorImpl.invoke(DelegatingMethodAccessorImpl.java:43)
2023-07-26 15:55:50,326 [ERROR] LogOutputStream:75 - [STDERR_REDIRECT] 	at java.base/java.lang.reflect.Method.invoke(Method.java:566)
2023-07-26 15:55:50,328 [ERROR] LogOutputStream:75 - [STDERR_REDIRECT] 	at org.eclipse.equinox.launcher.Main.invokeFramework(Main.java:659)
2023-07-26 15:55:50,330 [ERROR] LogOutputStream:75 - [STDERR_REDIRECT] 	at org.eclipse.equinox.launcher.Main.basicRun(Main.java:596)
2023-07-26 15:55:50,331 [ERROR] LogOutputStream:75 - [STDERR_REDIRECT] 	at org.eclipse.equinox.launcher.Main.run(Main.java:1467)
2023-07-26 15:56:51,312 [INFO] Activator:176 - 


2023-07-26 15:56:51,319 [INFO] Activator:177 - !SESSION log4j initialized
2023-07-26 15:57:08,247 [INFO] LogOutputStream:77 - [STDOUT_REDIRECT] 
2023-07-26 15:57:32,666 [ERROR] LogOutputStream:75 - [STDERR_REDIRECT] SLF4J: Failed to load class "org.slf4j.impl.StaticLoggerBinder".
2023-07-26 15:57:32,668 [ERROR] LogOutputStream:75 - [STDERR_REDIRECT] SLF4J: Defaulting to no-operation (NOP) logger implementation
2023-07-26 15:57:32,673 [ERROR] LogOutputStream:75 - [STDERR_REDIRECT] SLF4J: See http://www.slf4j.org/codes.html#StaticLoggerBinder for further details.
2023-07-26 15:57:54,799 [ERROR] LogOutputStream:75 - [STDERR_REDIRECT] org.eclipse.core.internal.resources.ResourceException(/USART_TRANSMIT/USART_transmit.launch)[275]: java.lang.Exception: A resource exists with a different case: '/USART_TRANSMIT/USART_transmit.launch'.
2023-07-26 15:57:54,804 [ERROR] LogOutputStream:75 - [STDERR_REDIRECT] 	at org.eclipse.core.internal.resources.ResourceException.provideStackTrace(ResourceException.java:42)
2023-07-26 15:57:54,809 [ERROR] LogOutputStream:75 - [STDERR_REDIRECT] 	at org.eclipse.core.internal.resources.ResourceException.<init>(ResourceException.java:38)
2023-07-26 15:57:54,815 [ERROR] LogOutputStream:75 - [STDERR_REDIRECT] 	at org.eclipse.core.internal.resources.Resource.checkDoesNotExist(Resource.java:318)
2023-07-26 15:57:54,821 [ERROR] LogOutputStream:75 - [STDERR_REDIRECT] 	at org.eclipse.core.internal.resources.Resource.checkDoesNotExist(Resource.java:296)
2023-07-26 15:57:54,825 [ERROR] LogOutputStream:75 - [STDERR_REDIRECT] 	at org.eclipse.core.internal.resources.File.create(File.java:109)
2023-07-26 15:57:54,829 [ERROR] LogOutputStream:75 - [STDERR_REDIRECT] 	at org.eclipse.core.internal.resources.File.create(File.java:181)
2023-07-26 15:57:54,836 [ERROR] LogOutputStream:75 - [STDERR_REDIRECT] 	at org.eclipse.debug.internal.core.LaunchConfigurationWorkingCopy.writeNewFile(LaunchConfigurationWorkingCopy.java:356)
2023-07-26 15:57:54,841 [ERROR] LogOutputStream:75 - [STDERR_REDIRECT] 	at org.eclipse.debug.internal.core.LaunchConfigurationWorkingCopy.doSave0(LaunchConfigurationWorkingCopy.java:259)
2023-07-26 15:57:54,845 [ERROR] LogOutputStream:75 - [STDERR_REDIRECT] 	at org.eclipse.core.internal.resources.Workspace.run(Workspace.java:2315)
2023-07-26 15:57:54,850 [ERROR] LogOutputStream:75 - [STDERR_REDIRECT] 	at org.eclipse.core.internal.resources.Workspace.run(Workspace.java:2340)
2023-07-26 15:57:54,857 [ERROR] LogOutputStream:75 - [STDERR_REDIRECT] 	at org.eclipse.debug.internal.core.LaunchConfigurationWorkingCopy.doSave(LaunchConfigurationWorkingCopy.java:226)
2023-07-26 15:57:54,863 [ERROR] LogOutputStream:75 - [STDERR_REDIRECT] 	at org.eclipse.debug.internal.core.LaunchConfigurationWorkingCopy.doSave(LaunchConfigurationWorkingCopy.java:187)
2023-07-26 15:57:54,868 [ERROR] LogOutputStream:75 - [STDERR_REDIRECT] 	at com.st.stm32cube.ide.mcu.debug.launch.ui.MCUDebugLaunchShortcut.createConfiguration(MCUDebugLaunchShortcut.java:94)
2023-07-26 15:57:54,876 [ERROR] LogOutputStream:75 - [STDERR_REDIRECT] 	at com.st.stm32cube.ide.mcu.debug.launch.oss.ui.DebugLaunchShortcut.launch(DebugLaunchShortcut.java:62)
2023-07-26 15:57:54,884 [ERROR] LogOutputStream:75 - [STDERR_REDIRECT] 	at com.st.stm32cube.ide.mcu.debug.launch.oss.ui.DebugLaunchShortcut.searchAndLaunch(DebugLaunchShortcut.java:172)
2023-07-26 15:57:54,890 [ERROR] LogOutputStream:75 - [STDERR_REDIRECT] 	at com.st.stm32cube.ide.mcu.debug.launch.ui.MCUDebugLaunchShortcut.launch(MCUDebugLaunchShortcut.java:115)
2023-07-26 15:57:54,897 [ERROR] LogOutputStream:75 - [STDERR_REDIRECT] 	at org.eclipse.debug.internal.ui.launchConfigurations.LaunchShortcutExtension.launch(LaunchShortcutExtension.java:430)
2023-07-26 15:57:54,904 [ERROR] LogOutputStream:75 - [STDERR_REDIRECT] 	at org.eclipse.debug.internal.ui.actions.LaunchShortcutAction.runInternal(LaunchShortcutAction.java:88)
2023-07-26 15:57:54,907 [ERROR] LogOutputStream:75 - [STDERR_REDIRECT] 	at org.eclipse.debug.internal.ui.actions.LaunchShortcutAction.runWithEvent(LaunchShortcutAction.java:135)
2023-07-26 15:57:54,914 [ERROR] LogOutputStream:75 - [STDERR_REDIRECT] 	at org.eclipse.jface.action.ActionContributionItem.handleWidgetSelection(ActionContributionItem.java:580)
2023-07-26 15:57:54,919 [ERROR] LogOutputStream:75 - [STDERR_REDIRECT] 	at org.eclipse.jface.action.ActionContributionItem.lambda$4(ActionContributionItem.java:414)
2023-07-26 15:57:54,924 [ERROR] LogOutputStream:75 - [STDERR_REDIRECT] 	at org.eclipse.swt.widgets.EventTable.sendEvent(EventTable.java:89)
2023-07-26 15:57:54,927 [ERROR] LogOutputStream:75 - [STDERR_REDIRECT] 	at org.eclipse.swt.widgets.Display.sendEvent(Display.java:4243)
2023-07-26 15:57:54,930 [ERROR] LogOutputStream:75 - [STDERR_REDIRECT] 	at org.eclipse.swt.widgets.Widget.sendEvent(Widget.java:1063)
2023-07-26 15:57:54,933 [ERROR] LogOutputStream:75 - [STDERR_REDIRECT] 	at org.eclipse.swt.widgets.Widget.sendEvent(Widget.java:1087)
2023-07-26 15:57:54,937 [ERROR] LogOutputStream:75 - [STDERR_REDIRECT] 	at org.eclipse.swt.widgets.Widget.sendEvent(Widget.java:1072)
2023-07-26 15:57:54,940 [ERROR] LogOutputStream:75 - [STDERR_REDIRECT] 	at org.eclipse.swt.widgets.Widget.notifyListeners(Widget.java:775)
2023-07-26 15:57:54,945 [ERROR] LogOutputStream:75 - [STDERR_REDIRECT] 	at org.eclipse.jface.action.ActionContributionItem.lambda$8(ActionContributionItem.java:1207)
2023-07-26 15:57:54,959 [ERROR] LogOutputStream:75 - [STDERR_REDIRECT] 	at org.eclipse.swt.widgets.EventTable.sendEvent(EventTable.java:89)
2023-07-26 15:57:54,964 [ERROR] LogOutputStream:75 - [STDERR_REDIRECT] 	at org.eclipse.swt.widgets.Display.sendEvent(Display.java:4243)
2023-07-26 15:57:54,968 [ERROR] LogOutputStream:75 - [STDERR_REDIRECT] 	at org.eclipse.swt.widgets.Widget.sendEvent(Widget.java:1063)
2023-07-26 15:57:54,976 [ERROR] LogOutputStream:75 - [STDERR_REDIRECT] 	at org.eclipse.swt.widgets.Display.runDeferredEvents(Display.java:4060)
2023-07-26 15:57:54,980 [ERROR] LogOutputStream:75 - [STDERR_REDIRECT] 	at org.eclipse.swt.widgets.Display.readAndDispatch(Display.java:3632)
2023-07-26 15:57:54,986 [ERROR] LogOutputStream:75 - [STDERR_REDIRECT] 	at org.eclipse.e4.ui.internal.workbench.swt.PartRenderingEngine$5.run(PartRenderingEngine.java:1155)
2023-07-26 15:57:54,989 [ERROR] LogOutputStream:75 - [STDERR_REDIRECT] 	at org.eclipse.core.databinding.observable.Realm.runWithDefault(Realm.java:338)
2023-07-26 15:57:54,993 [ERROR] LogOutputStream:75 - [STDERR_REDIRECT] 	at org.eclipse.e4.ui.internal.workbench.swt.PartRenderingEngine.run(PartRenderingEngine.java:1046)
2023-07-26 15:57:54,998 [ERROR] LogOutputStream:75 - [STDERR_REDIRECT] 	at org.eclipse.e4.ui.internal.workbench.E4Workbench.createAndRunUI(E4Workbench.java:155)
2023-07-26 15:57:55,003 [ERROR] LogOutputStream:75 - [STDERR_REDIRECT] 	at org.eclipse.ui.internal.Workbench.lambda$3(Workbench.java:644)
2023-07-26 15:57:55,008 [ERROR] LogOutputStream:75 - [STDERR_REDIRECT] 	at org.eclipse.core.databinding.observable.Realm.runWithDefault(Realm.java:338)
2023-07-26 15:57:55,012 [ERROR] LogOutputStream:75 - [STDERR_REDIRECT] 	at org.eclipse.ui.internal.Workbench.createAndRunWorkbench(Workbench.java:551)
2023-07-26 15:57:55,016 [ERROR] LogOutputStream:75 - [STDERR_REDIRECT] 	at org.eclipse.ui.PlatformUI.createAndRunWorkbench(PlatformUI.java:156)
2023-07-26 15:57:55,021 [ERROR] LogOutputStream:75 - [STDERR_REDIRECT] 	at org.eclipse.ui.internal.ide.application.IDEApplication.start(IDEApplication.java:152)
2023-07-26 15:57:55,025 [ERROR] LogOutputStream:75 - [STDERR_REDIRECT] 	at org.eclipse.equinox.internal.app.EclipseAppHandle.run(EclipseAppHandle.java:203)
2023-07-26 15:57:55,030 [ERROR] LogOutputStream:75 - [STDERR_REDIRECT] 	at org.eclipse.core.runtime.internal.adaptor.EclipseAppLauncher.runApplication(EclipseAppLauncher.java:136)
2023-07-26 15:57:55,035 [ERROR] LogOutputStream:75 - [STDERR_REDIRECT] 	at org.eclipse.core.runtime.internal.adaptor.EclipseAppLauncher.start(EclipseAppLauncher.java:104)
2023-07-26 15:57:55,039 [ERROR] LogOutputStream:75 - [STDERR_REDIRECT] 	at org.eclipse.core.runtime.adaptor.EclipseStarter.run(EclipseStarter.java:401)
2023-07-26 15:57:55,043 [ERROR] LogOutputStream:75 - [STDERR_REDIRECT] 	at org.eclipse.core.runtime.adaptor.EclipseStarter.run(EclipseStarter.java:255)
2023-07-26 15:57:55,047 [ERROR] LogOutputStream:75 - [STDERR_REDIRECT] 	at java.base/jdk.internal.reflect.NativeMethodAccessorImpl.invoke0(Native Method)
2023-07-26 15:57:55,051 [ERROR] LogOutputStream:75 - [STDERR_REDIRECT] 	at java.base/jdk.internal.reflect.NativeMethodAccessorImpl.invoke(NativeMethodAccessorImpl.java:62)
2023-07-26 15:57:55,056 [ERROR] LogOutputStream:75 - [STDERR_REDIRECT] 	at java.base/jdk.internal.reflect.DelegatingMethodAccessorImpl.invoke(DelegatingMethodAccessorImpl.java:43)
2023-07-26 15:57:55,059 [ERROR] LogOutputStream:75 - [STDERR_REDIRECT] 	at java.base/java.lang.reflect.Method.invoke(Method.java:566)
2023-07-26 15:57:55,064 [ERROR] LogOutputStream:75 - [STDERR_REDIRECT] 	at org.eclipse.equinox.launcher.Main.invokeFramework(Main.java:659)
2023-07-26 15:57:55,067 [ERROR] LogOutputStream:75 - [STDERR_REDIRECT] 	at org.eclipse.equinox.launcher.Main.basicRun(Main.java:596)
2023-07-26 15:57:55,070 [ERROR] LogOutputStream:75 - [STDERR_REDIRECT] 	at org.eclipse.equinox.launcher.Main.run(Main.java:1467)
2023-07-26 15:58:39,729 [ERROR] LogOutputStream:75 - [STDERR_REDIRECT] org.eclipse.core.internal.resources.ResourceException(/USART_TRANSMIT/USART_transmit.launch)[275]: java.lang.Exception: A resource exists with a different case: '/USART_TRANSMIT/USART_transmit.launch'.
2023-07-26 15:58:39,733 [ERROR] LogOutputStream:75 - [STDERR_REDIRECT] 	at org.eclipse.core.internal.resources.ResourceException.provideStackTrace(ResourceException.java:42)
2023-07-26 15:58:39,736 [ERROR] LogOutputStream:75 - [STDERR_REDIRECT] 	at org.eclipse.core.internal.resources.ResourceException.<init>(ResourceException.java:38)
2023-07-26 15:58:39,740 [ERROR] LogOutputStream:75 - [STDERR_REDIRECT] 	at org.eclipse.core.internal.resources.Resource.checkDoesNotExist(Resource.java:318)
2023-07-26 15:58:39,743 [ERROR] LogOutputStream:75 - [STDERR_REDIRECT] 	at org.eclipse.core.internal.resources.Resource.checkDoesNotExist(Resource.java:296)
2023-07-26 15:58:39,745 [ERROR] LogOutputStream:75 - [STDERR_REDIRECT] 	at org.eclipse.core.internal.resources.File.create(File.java:109)
2023-07-26 15:58:39,748 [ERROR] LogOutputStream:75 - [STDERR_REDIRECT] 	at org.eclipse.core.internal.resources.File.create(File.java:181)
2023-07-26 15:58:39,751 [ERROR] LogOutputStream:75 - [STDERR_REDIRECT] 	at org.eclipse.debug.internal.core.LaunchConfigurationWorkingCopy.writeNewFile(LaunchConfigurationWorkingCopy.java:356)
2023-07-26 15:58:39,754 [ERROR] LogOutputStream:75 - [STDERR_REDIRECT] 	at org.eclipse.debug.internal.core.LaunchConfigurationWorkingCopy.doSave0(LaunchConfigurationWorkingCopy.java:259)
2023-07-26 15:58:39,756 [ERROR] LogOutputStream:75 - [STDERR_REDIRECT] 	at org.eclipse.core.internal.resources.Workspace.run(Workspace.java:2315)
2023-07-26 15:58:39,758 [ERROR] LogOutputStream:75 - [STDERR_REDIRECT] 	at org.eclipse.core.internal.resources.Workspace.run(Workspace.java:2340)
2023-07-26 15:58:39,761 [ERROR] LogOutputStream:75 - [STDERR_REDIRECT] 	at org.eclipse.debug.internal.core.LaunchConfigurationWorkingCopy.doSave(LaunchConfigurationWorkingCopy.java:226)
2023-07-26 15:58:39,764 [ERROR] LogOutputStream:75 - [STDERR_REDIRECT] 	at org.eclipse.debug.internal.core.LaunchConfigurationWorkingCopy.doSave(LaunchConfigurationWorkingCopy.java:187)
2023-07-26 15:58:39,767 [ERROR] LogOutputStream:75 - [STDERR_REDIRECT] 	at com.st.stm32cube.ide.mcu.debug.launch.ui.MCUDebugLaunchShortcut.createConfiguration(MCUDebugLaunchShortcut.java:94)
2023-07-26 15:58:39,770 [ERROR] LogOutputStream:75 - [STDERR_REDIRECT] 	at com.st.stm32cube.ide.mcu.debug.launch.oss.ui.DebugLaunchShortcut.launch(DebugLaunchShortcut.java:62)
2023-07-26 15:58:39,773 [ERROR] LogOutputStream:75 - [STDERR_REDIRECT] 	at com.st.stm32cube.ide.mcu.debug.launch.oss.ui.DebugLaunchShortcut.searchAndLaunch(DebugLaunchShortcut.java:172)
2023-07-26 15:58:39,776 [ERROR] LogOutputStream:75 - [STDERR_REDIRECT] 	at com.st.stm32cube.ide.mcu.debug.launch.ui.MCUDebugLaunchShortcut.launch(MCUDebugLaunchShortcut.java:115)
2023-07-26 15:58:39,779 [ERROR] LogOutputStream:75 - [STDERR_REDIRECT] 	at org.eclipse.debug.internal.ui.launchConfigurations.LaunchShortcutExtension.launch(LaunchShortcutExtension.java:430)
2023-07-26 15:58:39,782 [ERROR] LogOutputStream:75 - [STDERR_REDIRECT] 	at org.eclipse.debug.internal.ui.actions.LaunchShortcutAction.runInternal(LaunchShortcutAction.java:88)
2023-07-26 15:58:39,798 [ERROR] LogOutputStream:75 - [STDERR_REDIRECT] 	at org.eclipse.debug.internal.ui.actions.LaunchShortcutAction.runWithEvent(LaunchShortcutAction.java:135)
2023-07-26 15:58:39,801 [ERROR] LogOutputStream:75 - [STDERR_REDIRECT] 	at org.eclipse.jface.action.ActionContributionItem.handleWidgetSelection(ActionContributionItem.java:580)
2023-07-26 15:58:39,803 [ERROR] LogOutputStream:75 - [STDERR_REDIRECT] 	at org.eclipse.jface.action.ActionContributionItem.lambda$4(ActionContributionItem.java:414)
2023-07-26 15:58:39,805 [ERROR] LogOutputStream:75 - [STDERR_REDIRECT] 	at org.eclipse.swt.widgets.EventTable.sendEvent(EventTable.java:89)
2023-07-26 15:58:39,808 [ERROR] LogOutputStream:75 - [STDERR_REDIRECT] 	at org.eclipse.swt.widgets.Display.sendEvent(Display.java:4243)
2023-07-26 15:58:39,810 [ERROR] LogOutputStream:75 - [STDERR_REDIRECT] 	at org.eclipse.swt.widgets.Widget.sendEvent(Widget.java:1063)
2023-07-26 15:58:39,812 [ERROR] LogOutputStream:75 - [STDERR_REDIRECT] 	at org.eclipse.swt.widgets.Display.runDeferredEvents(Display.java:4060)
2023-07-26 15:58:39,815 [ERROR] LogOutputStream:75 - [STDERR_REDIRECT] 	at org.eclipse.swt.widgets.Display.readAndDispatch(Display.java:3632)
2023-07-26 15:58:39,818 [ERROR] LogOutputStream:75 - [STDERR_REDIRECT] 	at org.eclipse.e4.ui.internal.workbench.swt.PartRenderingEngine$5.run(PartRenderingEngine.java:1155)
2023-07-26 15:58:39,820 [ERROR] LogOutputStream:75 - [STDERR_REDIRECT] 	at org.eclipse.core.databinding.observable.Realm.runWithDefault(Realm.java:338)
2023-07-26 15:58:39,823 [ERROR] LogOutputStream:75 - [STDERR_REDIRECT] 	at org.eclipse.e4.ui.internal.workbench.swt.PartRenderingEngine.run(PartRenderingEngine.java:1046)
2023-07-26 15:58:39,826 [ERROR] LogOutputStream:75 - [STDERR_REDIRECT] 	at org.eclipse.e4.ui.internal.workbench.E4Workbench.createAndRunUI(E4Workbench.java:155)
2023-07-26 15:58:39,827 [ERROR] LogOutputStream:75 - [STDERR_REDIRECT] 	at org.eclipse.ui.internal.Workbench.lambda$3(Workbench.java:644)
2023-07-26 15:58:39,829 [ERROR] LogOutputStream:75 - [STDERR_REDIRECT] 	at org.eclipse.core.databinding.observable.Realm.runWithDefault(Realm.java:338)
2023-07-26 15:58:39,831 [ERROR] LogOutputStream:75 - [STDERR_REDIRECT] 	at org.eclipse.ui.internal.Workbench.createAndRunWorkbench(Workbench.java:551)
2023-07-26 15:58:39,833 [ERROR] LogOutputStream:75 - [STDERR_REDIRECT] 	at org.eclipse.ui.PlatformUI.createAndRunWorkbench(PlatformUI.java:156)
2023-07-26 15:58:39,836 [ERROR] LogOutputStream:75 - [STDERR_REDIRECT] 	at org.eclipse.ui.internal.ide.application.IDEApplication.start(IDEApplication.java:152)
2023-07-26 15:58:39,839 [ERROR] LogOutputStream:75 - [STDERR_REDIRECT] 	at org.eclipse.equinox.internal.app.EclipseAppHandle.run(EclipseAppHandle.java:203)
2023-07-26 15:58:39,842 [ERROR] LogOutputStream:75 - [STDERR_REDIRECT] 	at org.eclipse.core.runtime.internal.adaptor.EclipseAppLauncher.runApplication(EclipseAppLauncher.java:136)
2023-07-26 15:58:39,845 [ERROR] LogOutputStream:75 - [STDERR_REDIRECT] 	at org.eclipse.core.runtime.internal.adaptor.EclipseAppLauncher.start(EclipseAppLauncher.java:104)
2023-07-26 15:58:39,847 [ERROR] LogOutputStream:75 - [STDERR_REDIRECT] 	at org.eclipse.core.runtime.adaptor.EclipseStarter.run(EclipseStarter.java:401)
2023-07-26 15:58:39,850 [ERROR] LogOutputStream:75 - [STDERR_REDIRECT] 	at org.eclipse.core.runtime.adaptor.EclipseStarter.run(EclipseStarter.java:255)
2023-07-26 15:58:39,854 [ERROR] LogOutputStream:75 - [STDERR_REDIRECT] 	at java.base/jdk.internal.reflect.NativeMethodAccessorImpl.invoke0(Native Method)
2023-07-26 15:58:39,857 [ERROR] LogOutputStream:75 - [STDERR_REDIRECT] 	at java.base/jdk.internal.reflect.NativeMethodAccessorImpl.invoke(NativeMethodAccessorImpl.java:62)
2023-07-26 15:58:39,860 [ERROR] LogOutputStream:75 - [STDERR_REDIRECT] 	at java.base/jdk.internal.reflect.DelegatingMethodAccessorImpl.invoke(DelegatingMethodAccessorImpl.java:43)
2023-07-26 15:58:39,862 [ERROR] LogOutputStream:75 - [STDERR_REDIRECT] 	at java.base/java.lang.reflect.Method.invoke(Method.java:566)
2023-07-26 15:58:39,864 [ERROR] LogOutputStream:75 - [STDERR_REDIRECT] 	at org.eclipse.equinox.launcher.Main.invokeFramework(Main.java:659)
2023-07-26 15:58:39,866 [ERROR] LogOutputStream:75 - [STDERR_REDIRECT] 	at org.eclipse.equinox.launcher.Main.basicRun(Main.java:596)
2023-07-26 15:58:39,868 [ERROR] LogOutputStream:75 - [STDERR_REDIRECT] 	at org.eclipse.equinox.launcher.Main.run(Main.java:1467)
2023-07-26 15:59:01,922 [ERROR] LogOutputStream:75 - [STDERR_REDIRECT] org.eclipse.core.internal.resources.ResourceException(/USART_TRANSMIT/USART_transmit.launch)[275]: java.lang.Exception: A resource exists with a different case: '/USART_TRANSMIT/USART_transmit.launch'.
2023-07-26 15:59:01,926 [ERROR] LogOutputStream:75 - [STDERR_REDIRECT] 	at org.eclipse.core.internal.resources.ResourceException.provideStackTrace(ResourceException.java:42)
2023-07-26 15:59:01,929 [ERROR] LogOutputStream:75 - [STDERR_REDIRECT] 	at org.eclipse.core.internal.resources.ResourceException.<init>(ResourceException.java:38)
2023-07-26 15:59:01,933 [ERROR] LogOutputStream:75 - [STDERR_REDIRECT] 	at org.eclipse.core.internal.resources.Resource.checkDoesNotExist(Resource.java:318)
2023-07-26 15:59:01,937 [ERROR] LogOutputStream:75 - [STDERR_REDIRECT] 	at org.eclipse.core.internal.resources.Resource.checkDoesNotExist(Resource.java:296)
2023-07-26 15:59:01,939 [ERROR] LogOutputStream:75 - [STDERR_REDIRECT] 	at org.eclipse.core.internal.resources.File.create(File.java:109)
2023-07-26 15:59:01,943 [ERROR] LogOutputStream:75 - [STDERR_REDIRECT] 	at org.eclipse.core.internal.resources.File.create(File.java:181)
2023-07-26 15:59:01,946 [ERROR] LogOutputStream:75 - [STDERR_REDIRECT] 	at org.eclipse.debug.internal.core.LaunchConfigurationWorkingCopy.writeNewFile(LaunchConfigurationWorkingCopy.java:356)
2023-07-26 15:59:01,951 [ERROR] LogOutputStream:75 - [STDERR_REDIRECT] 	at org.eclipse.debug.internal.core.LaunchConfigurationWorkingCopy.doSave0(LaunchConfigurationWorkingCopy.java:259)
2023-07-26 15:59:01,954 [ERROR] LogOutputStream:75 - [STDERR_REDIRECT] 	at org.eclipse.core.internal.resources.Workspace.run(Workspace.java:2315)
2023-07-26 15:59:01,958 [ERROR] LogOutputStream:75 - [STDERR_REDIRECT] 	at org.eclipse.core.internal.resources.Workspace.run(Workspace.java:2340)
2023-07-26 15:59:01,962 [ERROR] LogOutputStream:75 - [STDERR_REDIRECT] 	at org.eclipse.debug.internal.core.LaunchConfigurationWorkingCopy.doSave(LaunchConfigurationWorkingCopy.java:226)
2023-07-26 15:59:01,966 [ERROR] LogOutputStream:75 - [STDERR_REDIRECT] 	at org.eclipse.debug.internal.core.LaunchConfigurationWorkingCopy.doSave(LaunchConfigurationWorkingCopy.java:187)
2023-07-26 15:59:01,970 [ERROR] LogOutputStream:75 - [STDERR_REDIRECT] 	at com.st.stm32cube.ide.mcu.debug.launch.ui.MCUDebugLaunchShortcut.createConfiguration(MCUDebugLaunchShortcut.java:94)
2023-07-26 15:59:01,973 [ERROR] LogOutputStream:75 - [STDERR_REDIRECT] 	at com.st.stm32cube.ide.mcu.debug.launch.oss.ui.DebugLaunchShortcut.launch(DebugLaunchShortcut.java:62)
2023-07-26 15:59:01,977 [ERROR] LogOutputStream:75 - [STDERR_REDIRECT] 	at com.st.stm32cube.ide.mcu.debug.launch.oss.ui.DebugLaunchShortcut.searchAndLaunch(DebugLaunchShortcut.java:172)
2023-07-26 15:59:01,981 [ERROR] LogOutputStream:75 - [STDERR_REDIRECT] 	at com.st.stm32cube.ide.mcu.debug.launch.ui.MCUDebugLaunchShortcut.launch(MCUDebugLaunchShortcut.java:115)
2023-07-26 15:59:01,985 [ERROR] LogOutputStream:75 - [STDERR_REDIRECT] 	at org.eclipse.debug.internal.ui.launchConfigurations.LaunchShortcutExtension.launch(LaunchShortcutExtension.java:430)
2023-07-26 15:59:01,989 [ERROR] LogOutputStream:75 - [STDERR_REDIRECT] 	at org.eclipse.debug.internal.ui.actions.LaunchShortcutAction.runInternal(LaunchShortcutAction.java:88)
2023-07-26 15:59:01,993 [ERROR] LogOutputStream:75 - [STDERR_REDIRECT] 	at org.eclipse.debug.internal.ui.actions.LaunchShortcutAction.runWithEvent(LaunchShortcutAction.java:135)
2023-07-26 15:59:01,996 [ERROR] LogOutputStream:75 - [STDERR_REDIRECT] 	at org.eclipse.jface.action.ActionContributionItem.handleWidgetSelection(ActionContributionItem.java:580)
2023-07-26 15:59:01,999 [ERROR] LogOutputStream:75 - [STDERR_REDIRECT] 	at org.eclipse.jface.action.ActionContributionItem.lambda$4(ActionContributionItem.java:414)
2023-07-26 15:59:02,001 [ERROR] LogOutputStream:75 - [STDERR_REDIRECT] 	at org.eclipse.swt.widgets.EventTable.sendEvent(EventTable.java:89)
2023-07-26 15:59:02,003 [ERROR] LogOutputStream:75 - [STDERR_REDIRECT] 	at org.eclipse.swt.widgets.Display.sendEvent(Display.java:4243)
2023-07-26 15:59:02,005 [ERROR] LogOutputStream:75 - [STDERR_REDIRECT] 	at org.eclipse.swt.widgets.Widget.sendEvent(Widget.java:1063)
2023-07-26 15:59:02,007 [ERROR] LogOutputStream:75 - [STDERR_REDIRECT] 	at org.eclipse.swt.widgets.Display.runDeferredEvents(Display.java:4060)
2023-07-26 15:59:02,009 [ERROR] LogOutputStream:75 - [STDERR_REDIRECT] 	at org.eclipse.swt.widgets.Display.readAndDispatch(Display.java:3632)
2023-07-26 15:59:02,013 [ERROR] LogOutputStream:75 - [STDERR_REDIRECT] 	at org.eclipse.e4.ui.internal.workbench.swt.PartRenderingEngine$5.run(PartRenderingEngine.java:1155)
2023-07-26 15:59:02,016 [ERROR] LogOutputStream:75 - [STDERR_REDIRECT] 	at org.eclipse.core.databinding.observable.Realm.runWithDefault(Realm.java:338)
2023-07-26 15:59:02,021 [ERROR] LogOutputStream:75 - [STDERR_REDIRECT] 	at org.eclipse.e4.ui.internal.workbench.swt.PartRenderingEngine.run(PartRenderingEngine.java:1046)
2023-07-26 15:59:02,024 [ERROR] LogOutputStream:75 - [STDERR_REDIRECT] 	at org.eclipse.e4.ui.internal.workbench.E4Workbench.createAndRunUI(E4Workbench.java:155)
2023-07-26 15:59:02,027 [ERROR] LogOutputStream:75 - [STDERR_REDIRECT] 	at org.eclipse.ui.internal.Workbench.lambda$3(Workbench.java:644)
2023-07-26 15:59:02,030 [ERROR] LogOutputStream:75 - [STDERR_REDIRECT] 	at org.eclipse.core.databinding.observable.Realm.runWithDefault(Realm.java:338)
2023-07-26 15:59:02,034 [ERROR] LogOutputStream:75 - [STDERR_REDIRECT] 	at org.eclipse.ui.internal.Workbench.createAndRunWorkbench(Workbench.java:551)
2023-07-26 15:59:02,036 [ERROR] LogOutputStream:75 - [STDERR_REDIRECT] 	at org.eclipse.ui.PlatformUI.createAndRunWorkbench(PlatformUI.java:156)
2023-07-26 15:59:02,039 [ERROR] LogOutputStream:75 - [STDERR_REDIRECT] 	at org.eclipse.ui.internal.ide.application.IDEApplication.start(IDEApplication.java:152)
2023-07-26 15:59:02,043 [ERROR] LogOutputStream:75 - [STDERR_REDIRECT] 	at org.eclipse.equinox.internal.app.EclipseAppHandle.run(EclipseAppHandle.java:203)
2023-07-26 15:59:02,046 [ERROR] LogOutputStream:75 - [STDERR_REDIRECT] 	at org.eclipse.core.runtime.internal.adaptor.EclipseAppLauncher.runApplication(EclipseAppLauncher.java:136)
2023-07-26 15:59:02,050 [ERROR] LogOutputStream:75 - [STDERR_REDIRECT] 	at org.eclipse.core.runtime.internal.adaptor.EclipseAppLauncher.start(EclipseAppLauncher.java:104)
2023-07-26 15:59:02,052 [ERROR] LogOutputStream:75 - [STDERR_REDIRECT] 	at org.eclipse.core.runtime.adaptor.EclipseStarter.run(EclipseStarter.java:401)
2023-07-26 15:59:02,055 [ERROR] LogOutputStream:75 - [STDERR_REDIRECT] 	at org.eclipse.core.runtime.adaptor.EclipseStarter.run(EclipseStarter.java:255)
2023-07-26 15:59:02,059 [ERROR] LogOutputStream:75 - [STDERR_REDIRECT] 	at java.base/jdk.internal.reflect.NativeMethodAccessorImpl.invoke0(Native Method)
2023-07-26 15:59:02,062 [ERROR] LogOutputStream:75 - [STDERR_REDIRECT] 	at java.base/jdk.internal.reflect.NativeMethodAccessorImpl.invoke(NativeMethodAccessorImpl.java:62)
2023-07-26 15:59:02,066 [ERROR] LogOutputStream:75 - [STDERR_REDIRECT] 	at java.base/jdk.internal.reflect.DelegatingMethodAccessorImpl.invoke(DelegatingMethodAccessorImpl.java:43)
2023-07-26 15:59:02,068 [ERROR] LogOutputStream:75 - [STDERR_REDIRECT] 	at java.base/java.lang.reflect.Method.invoke(Method.java:566)
2023-07-26 15:59:02,070 [ERROR] LogOutputStream:75 - [STDERR_REDIRECT] 	at org.eclipse.equinox.launcher.Main.invokeFramework(Main.java:659)
2023-07-26 15:59:02,072 [ERROR] LogOutputStream:75 - [STDERR_REDIRECT] 	at org.eclipse.equinox.launcher.Main.basicRun(Main.java:596)
2023-07-26 15:59:02,074 [ERROR] LogOutputStream:75 - [STDERR_REDIRECT] 	at org.eclipse.equinox.launcher.Main.run(Main.java:1467)
2023-07-26 17:13:03,277 [INFO] Activator:176 - 


2023-07-26 17:13:03,280 [INFO] Activator:177 - !SESSION log4j initialized
2023-07-26 17:13:15,862 [INFO] LogOutputStream:77 - [STDOUT_REDIRECT] 
2023-07-26 17:13:39,821 [ERROR] LogOutputStream:75 - [STDERR_REDIRECT] SLF4J: Failed to load class "org.slf4j.impl.StaticLoggerBinder".
2023-07-26 17:13:39,822 [ERROR] LogOutputStream:75 - [STDERR_REDIRECT] SLF4J: Defaulting to no-operation (NOP) logger implementation
2023-07-26 17:13:39,825 [ERROR] LogOutputStream:75 - [STDERR_REDIRECT] SLF4J: See http://www.slf4j.org/codes.html#StaticLoggerBinder for further details.
2023-07-26 17:32:11,120 [INFO] Activator:176 - 


2023-07-26 17:32:11,120 [INFO] Activator:177 - !SESSION log4j initialized
2023-07-26 17:32:54,940 [INFO] LogOutputStream:77 - [STDOUT_REDIRECT] 
2023-07-26 17:33:34,856 [ERROR] LogOutputStream:75 - [STDERR_REDIRECT] SLF4J: Failed to load class "org.slf4j.impl.StaticLoggerBinder".
2023-07-26 17:33:34,857 [ERROR] LogOutputStream:75 - [STDERR_REDIRECT] SLF4J: Defaulting to no-operation (NOP) logger implementation
2023-07-26 17:33:34,862 [ERROR] LogOutputStream:75 - [STDERR_REDIRECT] SLF4J: See http://www.slf4j.org/codes.html#StaticLoggerBinder for further details.
2023-07-26 17:39:15,914 [ERROR] LogOutputStream:75 - [STDERR_REDIRECT] Warning: NLS missing message: ExternalToolsPreferencePage_External_tool_project_builders_migration_2 in: org.eclipse.ui.externaltools.internal.ui.ExternalToolsUIMessages
2023-07-26 17:39:15,926 [ERROR] LogOutputStream:75 - [STDERR_REDIRECT] Warning: NLS missing message: ExternalToolsPreferencePage_Prompt_before_migrating_3 in: org.eclipse.ui.externaltools.internal.ui.ExternalToolsUIMessages
2023-07-26 17:39:15,958 [ERROR] LogOutputStream:75 - [STDERR_REDIRECT] Warning: NLS missing message: ExternalToolsPreferencePage_1 in: org.eclipse.ui.externaltools.internal.ui.ExternalToolsUIMessages
2023-07-26 17:45:57,974 [ERROR] LogOutputStream:75 - [STDERR_REDIRECT] Jul 26, 2023 5:45:57 PM java.util.prefs.WindowsPreferences WindowsRegOpenKey1
2023-07-26 17:45:57,997 [ERROR] LogOutputStream:75 - [STDERR_REDIRECT] WARNING: Trying to recreate Windows registry node Software\JavaSoft\Prefs\com\st\library\analyticscore at root 0xffffffff80000001.
2023-07-26 17:45:57,998 [ERROR] LogOutputStream:75 - [STDERR_REDIRECT] 
2023-07-26 19:35:10,704 [ERROR] LogOutputStream:75 - [STDERR_REDIRECT] 
2023-07-26 19:35:36,072 [INFO] Activator:176 - 


2023-07-26 19:35:36,077 [INFO] Activator:177 - !SESSION log4j initialized
2023-07-26 19:35:48,078 [INFO] LogOutputStream:77 - [STDOUT_REDIRECT] 
2023-07-26 19:36:28,337 [ERROR] LogOutputStream:75 - [STDERR_REDIRECT] SLF4J: Failed to load class "org.slf4j.impl.StaticLoggerBinder".
2023-07-26 19:36:28,339 [ERROR] LogOutputStream:75 - [STDERR_REDIRECT] SLF4J: Defaulting to no-operation (NOP) logger implementation
2023-07-26 19:36:28,339 [ERROR] LogOutputStream:75 - [STDERR_REDIRECT] SLF4J: See http://www.slf4j.org/codes.html#StaticLoggerBinder for further details.
2023-07-26 19:52:18,316 [ERROR] LogOutputStream:75 - [STDERR_REDIRECT] [Fatal Error] :1:1: Premature end of file.
2023-07-26 19:52:18,316 [ERROR] LogOutputStream:75 - [STDERR_REDIRECT] 
2023-07-26 19:52:19,301 [ERROR] LogOutputStream:75 - [STDERR_REDIRECT] [Fatal Error] :1:1: Premature end of file.
2023-07-26 19:52:19,301 [ERROR] LogOutputStream:75 - [STDERR_REDIRECT] 
2023-07-26 19:52:20,305 [ERROR] LogOutputStream:75 - [STDERR_REDIRECT] [Fatal Error] :1:1: Premature end of file.
2023-07-26 19:52:20,305 [ERROR] LogOutputStream:75 - [STDERR_REDIRECT] 
2023-07-26 19:52:21,305 [ERROR] LogOutputStream:75 - [STDERR_REDIRECT] [Fatal Error] :1:1: Premature end of file.
2023-07-26 19:52:21,305 [ERROR] LogOutputStream:75 - [STDERR_REDIRECT] 
2023-07-26 19:54:44,987 [INFO] Activator:176 - 


2023-07-26 19:54:45,002 [INFO] Activator:177 - !SESSION log4j initialized
2023-07-26 19:55:09,877 [INFO] LogOutputStream:77 - [STDOUT_REDIRECT] 
2023-07-26 19:55:52,577 [ERROR] LogOutputStream:75 - [STDERR_REDIRECT] SLF4J: Failed to load class "org.slf4j.impl.StaticLoggerBinder".
2023-07-26 19:55:52,578 [ERROR] LogOutputStream:75 - [STDERR_REDIRECT] SLF4J: Defaulting to no-operation (NOP) logger implementation
2023-07-26 19:55:52,582 [ERROR] LogOutputStream:75 - [STDERR_REDIRECT] SLF4J: See http://www.slf4j.org/codes.html#StaticLoggerBinder for further details.
