2023-06-14 11:40:33,671 [INFO] Activator:176 - 


2023-06-14 11:40:33,683 [INFO] Activator:177 - !SESSION log4j initialized
2023-06-14 11:40:46,400 [INFO] LogOutputStream:77 - [STDOUT_REDIRECT] 
2023-06-14 11:41:09,969 [ERROR] LogOutputStream:75 - [STDERR_REDIRECT] SLF4J: Failed to load class "org.slf4j.impl.StaticLoggerBinder".
2023-06-14 11:41:09,971 [ERROR] LogOutputStream:75 - [STDERR_REDIRECT] SLF4J: Defaulting to no-operation (NOP) logger implementation
2023-06-14 11:41:09,975 [ERROR] LogOutputStream:75 - [STDERR_REDIRECT] SLF4J: See http://www.slf4j.org/codes.html#StaticLoggerBinder for further details.
2023-06-14 13:10:24,446 [INFO] ApplicationProperties:184 - Using Application install path: C:\ST\STM32CubeIDE_1.12.1\STM32CubeIDE\plugins\com.st.stm32cube.common.mx_6.8.1.202304191431
2023-06-14 13:10:24,483 [INFO] DbMcusXml:78 - Set database path to: C:\ST\STM32CubeIDE_1.12.1\STM32CubeIDE\plugins\com.st.stm32cube.common.mx_6.8.1.202304191431\\db\/mcu/
2023-06-14 13:10:24,485 [INFO] ApiDb:274 - Set plugin database path to: C:\ST\STM32CubeIDE_1.12.1\STM32CubeIDE\plugins\com.st.stm32cube.common.mx_6.8.1.202304191431\\db\/plugins/boardmanager/
2023-06-14 13:10:24,487 [WARN] ApiDb:259 - Overriding images path with different value:  => C:\ST\STM32CubeIDE_1.12.1\STM32CubeIDE\plugins\com.st.stm32cube.common.mx_6.8.1.202304191431\\db\/plugins/mcufinder/images/
2023-06-14 13:10:24,518 [INFO] ApiDb:250 - Set database path to: C:\Users\mahon\.stmcufinder\plugins\mcufinder//mcu/
2023-06-14 13:10:24,522 [INFO] DbMcusAds:125 - Set database path to: C:\Users\mahon\.stmcufinder\plugins\mcufinder//mcu/
2023-06-14 13:10:24,616 [INFO] CrossReferenceDbSqlite:203 - Set database path to: C:\Users\mahon\.stmcufinder\plugins\mcufinder//mcu/cs/
2023-06-14 13:10:24,821 [INFO] RulesReader:64 - Compatibility file has been processed (293 Rules)
2023-06-14 13:10:24,978 [INFO] DbMcusXml:78 - Set database path to: C:\ST\STM32CubeIDE_1.12.1\STM32CubeIDE\plugins\com.st.stm32cube.common.mx_6.8.1.202304191431\\db\/mcu/
2023-06-14 13:10:24,978 [INFO] ApiDb:274 - Set plugin database path to: C:\ST\STM32CubeIDE_1.12.1\STM32CubeIDE\plugins\com.st.stm32cube.common.mx_6.8.1.202304191431\\db\/plugins/boardmanager/
2023-06-14 13:10:24,979 [INFO] ApiDb:261 - Set plugin images path to: C:\ST\STM32CubeIDE_1.12.1\STM32CubeIDE\plugins\com.st.stm32cube.common.mx_6.8.1.202304191431\\db\/plugins/mcufinder/images/
2023-06-14 13:10:24,979 [WARN] DbFile:41 - Overriding database path with different value: C:\Users\mahon\.stmcufinder\plugins\mcufinder/ => C:\Users\mahon\.stmcufinder\plugins\mcufinder
2023-06-14 13:10:24,979 [INFO] ApiDb:250 - Set database path to: C:\Users\mahon\.stmcufinder\plugins\mcufinder//mcu/
2023-06-14 13:10:24,980 [WARN] DbFile:41 - Overriding database path with different value: C:\Users\mahon\.stmcufinder\plugins\mcufinder/ => C:\Users\mahon\.stmcufinder\plugins\mcufinder
2023-06-14 13:10:24,980 [INFO] DbMcusAds:125 - Set database path to: C:\Users\mahon\.stmcufinder\plugins\mcufinder//mcu/
2023-06-14 13:10:24,980 [WARN] DbFile:41 - Overriding database path with different value: C:\Users\mahon\.stmcufinder\plugins\mcufinder/ => C:\Users\mahon\.stmcufinder\plugins\mcufinder
2023-06-14 13:10:24,980 [WARN] DbFile:41 - Overriding database path with different value: C:\Users\mahon\.stmcufinder\plugins\mcufinder/ => C:\Users\mahon\.stmcufinder\plugins\mcufinder
2023-06-14 13:10:24,980 [INFO] CrossReferenceDbSqlite:203 - Set database path to: C:\Users\mahon\.stmcufinder\plugins\mcufinder//mcu/cs/
2023-06-14 13:10:25,137 [INFO] MainPanel:253 - HeapMemory: 597688320
2023-06-14 13:10:25,354 [INFO] DbMcusXml:78 - Set database path to: C:\ST\STM32CubeIDE_1.12.1\STM32CubeIDE\plugins\com.st.stm32cube.common.mx_6.8.1.202304191431\\db\/mcu/
2023-06-14 13:10:25,354 [INFO] ApiDb:274 - Set plugin database path to: C:\ST\STM32CubeIDE_1.12.1\STM32CubeIDE\plugins\com.st.stm32cube.common.mx_6.8.1.202304191431\\db\/plugins/boardmanager/
2023-06-14 13:10:25,354 [INFO] ApiDb:261 - Set plugin images path to: C:\ST\STM32CubeIDE_1.12.1\STM32CubeIDE\plugins\com.st.stm32cube.common.mx_6.8.1.202304191431\\db\/plugins/mcufinder/images/
2023-06-14 13:10:25,356 [WARN] DbFile:41 - Overriding database path with different value: C:\Users\mahon\.stmcufinder\plugins\mcufinder/ => C:\Users\mahon\.stmcufinder\plugins\mcufinder
2023-06-14 13:10:25,356 [INFO] ApiDb:250 - Set database path to: C:\Users\mahon\.stmcufinder\plugins\mcufinder//mcu/
2023-06-14 13:10:25,356 [WARN] DbFile:41 - Overriding database path with different value: C:\Users\mahon\.stmcufinder\plugins\mcufinder/ => C:\Users\mahon\.stmcufinder\plugins\mcufinder
2023-06-14 13:10:25,356 [INFO] DbMcusAds:125 - Set database path to: C:\Users\mahon\.stmcufinder\plugins\mcufinder//mcu/
2023-06-14 13:10:25,356 [WARN] DbFile:41 - Overriding database path with different value: C:\Users\mahon\.stmcufinder\plugins\mcufinder/ => C:\Users\mahon\.stmcufinder\plugins\mcufinder
2023-06-14 13:10:25,356 [WARN] DbFile:41 - Overriding database path with different value: C:\Users\mahon\.stmcufinder\plugins\mcufinder/ => C:\Users\mahon\.stmcufinder\plugins\mcufinder
2023-06-14 13:10:25,356 [INFO] CrossReferenceDbSqlite:203 - Set database path to: C:\Users\mahon\.stmcufinder\plugins\mcufinder//mcu/cs/
2023-06-14 13:10:25,400 [INFO] ApplicationProperties:184 - Using Application install path: C:\ST\STM32CubeIDE_1.12.1\STM32CubeIDE\plugins\com.st.stm32cube.common.mx_6.8.1.202304191431
2023-06-14 13:10:25,403 [INFO] PluginManage:196 - Search for loadable plugins [exclusion list=, ]
2023-06-14 13:10:25,406 [INFO] PluginManage:310 - Check plugin analytics
2023-06-14 13:10:25,716 [INFO] AnalyticsPlugin:253 - Accepted Software Licenses: 
2023-06-14 13:10:25,717 [INFO] AnalyticsPlugin:255 - Accepted CMSIS Pack Licenses: 
2023-06-14 13:10:25,718 [INFO] AnalyticsPlugin:257 - Accepted Firmware Licenses: 
2023-06-14 13:10:25,728 [INFO] PluginManage:359 - Loaded plugin analytics (category:tool,tabindex:-1)
2023-06-14 13:10:25,729 [INFO] PluginManage:310 - Check plugin cadmodel
2023-06-14 13:10:25,746 [INFO] CADModel:105 - Init CAD model plugin
2023-06-14 13:10:25,747 [INFO] PluginManage:359 - Loaded plugin cadmodel (category:power,tabindex:5)
2023-06-14 13:10:25,748 [INFO] PluginManage:310 - Check plugin clock
2023-06-14 13:10:25,777 [INFO] PluginManage:359 - Loaded plugin clock (category:base,tabindex:2)
2023-06-14 13:10:25,777 [INFO] PluginManage:310 - Check plugin ddr
2023-06-14 13:10:25,784 [INFO] PluginManage:359 - Loaded plugin ddr (category:tool,tabindex:6)
2023-06-14 13:10:25,785 [INFO] PluginManage:310 - Check plugin filemanager
2023-06-14 13:10:26,082 [INFO] PluginManage:359 - Loaded plugin filemanager (category:base,tabindex:10)
2023-06-14 13:10:26,082 [INFO] PluginManage:310 - Check plugin ipmanager
2023-06-14 13:10:26,101 [INFO] PluginManage:359 - Loaded plugin ipmanager (category:base,tabindex:5)
2023-06-14 13:10:26,102 [INFO] PluginManage:310 - Check plugin lpbam
2023-06-14 13:10:26,127 [INFO] PluginManage:359 - Loaded plugin lpbam (category:base,tabindex:0)
2023-06-14 13:10:26,128 [INFO] PluginManage:310 - Check plugin pinoutandconfiguration
2023-06-14 13:10:26,153 [INFO] PluginManage:359 - Loaded plugin pinoutandconfiguration (category:base,tabindex:1)
2023-06-14 13:10:26,153 [INFO] PluginManage:310 - Check plugin pinoutconfig
2023-06-14 13:10:26,345 [WARN] SupportedApi:132 - Cannot load RTOS API schema: s4s-elt-must-match.1: The content of 'definitions' must match (annotation?, (simpleType | complexType)?, (unique | key | keyref)*)). A problem was found starting at: attribute.
2023-06-14 13:10:26,582 [INFO] PluginManage:359 - Loaded plugin pinoutconfig (category:base,tabindex:0)
2023-06-14 13:10:26,583 [INFO] PluginManage:310 - Check plugin power
2023-06-14 13:10:26,612 [INFO] PluginManage:359 - Loaded plugin power (category:power,tabindex:4)
2023-06-14 13:10:26,613 [INFO] PluginManage:310 - Check plugin projectmanager
2023-06-14 13:10:26,651 [INFO] PluginManage:359 - Loaded plugin projectmanager (category:projectmanager,tabindex:3)
2023-06-14 13:10:26,651 [INFO] PluginManage:310 - Check plugin thirdparty
2023-06-14 13:10:26,902 [INFO] PluginManage:359 - Loaded plugin thirdparty (category:base,tabindex:-1)
2023-06-14 13:10:26,902 [WARN] IntegrityCheckThread:84 - waiting for thirdparty lock release [integrity check]
2023-06-14 13:10:26,903 [INFO] IntegrityCheckThread:86 - entering critical section [integrity check]
2023-06-14 13:10:26,903 [INFO] PluginManage:310 - Check plugin tools
2023-06-14 13:10:26,905 [INFO] ThirdPartyUpdaterWithRetryManager:70 - Updater plugin not ready yet. [1/15]
2023-06-14 13:10:26,908 [INFO] PluginManage:359 - Loaded plugin tools (category:base,tabindex:7)
2023-06-14 13:10:26,909 [INFO] PluginManage:310 - Check plugin tutovideos
2023-06-14 13:10:27,286 [INFO] PluginManage:359 - Loaded plugin tutovideos (category:base,tabindex:-1)
2023-06-14 13:10:27,286 [INFO] PluginManage:310 - Check plugin updater
2023-06-14 13:10:27,319 [INFO] PluginManage:359 - Loaded plugin updater (category:base,tabindex:12)
2023-06-14 13:10:27,320 [INFO] PluginManage:283 - PluginManage : Loaded plugins [15]
2023-06-14 13:10:27,855 [INFO] PinOutPanel:1499 - setPackage(No Configuration,No Configuration)
2023-06-14 13:10:27,994 [INFO] CADModel:165 - CPN selected for project level
2023-06-14 13:10:27,994 [INFO] CADModel:114 - Register for checkConnection events
2023-06-14 13:10:28,040 [INFO] IPUIPlugin:80 - create IPUIPlugin
2023-06-14 13:10:28,041 [INFO] PluginManager:220 - loadIPPluginJar : add adc
2023-06-14 13:10:28,048 [INFO] IPUIPlugin:80 - create IPUIPlugin
2023-06-14 13:10:28,048 [INFO] PluginManager:220 - loadIPPluginJar : add aes
2023-06-14 13:10:28,055 [INFO] IPUIPlugin:80 - create IPUIPlugin
2023-06-14 13:10:28,055 [INFO] PluginManager:220 - loadIPPluginJar : add can
2023-06-14 13:10:28,060 [INFO] IPUIPlugin:80 - create IPUIPlugin
2023-06-14 13:10:28,060 [INFO] PluginManager:220 - loadIPPluginJar : add comp
2023-06-14 13:10:28,068 [INFO] IPUIPlugin:80 - create IPUIPlugin
2023-06-14 13:10:28,068 [INFO] PluginManager:220 - loadIPPluginJar : add cryp
2023-06-14 13:10:28,076 [INFO] IPUIPlugin:80 - create IPUIPlugin
2023-06-14 13:10:28,076 [INFO] PluginManager:220 - loadIPPluginJar : add dfsdm
2023-06-14 13:10:28,090 [INFO] IPUIPlugin:80 - create IPUIPlugin
2023-06-14 13:10:28,092 [INFO] PluginManager:220 - loadIPPluginJar : add dma
2023-06-14 13:10:28,098 [INFO] IPUIPlugin:80 - create IPUIPlugin
2023-06-14 13:10:28,098 [INFO] PluginManager:220 - loadIPPluginJar : add dma3
2023-06-14 13:10:28,102 [INFO] IPUIPlugin:80 - create IPUIPlugin
2023-06-14 13:10:28,102 [INFO] PluginManager:220 - loadIPPluginJar : add fatfs
2023-06-14 13:10:28,111 [INFO] IPUIPlugin:80 - create IPUIPlugin
2023-06-14 13:10:28,111 [INFO] PluginManager:220 - loadIPPluginJar : add fmc
2023-06-14 13:10:28,125 [INFO] IPUIPlugin:80 - create IPUIPlugin
2023-06-14 13:10:28,125 [INFO] PluginManager:220 - loadIPPluginJar : add freertos
2023-06-14 13:10:28,129 [INFO] IPUIPlugin:80 - create IPUIPlugin
2023-06-14 13:10:28,129 [INFO] PluginManager:220 - loadIPPluginJar : add genericplugin
2023-06-14 13:10:28,133 [INFO] IPUIPlugin:80 - create IPUIPlugin
2023-06-14 13:10:28,134 [INFO] PluginManager:220 - loadIPPluginJar : add gfxmmu
2023-06-14 13:10:28,144 [INFO] IPUIPlugin:80 - create IPUIPlugin
2023-06-14 13:10:28,145 [INFO] PluginManager:220 - loadIPPluginJar : add gic
2023-06-14 13:10:28,153 [INFO] IPUIPlugin:80 - create IPUIPlugin
2023-06-14 13:10:28,153 [INFO] PluginManager:220 - loadIPPluginJar : add gpio
2023-06-14 13:10:28,159 [INFO] IPUIPlugin:80 - create IPUIPlugin
2023-06-14 13:10:28,159 [INFO] PluginManager:220 - loadIPPluginJar : add gtzc
2023-06-14 13:10:28,164 [INFO] IPUIPlugin:80 - create IPUIPlugin
2023-06-14 13:10:28,164 [INFO] PluginManager:220 - loadIPPluginJar : add hash
2023-06-14 13:10:28,171 [INFO] IPUIPlugin:80 - create IPUIPlugin
2023-06-14 13:10:28,172 [INFO] PluginManager:220 - loadIPPluginJar : add i2c
2023-06-14 13:10:28,179 [INFO] IPUIPlugin:80 - create IPUIPlugin
2023-06-14 13:10:28,180 [INFO] PluginManager:220 - loadIPPluginJar : add i2s
2023-06-14 13:10:28,187 [INFO] IPUIPlugin:80 - create IPUIPlugin
2023-06-14 13:10:28,187 [INFO] PluginManager:220 - loadIPPluginJar : add i3c
2023-06-14 13:10:28,194 [INFO] IPUIPlugin:80 - create IPUIPlugin
2023-06-14 13:10:28,195 [INFO] PluginManager:220 - loadIPPluginJar : add ipddr
2023-06-14 13:10:28,215 [INFO] IPUIPlugin:80 - create IPUIPlugin
2023-06-14 13:10:28,215 [INFO] PluginManager:220 - loadIPPluginJar : add linkedlist
2023-06-14 13:10:28,222 [INFO] IPUIPlugin:80 - create IPUIPlugin
2023-06-14 13:10:28,223 [INFO] PluginManager:220 - loadIPPluginJar : add lorawan
2023-06-14 13:10:28,227 [INFO] IPUIPlugin:80 - create IPUIPlugin
2023-06-14 13:10:28,227 [INFO] PluginManager:220 - loadIPPluginJar : add ltdc
2023-06-14 13:10:28,245 [INFO] IPUIPlugin:80 - create IPUIPlugin
2023-06-14 13:10:28,246 [INFO] PluginManager:220 - loadIPPluginJar : add mdma
2023-06-14 13:10:28,256 [INFO] IPUIPlugin:80 - create IPUIPlugin
2023-06-14 13:10:28,256 [INFO] PluginManager:220 - loadIPPluginJar : add nvic
2023-06-14 13:10:28,264 [INFO] IPUIPlugin:80 - create IPUIPlugin
2023-06-14 13:10:28,265 [INFO] PluginManager:220 - loadIPPluginJar : add opamp
2023-06-14 13:10:28,273 [INFO] IPUIPlugin:80 - create IPUIPlugin
2023-06-14 13:10:28,273 [INFO] PluginManager:220 - loadIPPluginJar : add openamp
2023-06-14 13:10:28,281 [INFO] IPUIPlugin:80 - create IPUIPlugin
2023-06-14 13:10:28,281 [INFO] PluginManager:220 - loadIPPluginJar : add pdm2pcm
2023-06-14 13:10:28,297 [INFO] IPUIPlugin:80 - create IPUIPlugin
2023-06-14 13:10:28,302 [INFO] PluginManager:220 - loadIPPluginJar : add plateformsettings
2023-06-14 13:10:28,307 [INFO] IPUIPlugin:80 - create IPUIPlugin
2023-06-14 13:10:28,307 [INFO] PluginManager:220 - loadIPPluginJar : add quadspi
2023-06-14 13:10:28,318 [INFO] IPUIPlugin:80 - create IPUIPlugin
2023-06-14 13:10:28,318 [INFO] PluginManager:220 - loadIPPluginJar : add resmgrutility
2023-06-14 13:10:28,326 [INFO] IPUIPlugin:80 - create IPUIPlugin
2023-06-14 13:10:28,327 [INFO] PluginManager:220 - loadIPPluginJar : add sai
2023-06-14 13:10:28,333 [INFO] IPUIPlugin:80 - create IPUIPlugin
2023-06-14 13:10:28,333 [INFO] PluginManager:220 - loadIPPluginJar : add spi
2023-06-14 13:10:28,346 [INFO] IPUIPlugin:80 - create IPUIPlugin
2023-06-14 13:10:28,346 [INFO] PluginManager:220 - loadIPPluginJar : add stm32_wpan
2023-06-14 13:10:28,350 [INFO] IPUIPlugin:80 - create IPUIPlugin
2023-06-14 13:10:28,351 [INFO] PluginManager:220 - loadIPPluginJar : add tim
2023-06-14 13:10:28,359 [INFO] IPUIPlugin:80 - create IPUIPlugin
2023-06-14 13:10:28,359 [INFO] PluginManager:220 - loadIPPluginJar : add touchsensing
2023-06-14 13:10:28,364 [INFO] IPUIPlugin:80 - create IPUIPlugin
2023-06-14 13:10:28,364 [INFO] PluginManager:220 - loadIPPluginJar : add tracer_emb
2023-06-14 13:10:28,369 [INFO] IPUIPlugin:80 - create IPUIPlugin
2023-06-14 13:10:28,369 [INFO] PluginManager:220 - loadIPPluginJar : add ts
2023-06-14 13:10:28,373 [INFO] IPUIPlugin:80 - create IPUIPlugin
2023-06-14 13:10:28,373 [INFO] PluginManager:220 - loadIPPluginJar : add tsc
2023-06-14 13:10:28,378 [INFO] IPUIPlugin:80 - create IPUIPlugin
2023-06-14 13:10:28,378 [INFO] PluginManager:220 - loadIPPluginJar : add ucpd
2023-06-14 13:10:28,385 [INFO] IPUIPlugin:80 - create IPUIPlugin
2023-06-14 13:10:28,386 [INFO] PluginManager:220 - loadIPPluginJar : add usart
2023-06-14 13:10:28,393 [INFO] IPUIPlugin:80 - create IPUIPlugin
2023-06-14 13:10:28,393 [INFO] PluginManager:220 - loadIPPluginJar : add usbx
2023-06-14 13:10:28,590 [INFO] CADModel:165 - CPN selected for project level
2023-06-14 13:10:28,590 [INFO] CADModel:114 - Register for checkConnection events
2023-06-14 13:10:28,591 [FATAL] Updater:308 - Updater called before beeing initialized
2023-06-14 13:10:28,591 [ERROR] CADModel:125 - Updater not yet initialized, retry later 
2023-06-14 13:10:28,986 [INFO] CADModel:165 - CPN selected for project level
2023-06-14 13:10:28,986 [INFO] CADModel:114 - Register for checkConnection events
2023-06-14 13:10:28,986 [FATAL] Updater:308 - Updater called before beeing initialized
2023-06-14 13:10:28,986 [ERROR] CADModel:125 - Updater not yet initialized, retry later 
2023-06-14 13:10:28,996 [FATAL] Updater:308 - Updater called before beeing initialized
2023-06-14 13:10:29,249 [FATAL] Updater:308 - Updater called before beeing initialized
2023-06-14 13:10:29,266 [INFO] DbMcusAds:53 - JSON generation date=Tue Mar 07 09:50:55 CET 2023 (1678179055335)
2023-06-14 13:10:29,266 [FATAL] Updater:308 - Updater called before beeing initialized
2023-06-14 13:10:29,347 [WARN] DetailPanel:346 - Failed to get advertising image, set to default
2023-06-14 13:10:29,503 [FATAL] Updater:308 - Updater called before beeing initialized
2023-06-14 13:10:29,508 [FATAL] Updater:308 - Updater called before beeing initialized
2023-06-14 13:10:29,508 [FATAL] Updater:308 - Updater called before beeing initialized
2023-06-14 13:10:29,508 [WARN] DetailPanel:346 - Failed to get advertising image, set to default
2023-06-14 13:10:29,510 [FATAL] Updater:308 - Updater called before beeing initialized
2023-06-14 13:10:29,617 [ERROR] Updater:1120 - MainUpdater not yet initialized. External WinMGr cannot be set.
2023-06-14 13:10:29,621 [INFO] Updater:1056 - Updater Version found : 6.8.1
2023-06-14 13:10:29,659 [INFO] ApplicationProperties:184 - Using Application install path: C:\ST\STM32CubeIDE_1.12.1\STM32CubeIDE\plugins\com.st.stm32cube.common.mx_6.8.1.202304191431
2023-06-14 13:10:29,810 [INFO] MainUpdater:2854 - connection check result : 10
2023-06-14 13:10:29,812 [INFO] MainUpdater:283 - Updater Check For Update Now.
2023-06-14 13:10:29,812 [INFO] MicroXplorer:498 - Change Database Version : DB.6.0.81
2023-06-14 13:10:29,910 [WARN] MainUpdater:1187 - Updater busy. Cannot search thirdparties
2023-06-14 13:10:29,911 [INFO] ThirdPartyUpdaterWithRetryManager:96 - Updater plugin is busy. [1/15]
2023-06-14 13:10:30,041 [INFO] CheckServerUpdateThread:120 - End of CheckServer Thread
2023-06-14 13:10:30,233 [INFO] MainUpdater:2854 - connection check result : 10
2023-06-14 13:10:30,236 [INFO] MainUpdater:2854 - connection check result : 10
2023-06-14 13:10:30,321 [INFO] MicroXplorer:468 - Change Database Path : 
2023-06-14 13:10:30,322 [INFO] MicroXplorer:498 - Change Database Version : DB.6.0.81
2023-06-14 13:10:30,323 [WARN] ThirdParty:871 - waiting for thirdparty lock release [close project]
2023-06-14 13:10:33,248 [WARN] PackLoader:240 - Cannot read IP mode file for STMicroelectronics.X-CUBE-GNSS1.6.0.0
2023-06-14 13:10:33,298 [WARN] PackLoader:240 - Cannot read IP mode file for STMicroelectronics.X-CUBE-AZRTOS-F4.1.1.0
2023-06-14 13:10:33,317 [WARN] PackLoader:240 - Cannot read IP mode file for STMicroelectronics.X-CUBE-SMBUS.2.1.0
2023-06-14 13:10:33,348 [WARN] PackLoader:240 - Cannot read IP mode file for STMicroelectronics.X-CUBE-AZRTOS-F7.1.1.0
2023-06-14 13:10:33,496 [WARN] PackLoader:240 - Cannot read IP mode file for STMicroelectronics.X-CUBE-MEMS1.9.6.0
2023-06-14 13:10:33,805 [ERROR] RealEvaluatedCondition:428 - Found unsupported composite condition: CLASS='Data Exchange' GROUP='STM32_MetaDataManager'
2023-06-14 13:10:33,805 [ERROR] RealEvaluatedCondition:428 - Found unsupported composite condition: GROUP='STM32_MetaDataManager' CLASS='Data Exchange'
2023-06-14 13:10:33,807 [WARN] PackLoader:240 - Cannot read IP mode file for STMicroelectronics.FP-SNS-MOTENV1.4.3.0
2023-06-14 13:10:33,816 [WARN] PackLoader:240 - Cannot read IP mode file for STMicroelectronics.FP-SNS-FLIGHT1.5.0.0
2023-06-14 13:10:33,821 [ERROR] RealEvaluatedCondition:428 - Found unsupported composite condition: CLASS='Data Exchange' GROUP='STM32_MetaDataManager'
2023-06-14 13:10:33,822 [ERROR] RealEvaluatedCondition:428 - Found unsupported composite condition: GROUP='STM32_MetaDataManager' CLASS='Data Exchange'
2023-06-14 13:10:33,824 [WARN] PackLoader:240 - Cannot read IP mode file for STMicroelectronics.FP-SNS-MOTENV1.4.3.1
2023-06-14 13:10:33,831 [WARN] PackLoader:240 - Cannot read IP mode file for STMicroelectronics.FP-SNS-FLIGHT1.5.0.1
2023-06-14 13:10:33,841 [WARN] PackLoader:240 - Cannot read IP mode file for STMicroelectronics.X-CUBE-BLE1.6.2.4
2023-06-14 13:10:33,854 [WARN] PackLoader:240 - Cannot read IP mode file for emotas.I-CUBE-CANOPEN.1.1.3
2023-06-14 13:10:33,868 [WARN] PackLoader:240 - Cannot read IP mode file for STMicroelectronics.X-CUBE-BLEMGR.2.0.0
2023-06-14 13:10:33,881 [WARN] PackLoader:240 - Cannot read IP mode file for STMicroelectronics.X-CUBE-NFC4.2.0.5
2023-06-14 13:10:33,907 [WARN] ConditionMgr:438 - getConditionDescription Invalid condition id : UX DEVICE CLASS RTOS Condition cause : null
2023-06-14 13:10:33,907 [WARN] ConditionMgr:438 - getConditionDescription Invalid condition id : UX DEVICE CLASS RTOS Condition cause : null
2023-06-14 13:10:33,913 [WARN] PackLoader:240 - Cannot read IP mode file for STMicroelectronics.X-CUBE-AZRTOS-H7.3.1.0
2023-06-14 13:10:33,915 [WARN] ConditionMgr:1039 - genDependencies : Invalid condition id : UX DEVICE CLASS RTOS Condition cause : null
2023-06-14 13:10:33,915 [WARN] ConditionMgr:1039 - genDependencies : Invalid condition id : UX DEVICE CLASS RTOS Condition cause : null
2023-06-14 13:10:33,916 [WARN] ConditionMgr:1039 - genDependencies : Invalid condition id : UX DEVICE CLASS RTOS Condition cause : null
2023-06-14 13:10:33,917 [WARN] ConditionMgr:1039 - genDependencies : Invalid condition id : UX DEVICE CLASS RTOS Condition cause : null
2023-06-14 13:10:33,917 [WARN] ConditionMgr:1039 - genDependencies : Invalid condition id : UX DEVICE CLASS RTOS Condition cause : null
2023-06-14 13:10:33,930 [WARN] PackLoader:240 - Cannot read IP mode file for STMicroelectronics.X-CUBE-DISPLAY.3.0.0
2023-06-14 13:10:33,945 [WARN] PackLoader:240 - Cannot read IP mode file for wolfSSL.I-CUBE-wolfSSL.5.5.3
2023-06-14 13:10:33,955 [WARN] PackLoader:240 - Cannot read IP mode file for STMicroelectronics.X-CUBE-NFC7.1.0.0
2023-06-14 13:10:33,968 [INFO] LogOutputStream:77 - [STDOUT_REDIRECT] 1 : Invalid condition id : UX_CORESTACK_Condition cause : null
2023-06-14 13:10:33,969 [INFO] LogOutputStream:77 - [STDOUT_REDIRECT] 1 : Invalid condition id : UX_CORESTACK_Condition cause : null
2023-06-14 13:10:33,971 [INFO] LogOutputStream:77 - [STDOUT_REDIRECT] 1 : Invalid condition id : UX_CORESTACK_Condition cause : null
2023-06-14 13:10:33,973 [INFO] LogOutputStream:77 - [STDOUT_REDIRECT] 1 : Invalid condition id : UX_CORESTACK_Condition cause : null
2023-06-14 13:10:33,975 [INFO] LogOutputStream:77 - [STDOUT_REDIRECT] 1 : Invalid condition id : UX_CORESTACK_Condition cause : null
2023-06-14 13:10:33,981 [WARN] PackLoader:240 - Cannot read IP mode file for STMicroelectronics.X-CUBE-AZRTOS-WL.2.0.0
2023-06-14 13:10:34,008 [WARN] ConditionMgr:438 - getConditionDescription Invalid condition id : LAN8742 Phy interface Condition cause : null
2023-06-14 13:10:34,009 [WARN] PackLoader:240 - Cannot read IP mode file for STMicroelectronics.X-CUBE-AZRTOS-L4.2.0.0
2023-06-14 13:10:34,011 [WARN] ConditionMgr:1039 - genDependencies : Invalid condition id : LAN8742 Phy interface Condition cause : null
2023-06-14 13:10:34,011 [WARN] ConditionMgr:1039 - genDependencies : Invalid condition id : LAN8742 Phy interface Condition cause : null
2023-06-14 13:10:34,012 [WARN] ConditionMgr:1039 - genDependencies : Invalid condition id : LAN8742 Phy interface Condition cause : null
2023-06-14 13:10:34,030 [WARN] PackLoader:240 - Cannot read IP mode file for WES.I-CUBE-Cesium.1.3.0
2023-06-14 13:10:34,042 [WARN] PackLoader:240 - Cannot read IP mode file for STMicroelectronics.X-CUBE-SFXS2LP1.4.0.0
2023-06-14 13:10:34,051 [WARN] PackLoader:240 - Cannot read IP mode file for STMicroelectronics.X-CUBE-BLE2.3.3.0
2023-06-14 13:10:34,058 [WARN] PackLoader:240 - Cannot read IP mode file for STMicroelectronics.X-CUBE-DISPLAY.2.2.0
2023-06-14 13:10:34,075 [WARN] PackLoader:240 - Cannot read IP mode file for STMicroelectronics.X-CUBE-TOF1.3.2.0
2023-06-14 13:10:34,118 [WARN] PackLoader:240 - Cannot read IP mode file for STMicroelectronics.X-CUBE-AZRTOS-H7.3.0.0
2023-06-14 13:10:34,131 [WARN] PackLoader:240 - Cannot read IP mode file for STMicroelectronics.X-CUBE-ISPU.1.1.0
2023-06-14 13:10:34,145 [WARN] PackLoader:240 - Cannot read IP mode file for RoweBots.I-CUBE-UNISONRTOS.5.5.0-4
2023-06-14 13:10:34,176 [WARN] PackLoader:240 - Cannot read IP mode file for STMicroelectronics.X-CUBE-AZRTOS-H7.2.1.0
2023-06-14 13:10:34,188 [WARN] PackLoader:240 - Cannot read IP mode file for STMicroelectronics.X-CUBE-AI.8.0.0
2023-06-14 13:10:34,197 [WARN] PackLoader:240 - Cannot read IP mode file for STMicroelectronics.X-CUBE-FREERTOS.1.0.0
2023-06-14 13:10:34,204 [WARN] PackLoader:240 - Cannot read IP mode file for STMicroelectronics.X-CUBE-FREERTOS.1.0.1
2023-06-14 13:10:34,212 [WARN] PackLoader:240 - Cannot read IP mode file for STMicroelectronics.X-CUBE-TOUCHGFX.4.21.1
2023-06-14 13:10:34,216 [WARN] PackLoader:240 - Cannot read IP mode file for STMicroelectronics.X-CUBE-TOUCHGFX.4.21.0
2023-06-14 13:10:34,222 [WARN] PackLoader:240 - Cannot read IP mode file for STMicroelectronics.X-CUBE-TOUCHGFX.4.21.3
2023-06-14 13:10:34,228 [WARN] PackLoader:240 - Cannot read IP mode file for STMicroelectronics.X-CUBE-TOUCHGFX.4.21.4
2023-06-14 13:10:34,276 [WARN] PackLoader:240 - Cannot read IP mode file for STMicroelectronics.X-CUBE-MEMS1.9.4.0
2023-06-14 13:10:34,485 [WARN] PackLoader:240 - Cannot read IP mode file for STMicroelectronics.X-CUBE-AI.7.3.0
2023-06-14 13:10:34,496 [WARN] PackLoader:240 - Cannot read IP mode file for STMicroelectronics.X-CUBE-ALGOBUILD.1.3.0
2023-06-14 13:10:34,530 [WARN] PackLoader:240 - Cannot read IP mode file for STMicroelectronics.X-CUBE-AZRTOS-L5.1.1.0
2023-06-14 13:10:34,566 [WARN] PackLoader:240 - Cannot read IP mode file for STMicroelectronics.X-CUBE-AZRTOS-G0.1.1.0
2023-06-14 13:10:34,577 [WARN] PackLoader:240 - Cannot read IP mode file for STMicroelectronics.X-CUBE-AI.8.0.1
2023-06-14 13:10:34,601 [WARN] PackLoader:240 - Cannot read IP mode file for STMicroelectronics.X-CUBE-SUBG2.5.0.0
2023-06-14 13:10:34,626 [WARN] PackLoader:240 - Cannot read IP mode file for STMicroelectronics.X-CUBE-NFC4.3.0.0
2023-06-14 13:10:34,653 [WARN] PackLoader:240 - Cannot read IP mode file for STMicroelectronics.X-CUBE-AZRTOS-G4.2.0.0
2023-06-14 13:10:34,753 [WARN] PackLoader:240 - Cannot read IP mode file for STMicroelectronics.X-CUBE-TOF1.3.3.0
2023-06-14 13:10:34,784 [WARN] PackLoader:240 - Cannot read IP mode file for STMicroelectronics.FP-ATR-ASTRA1.1.1.1
2023-06-14 13:10:34,797 [WARN] PackLoader:240 - Cannot read IP mode file for STMicroelectronics.X-CUBE-BLEMGR.1.3.0
2023-06-14 13:10:34,822 [WARN] PackLoader:240 - Cannot read IP mode file for STMicroelectronics.X-CUBE-AZRTOS-G4.1.0.0
2023-06-14 13:10:34,835 [WARN] PackLoader:240 - Cannot read IP mode file for STMicroelectronics.FP-ATR-SIGFOX1.3.2.0
2023-06-14 13:10:34,860 [WARN] PackLoader:240 - Cannot read IP mode file for STMicroelectronics.X-CUBE-AZRTOS-L4.1.0.0
2023-06-14 13:10:34,869 [WARN] PackLoader:240 - Cannot read IP mode file for STMicroelectronics.X-CUBE-TOUCHGFX.4.20.0
2023-06-14 13:10:34,888 [WARN] PackLoader:240 - Cannot read IP mode file for STMicroelectronics.X-CUBE-AZRTOS-WL.1.0.0
2023-06-14 13:10:34,902 [WARN] PackLoader:240 - Cannot read IP mode file for portGmbH.I-Cube-SoM-uGOAL.1.1.0
2023-06-14 13:10:34,910 [WARN] PackLoader:240 - Cannot read IP mode file for STMicroelectronics.X-CUBE-ALS.1.0.1
2023-06-14 13:10:34,973 [WARN] PackLoader:240 - Cannot read IP mode file for STMicroelectronics.X-CUBE-MEMS1.9.5.0
2023-06-14 13:10:35,284 [WARN] PackLoader:240 - Cannot read IP mode file for STMicroelectronics.X-CUBE-AZRTOS-WB.1.1.0
2023-06-14 13:10:35,340 [WARN] PackLoader:240 - Cannot read IP mode file for SEGGER.I-CUBE-embOS.1.3.1
2023-06-14 13:10:35,408 [WARN] PackLoader:240 - Cannot read IP mode file for STMicroelectronics.X-CUBE-EEPRMA1.3.1.1
2023-06-14 13:10:35,474 [WARN] PackLoader:240 - Cannot read IP mode file for SEGGER.I-CUBE-embOS.1.3.0
2023-06-14 13:10:35,576 [WARN] PackLoader:240 - Cannot read IP mode file for STMicroelectronics.FP-ATR-ASTRA1.2.0.0
2023-06-14 13:10:35,579 [INFO] ThirdParty:978 - Integrity check success = true
2023-06-14 13:10:35,580 [INFO] IntegrityCheckThread:100 - exiting critical section [integrity check]
2023-06-14 13:10:35,580 [INFO] IntegrityCheckThread:103 - End integrity checks thread
2023-06-14 13:10:35,580 [INFO] ThirdParty:873 - entering critical section [close project]
2023-06-14 13:10:35,582 [INFO] ThirdParty:883 - exiting critical section [close project]
2023-06-14 13:10:35,591 [INFO] PinOutPanel:1499 - setPackage(No Configuration,No Configuration)
2023-06-14 13:10:35,600 [INFO] UtilMem:75 - Begin LoadConfig() Used Memory: 175379368 Bytes (597688320)
2023-06-14 13:10:35,602 [INFO] MicroXplorer:468 - Change Database Path : 
2023-06-14 13:10:35,603 [INFO] MicroXplorer:498 - Change Database Version : DB.6.0.81
2023-06-14 13:10:35,603 [INFO] OpenFileManager:308 - Change cursor
2023-06-14 13:10:35,691 [INFO] Mcu:1937 - Initializing MCU STM32F429ZITx STM32F429ZITx STM32F429ZIT6
2023-06-14 13:10:40,136 [INFO] Context:659 - Trying to add GPIOservice into a context  which must be forbidden
2023-06-14 13:10:41,765 [INFO] RtosManager:555 - Registered RTOS mode: class=CMSIS, group=RTOS, mode=CMSIS_V1, owner=FREERTOS
2023-06-14 13:10:41,766 [INFO] RtosManager:555 - Registered RTOS mode: class=CMSIS, group=RTOS2, mode=CMSIS_V2, owner=FREERTOS
2023-06-14 13:10:41,766 [INFO] RtosManager:555 - Registered RTOS mode: class=RTOS, group=Core, mode=CMSIS_V1, owner=FREERTOS
2023-06-14 13:10:41,766 [INFO] RtosManager:555 - Registered RTOS mode: class=RTOS, group=Core, mode=CMSIS_V2, owner=FREERTOS
2023-06-14 13:10:41,766 [WARN] ModelIntegratedComponent:184 - Missing modes for component STMicroelectronics:FreeRTOS:0.0.1:STMicroelectronics:RTOS:FreeRTOS:Core:::10.2.0:
2023-06-14 13:10:41,812 [WARN] ModelIntegratedComponent:63 - No mode defined for component null
2023-06-14 13:10:41,812 [WARN] ModelIntegratedComponent:63 - No mode defined for component null
2023-06-14 13:10:41,812 [WARN] ModelIntegratedComponent:63 - No mode defined for component null
2023-06-14 13:10:41,812 [WARN] ModelIntegratedComponent:63 - No mode defined for component null
2023-06-14 13:10:41,812 [WARN] ModelIntegratedComponent:63 - No mode defined for component null
2023-06-14 13:10:41,812 [WARN] ModelIntegratedComponent:63 - No mode defined for component null
2023-06-14 13:10:41,812 [WARN] ModelIntegratedComponent:63 - No mode defined for component null
2023-06-14 13:10:41,812 [WARN] ModelIntegratedComponent:63 - No mode defined for component null
2023-06-14 13:10:41,812 [WARN] ModelIntegratedComponent:63 - No mode defined for component null
2023-06-14 13:10:41,812 [WARN] ModelIntegratedComponent:63 - No mode defined for component null
2023-06-14 13:10:41,812 [WARN] ModelIntegratedComponent:63 - No mode defined for component null
2023-06-14 13:10:41,812 [WARN] ModelIntegratedComponent:63 - No mode defined for component null
2023-06-14 13:10:41,813 [WARN] ModelIntegratedComponent:63 - No mode defined for component null
2023-06-14 13:10:41,813 [WARN] ModelIntegratedComponent:63 - No mode defined for component null
2023-06-14 13:10:41,813 [WARN] ModelIntegratedComponent:63 - No mode defined for component null
2023-06-14 13:10:41,813 [WARN] ModelIntegratedComponent:63 - No mode defined for component null
2023-06-14 13:10:41,813 [WARN] ModelIntegratedComponent:63 - No mode defined for component null
2023-06-14 13:10:41,813 [WARN] ModelIntegratedComponent:63 - No mode defined for component null
2023-06-14 13:10:41,813 [WARN] ModelIntegratedComponent:63 - No mode defined for component null
2023-06-14 13:10:41,813 [WARN] ModelIntegratedComponent:63 - No mode defined for component null
2023-06-14 13:10:41,813 [WARN] ModelIntegratedComponent:63 - No mode defined for component null
2023-06-14 13:10:41,813 [WARN] ModelIntegratedComponent:63 - No mode defined for component null
2023-06-14 13:10:41,813 [WARN] ModelIntegratedComponent:63 - No mode defined for component null
2023-06-14 13:10:41,814 [WARN] ModelIntegratedComponent:63 - No mode defined for component null
2023-06-14 13:10:41,814 [WARN] ModelIntegratedComponent:63 - No mode defined for component null
2023-06-14 13:10:41,814 [WARN] ModelIntegratedComponent:63 - No mode defined for component null
2023-06-14 13:10:41,814 [WARN] ModelIntegratedComponent:63 - No mode defined for component null
2023-06-14 13:10:41,814 [WARN] ModelIntegratedComponent:63 - No mode defined for component null
2023-06-14 13:10:41,814 [WARN] ModelIntegratedComponent:63 - No mode defined for component null
2023-06-14 13:10:41,814 [WARN] ModelIntegratedComponent:63 - No mode defined for component null
2023-06-14 13:10:41,814 [WARN] ModelIntegratedComponent:63 - No mode defined for component null
2023-06-14 13:10:41,814 [WARN] ModelIntegratedComponent:63 - No mode defined for component null
2023-06-14 13:10:41,814 [WARN] ModelIntegratedComponent:63 - No mode defined for component null
2023-06-14 13:10:41,955 [INFO] ThirdPartyModel:298 - Start build external matchings
2023-06-14 13:10:43,108 [INFO] ThirdPartyModel:316 - End build external matchings
2023-06-14 13:10:44,231 [INFO] UtilMem:75 - End LoadConfig() Used Memory: 352016320 Bytes (597688320)
2023-06-14 13:10:44,411 [INFO] ApiDb:581 - Connected to CubeFinder SQLite database (C:\Users\mahon\.stmcufinder\plugins\mcufinder\mcu\cube-finder-db.db)
2023-06-14 13:10:44,555 [INFO] ApiDb:668 - CubeFinder database Data Model version=2.1
2023-06-14 13:10:44,555 [INFO] ApiDb:669 - CubeFinder database Configuration version=3.0.35
2023-06-14 13:10:44,556 [INFO] ApiDb:670 - CubeFinder database generation date=2023-05-12 (1683877179)
2023-06-14 13:10:44,556 [INFO] ApiDb:671 - CubeFinder database FW Pack versions=[FP-ATR-ASTRA1_V2.0.0, FP-SNS-FLIGHT1_V5.0.0, FP-SNS-MOTENV1_V4.3.0, STM32Cube_FW_C0_V1.0.1, STM32Cube_FW_F0_V1.11.4, STM32Cube_FW_F3_V1.11.4, STM32Cube_FW_F4_V1.27.1, STM32Cube_FW_F7_V1.17.0, STM32Cube_FW_G0_V1.6.1, STM32Cube_FW_G4_V1.5.1, STM32Cube_FW_H5_V0.5.1, STM32Cube_FW_H5_V1.0.0, STM32Cube_FW_H7_V1.11.0, STM32Cube_FW_L0_V1.12.2, STM32Cube_FW_L5_V1.5.0, STM32Cube_FW_U5_V1.2.0, STM32Cube_FW_WBA_V1.0.0, STM32Cube_FW_WBA_V1.0.0RC1, STM32Cube_FW_WBA_V1.0.0RC3, STM32Cube_FW_WB_V1.15.0RC1, STM32Cube_FW_WB_V1.16.0, STM32Cube_FW_WB_V1.16.0RC2, STM32Cube_FW_WL_V1.3.0, X-CUBE-ALGOBUILD_V1.3.0, X-CUBE-ALS_V1.0.1, X-CUBE-AZRTOS-F4_V1.1.0, X-CUBE-AZRTOS-F7_V1.1.0, X-CUBE-AZRTOS-G0_V1.1.0, X-CUBE-AZRTOS-G4_V2.0.0, X-CUBE-AZRTOS-H7_V3.1.0, X-CUBE-AZRTOS-L4_V1.0.0, X-CUBE-AZRTOS-L5_V1.1.0, X-CUBE-AZRTOS-WB_V1.1.0, X-CUBE-AZRTOS-WL_V1.0.0, X-CUBE-BLE1_V6.2.4, X-CUBE-BLE2_V3.3.0, X-CUBE-BLEMGR_V2.0.0, X-CUBE-EEPRMA1_V4.1.0, X-CUBE-FREERTOS_V1.0.1, X-CUBE-GNSS1_V6.0.0, X-CUBE-MEMS1_V9.1.0, X-CUBE-MEMS1_V9.4.0, X-CUBE-MEMS1_V9.6.0, X-CUBE-NFC4_V3.0.0, X-CUBE-NFC7_V1.0.0, X-CUBE-SFXS2LP1_V4.0.0, X-CUBE-SUBG2_V5.0.0]
2023-06-14 13:10:48,530 [INFO] ApiDb:240 - Found 297 in-development CPN: [B-G473E-ZEST1S, B-WB1M-WPAN1, B-WL5M-SUBG1, NUCLEO-C031C6, NUCLEO-H503RB, NUCLEO-H563ZI, NUCLEO-U545RE-Q, NUCLEO-U5A5ZJ-Q, NUCLEO-WBA52CG, STEVAL-PROTEUS1, STEVAL-STWINBX1, STM320518-EVAL, STM32C0116-DK, STM32C011D6Y3TR, STM32C011D6Y6TR, STM32C011F4P3, STM32C011F4P6, STM32C011F4U3, STM32C011F4U6TR, STM32C011F6P3, STM32C011F6P6, STM32C011F6U3, STM32C011F6U6TR, STM32C011J4M3, STM32C011J4M6, STM32C011J6M3, STM32C011J6M6, STM32C0316-DK, STM32C031C4T3, STM32C031C4T6, STM32C031C4U3, STM32C031C4U6, STM32C031C6T3, STM32C031C6T6, STM32C031C6U3, STM32C031C6U6, STM32C031F4P3, STM32C031F4P6, STM32C031F6P3, STM32C031F6P6, STM32C031G4U3, STM32C031G4U6, STM32C031G6U3, STM32C031G6U6, STM32C031K4T3, STM32C031K4T6, STM32C031K4U3, STM32C031K4U6, STM32C031K6T3, STM32C031K6T6, STM32C031K6U3, STM32C031K6U6, STM32G071K8TXN, STM32G071K8UXN, STM32G081GBU6N, STM32G081KBT6N, STM32G081KBUXN, STM32G0B1CCT6N, STM32G0B1KCT6, STM32G0B1NEY6TR, STM32G0B1RCT6N, STM32G0C1CCT6, STM32G0C1CCT6N, STM32G0C1CCU6N, STM32G0C1CET6N, STM32G0C1CEU6N, STM32G0C1KCT6, STM32G0C1NEY6TR, STM32G0C1RCI6N, STM32G0C1RCT6N, STM32G0C1REI6N, STM32G0C1RET6N, STM32G0C1VCI6, STM32G0C1VEI6, STM32G471CCT6, STM32G471CCU6, STM32G471CET3, STM32G471CET6, STM32G471CEU3, STM32G471CEU6, STM32G471MCT6, STM32G471MET3, STM32G471MET6, STM32G471MEY6TR, STM32G471QCT6, STM32G471QET3, STM32G471RCT6, STM32G471RET3, STM32G471RET6, STM32G471VCH6, STM32G471VCI6, STM32G471VCT6, STM32G471VEH3, STM32G471VEH6, STM32G471VEI3, STM32G471VEI6, STM32G471VET3, STM32G471VET6, STM32G474CCT6, STM32H503CBT6, STM32H503CBU6, STM32H503EBY6TR, STM32H503KBU6, STM32H503RBT6, STM32H562AGI6, STM32H562AII6, STM32H562IGK6, STM32H562IGT6, STM32H562IIK6, STM32H562IIT6, STM32H562RGT6, STM32H562RGV6, STM32H562RIT6, STM32H562RIV6, STM32H562VGT6, STM32H562VIT6, STM32H562ZGT6, STM32H562ZIT6, STM32H563AGI6, STM32H563AII3Q, STM32H563AII6, STM32H563IGK6, STM32H563IGT6, STM32H563IIK3Q, STM32H563IIK6, STM32H563IIT3Q, STM32H563IIT6, STM32H563MIY3QTR, STM32H563RGT6, STM32H563RGV6, STM32H563RIT6, STM32H563RIV6, STM32H563VGT6, STM32H563VIT3Q, STM32H563VIT6, STM32H563ZGT6, STM32H563ZIT3Q, STM32H563ZIT6, STM32H573AII3Q, STM32H573AII6, STM32H573I-DK, STM32H573IIK3Q, STM32H573IIK6, STM32H573IIT3Q, STM32H573IIT6, STM32H573MIY3QTR, STM32H573RIT6, STM32H573RIV6, STM32H573VIT3Q, STM32H573VIT6, STM32H573ZIT3Q, STM32H573ZIT6, STM32L4R5QGI6STR, STM32MP131AAE3, STM32MP131AAF3, STM32MP131AAG3, STM32MP131CAE3, STM32MP131CAF3, STM32MP131CAG3, STM32MP131DAE7, STM32MP131DAF7, STM32MP131DAG7, STM32MP131FAE7, STM32MP131FAF7, STM32MP131FAG7, STM32MP133AAE3, STM32MP133AAF3, STM32MP133AAG3, STM32MP133CAE3, STM32MP133CAF3, STM32MP133CAG3, STM32MP133DAE7, STM32MP133DAF7, STM32MP133DAG7, STM32MP133FAE7, STM32MP133FAF7, STM32MP133FAG7, STM32MP135AAE3, STM32MP135AAF3, STM32MP135AAG3, STM32MP135CAE3, STM32MP135CAF3, STM32MP135CAG3, STM32MP135DAE7, STM32MP135DAF7, STM32MP135DAG7, STM32MP135F-DK, STM32MP135FAE7, STM32MP135FAF7, STM32MP135FAF7T, STM32MP135FAF7U, STM32MP135FAG7, STM32U535CBT6, STM32U535CBT6Q, STM32U535CBU6, STM32U535CBU6Q, STM32U535CCT6, STM32U535CCT6Q, STM32U535CCU6, STM32U535CCU6Q, STM32U535CET6, STM32U535CET6Q, STM32U535CEU6, STM32U535CEU6Q, STM32U535JEY6QTR, STM32U535NCY6QTR, STM32U535NEY6QTR, STM32U535RBI6, STM32U535RBI6Q, STM32U535RBT6, STM32U535RBT6Q, STM32U535RCI6, STM32U535RCI6Q, STM32U535RCT6, STM32U535RCT6Q, STM32U535REI6, STM32U535REI6Q, STM32U535RET6, STM32U535RET6Q, STM32U535VCI6, STM32U535VCI6Q, STM32U535VCT6, STM32U535VCT6Q, STM32U535VEI6, STM32U535VEI6Q, STM32U535VET6, STM32U535VET6Q, STM32U545CET6, STM32U545CET6Q, STM32U545CEU6, STM32U545CEU6Q, STM32U545JEY6QTR, STM32U545NEY6QTR, STM32U545REI6, STM32U545REI6Q, STM32U545RET6, STM32U545RET6Q, STM32U545VEI6, STM32U545VEI6Q, STM32U545VET6, STM32U545VET6Q, STM32U595AIH6, STM32U595AIH6Q, STM32U595AJH6, STM32U595AJH6Q, STM32U595QII6, STM32U595QII6Q, STM32U595QJI6, STM32U595QJI6Q, STM32U595RIT6, STM32U595RIT6Q, STM32U595RJT6, STM32U595RJT6Q, STM32U595VIT6, STM32U595VIT6Q, STM32U595VJT6, STM32U595VJT6Q, STM32U595ZIT6, STM32U595ZIT6Q, STM32U595ZIY6QTR, STM32U595ZJT6, STM32U595ZJT6Q, STM32U595ZJY6QTR, STM32U599BJY6QTR, STM32U599NIH6Q, STM32U599NJH6Q, STM32U599VIT6Q, STM32U599VJT6, STM32U599VJT6Q, STM32U599ZIT6Q, STM32U599ZIY6QTR, STM32U599ZJT6Q, STM32U599ZJY6QTR, STM32U5A5AJH6, STM32U5A5AJH6Q, STM32U5A5QJI6, STM32U5A5QJI6Q, STM32U5A5RJT6, STM32U5A5RJT6Q, STM32U5A5VJT6, STM32U5A5VJT6Q, STM32U5A5ZJT6, STM32U5A5ZJT6Q, STM32U5A5ZJY6QTR, STM32U5A9BJY6QTR, STM32U5A9J-DK, STM32U5A9NJH6Q, STM32U5A9VJT6Q, STM32U5A9ZJT6Q, STM32U5A9ZJY6QTR, STM32WB1MMCH6, STM32WBA52CEU6, STM32WBA52CEU6T, STM32WBA52CGU6, STM32WBA52CGU6T, STM32WL5MOCH6, STM32WL5MOCH6TR]
2023-06-14 13:10:48,535 [INFO] DbMcus:216 - Found 3775 MCUs, 3775 are supported
2023-06-14 13:10:48,540 [INFO] ApiDb:423 - Load user favorites file C:\Users\mahon/.stm32cubeide/favorites.mcus.txt: 0 item(s)
2023-06-14 13:10:48,540 [INFO] ApiDb:427 - User favorites MCUs=[]
2023-06-14 13:10:48,540 [INFO] DbMcus:222 - Set 0 / 0 favorites MCUs
2023-06-14 13:10:49,124 [WARN] ThirdParty:833 - waiting for thirdparty lock release [change project]
2023-06-14 13:10:49,124 [INFO] ThirdParty:835 - entering critical section [change project]
2023-06-14 13:10:49,125 [INFO] ThirdParty:1030 - CMSIS Pack Vendor :STMicroelectronics X-CUBE-ISPU 1.1.0
2023-06-14 13:10:49,125 [INFO] ThirdParty:1030 - CMSIS Pack Vendor :RoweBots I-CUBE-UNISONRTOS 5.5.0-4
2023-06-14 13:10:49,125 [INFO] ThirdParty:1030 - CMSIS Pack Vendor :STMicroelectronics X-CUBE-GNSS1 6.0.0
2023-06-14 13:10:49,125 [INFO] ThirdParty:1030 - CMSIS Pack Vendor :STMicroelectronics X-CUBE-AZRTOS-H7 2.1.0
2023-06-14 13:10:49,125 [INFO] ThirdParty:1030 - CMSIS Pack Vendor :STMicroelectronics USB_HOST 2.0.0
2023-06-14 13:10:49,126 [INFO] ThirdParty:1030 - CMSIS Pack Vendor :STMicroelectronics X-CUBE-AZRTOS-F4 1.1.0
2023-06-14 13:10:49,126 [INFO] ThirdParty:1030 - CMSIS Pack Vendor :STMicroelectronics LIBJPEG 8.0.0
2023-06-14 13:10:49,126 [INFO] ThirdParty:1030 - CMSIS Pack Vendor :STMicroelectronics X-CUBE-SMBUS 2.1.0
2023-06-14 13:10:49,126 [INFO] ThirdParty:1030 - CMSIS Pack Vendor :STMicroelectronics USB_DEVICE 3.0.0
2023-06-14 13:10:49,126 [INFO] ThirdParty:1030 - CMSIS Pack Vendor :STMicroelectronics X-CUBE-AI 8.0.0
2023-06-14 13:10:49,126 [INFO] ThirdParty:1030 - CMSIS Pack Vendor :STMicroelectronics X-CUBE-FREERTOS 1.0.0
2023-06-14 13:10:49,126 [INFO] ThirdParty:1030 - CMSIS Pack Vendor :STMicroelectronics X-CUBE-FREERTOS 1.0.1
2023-06-14 13:10:49,126 [INFO] ThirdParty:1030 - CMSIS Pack Vendor :STMicroelectronics X-CUBE-TOUCHGFX 4.21.1
2023-06-14 13:10:49,126 [INFO] ThirdParty:1030 - CMSIS Pack Vendor :STMicroelectronics X-CUBE-TOUCHGFX 4.21.0
2023-06-14 13:10:49,126 [INFO] ThirdParty:1030 - CMSIS Pack Vendor :STMicroelectronics X-CUBE-TOUCHGFX 4.21.3
2023-06-14 13:10:49,126 [INFO] ThirdParty:1030 - CMSIS Pack Vendor :STMicroelectronics X-CUBE-AZRTOS-F7 1.1.0
2023-06-14 13:10:49,126 [INFO] ThirdParty:1030 - CMSIS Pack Vendor :STMicroelectronics X-CUBE-TOUCHGFX 4.21.4
2023-06-14 13:10:49,126 [INFO] ThirdParty:1030 - CMSIS Pack Vendor :STMicroelectronics X-CUBE-MEMS1 9.4.0
2023-06-14 13:10:49,127 [INFO] ThirdParty:1030 - CMSIS Pack Vendor :STMicroelectronics USB_DEVICE 2.0.0
2023-06-14 13:10:49,127 [INFO] ThirdParty:1030 - CMSIS Pack Vendor :STMicroelectronics X-CUBE-MEMS1 9.6.0
2023-06-14 13:10:49,127 [INFO] ThirdParty:1030 - CMSIS Pack Vendor :STMicroelectronics X-CUBE-AI 7.3.0
2023-06-14 13:10:49,127 [INFO] ThirdParty:1030 - CMSIS Pack Vendor :STMicroelectronics FP-SNS-MOTENV1 4.3.0
2023-06-14 13:10:49,127 [INFO] ThirdParty:1030 - CMSIS Pack Vendor :STMicroelectronics FP-SNS-FLIGHT1 5.0.0
2023-06-14 13:10:49,127 [INFO] ThirdParty:1030 - CMSIS Pack Vendor :STMicroelectronics FP-SNS-MOTENV1 4.3.1
2023-06-14 13:10:49,127 [INFO] ThirdParty:1030 - CMSIS Pack Vendor :STMicroelectronics FP-SNS-FLIGHT1 5.0.1
2023-06-14 13:10:49,127 [INFO] ThirdParty:1030 - CMSIS Pack Vendor :STMicroelectronics X-CUBE-ALGOBUILD 1.3.0
2023-06-14 13:10:49,127 [INFO] ThirdParty:1030 - CMSIS Pack Vendor :STMicroelectronics X-CUBE-BLE1 6.2.4
2023-06-14 13:10:49,128 [INFO] ThirdParty:1030 - CMSIS Pack Vendor :STMicroelectronics X-CUBE-AZRTOS-L5 1.1.0
2023-06-14 13:10:49,128 [INFO] ThirdParty:1030 - CMSIS Pack Vendor :STMicroelectronics FreeRTOS 0.0.1
2023-06-14 13:10:49,128 [INFO] ThirdParty:1030 - CMSIS Pack Vendor :emotas I-CUBE-CANOPEN 1.1.3
2023-06-14 13:10:49,128 [INFO] ThirdParty:1030 - CMSIS Pack Vendor :STMicroelectronics X-CUBE-AZRTOS-G0 1.1.0
2023-06-14 13:10:49,128 [INFO] ThirdParty:1030 - CMSIS Pack Vendor :STMicroelectronics X-CUBE-BLEMGR 2.0.0
2023-06-14 13:10:49,128 [INFO] ThirdParty:1030 - CMSIS Pack Vendor :STMicroelectronics X-CUBE-AI 8.0.1
2023-06-14 13:10:49,128 [INFO] ThirdParty:1030 - CMSIS Pack Vendor :STMicroelectronics X-CUBE-SUBG2 5.0.0
2023-06-14 13:10:49,128 [INFO] ThirdParty:1030 - CMSIS Pack Vendor :STMicroelectronics X-CUBE-NFC4 3.0.0
2023-06-14 13:10:49,128 [INFO] ThirdParty:1030 - CMSIS Pack Vendor :STMicroelectronics STM32_WPAN 1.0.0
2023-06-14 13:10:49,128 [INFO] ThirdParty:1030 - CMSIS Pack Vendor :STMicroelectronics lwIP 2.0.3
2023-06-14 13:10:49,128 [INFO] ThirdParty:1030 - CMSIS Pack Vendor :STMicroelectronics X-CUBE-NFC4 2.0.5
2023-06-14 13:10:49,129 [INFO] ThirdParty:1030 - CMSIS Pack Vendor :STMicroelectronics USB_HOST 1.0.0
2023-06-14 13:10:49,129 [INFO] ThirdParty:1030 - CMSIS Pack Vendor :STMicroelectronics X-CUBE-AZRTOS-G4 2.0.0
2023-06-14 13:10:49,129 [INFO] ThirdParty:1030 - CMSIS Pack Vendor :STMicroelectronics PDM2PCM 3.1.0
2023-06-14 13:10:49,130 [INFO] ThirdParty:1030 - CMSIS Pack Vendor :STMicroelectronics X-CUBE-AZRTOS-H7 3.1.0
2023-06-14 13:10:49,130 [INFO] ThirdParty:1030 - CMSIS Pack Vendor :STMicroelectronics X-CUBE-TOF1 3.3.0
2023-06-14 13:10:49,130 [INFO] ThirdParty:1030 - CMSIS Pack Vendor :STMicroelectronics FP-ATR-ASTRA1 1.1.1
2023-06-14 13:10:49,130 [INFO] ThirdParty:1030 - CMSIS Pack Vendor :STMicroelectronics PDM2PCM 3.3.0
2023-06-14 13:10:49,130 [INFO] ThirdParty:1030 - CMSIS Pack Vendor :STMicroelectronics X-CUBE-DISPLAY 3.0.0
2023-06-14 13:10:49,130 [INFO] ThirdParty:1030 - CMSIS Pack Vendor :STMicroelectronics X-CUBE-BLEMGR 1.3.0
2023-06-14 13:10:49,130 [INFO] ThirdParty:1030 - CMSIS Pack Vendor :wolfSSL I-CUBE-wolfSSL 5.5.3
2023-06-14 13:10:49,131 [INFO] ThirdParty:1030 - CMSIS Pack Vendor :STMicroelectronics X-CUBE-AZRTOS-G4 1.0.0
2023-06-14 13:10:49,131 [INFO] ThirdParty:1030 - CMSIS Pack Vendor :STMicroelectronics FP-ATR-SIGFOX1 3.2.0
2023-06-14 13:10:49,131 [INFO] ThirdParty:1030 - CMSIS Pack Vendor :STMicroelectronics X-CUBE-AZRTOS-L4 1.0.0
2023-06-14 13:10:49,131 [INFO] ThirdParty:1030 - CMSIS Pack Vendor :STMicroelectronics HAL Drivers 0.0.0
2023-06-14 13:10:49,131 [INFO] ThirdParty:1030 - CMSIS Pack Vendor :STMicroelectronics MBEDTLS 2.16.2
2023-06-14 13:10:49,131 [INFO] ThirdParty:1030 - CMSIS Pack Vendor :STMicroelectronics X-CUBE-TOUCHGFX 4.20.0
2023-06-14 13:10:49,131 [INFO] ThirdParty:1030 - CMSIS Pack Vendor :STMicroelectronics MBEDTLS 2.14.1
2023-06-14 13:10:49,132 [INFO] ThirdParty:1030 - CMSIS Pack Vendor :STMicroelectronics X-CUBE-NFC7 1.0.0
2023-06-14 13:10:49,132 [INFO] ThirdParty:1030 - CMSIS Pack Vendor :STMicroelectronics X-CUBE-AZRTOS-WL 1.0.0
2023-06-14 13:10:49,132 [INFO] ThirdParty:1030 - CMSIS Pack Vendor :portGmbH I-Cube-SoM-uGOAL 1.1.0
2023-06-14 13:10:49,132 [INFO] ThirdParty:1030 - CMSIS Pack Vendor :STMicroelectronics X-CUBE-ALS 1.0.1
2023-06-14 13:10:49,132 [INFO] ThirdParty:1030 - CMSIS Pack Vendor :STMicroelectronics X-CUBE-MEMS1 9.5.0
2023-06-14 13:10:49,132 [INFO] ThirdParty:1030 - CMSIS Pack Vendor :STMicroelectronics ThreadX 1.0.0
2023-06-14 13:10:49,132 [INFO] ThirdParty:1030 - CMSIS Pack Vendor :STMicroelectronics X-CUBE-AZRTOS-WB 1.1.0
2023-06-14 13:10:49,132 [INFO] ThirdParty:1030 - CMSIS Pack Vendor :STMicroelectronics X-CUBE-AZRTOS-WL 2.0.0
2023-06-14 13:10:49,132 [INFO] ThirdParty:1030 - CMSIS Pack Vendor :SEGGER I-CUBE-embOS 1.3.1
2023-06-14 13:10:49,132 [INFO] ThirdParty:1030 - CMSIS Pack Vendor :STMicroelectronics USB_DEVICE 1.0.0
2023-06-14 13:10:49,132 [INFO] ThirdParty:1030 - CMSIS Pack Vendor :STMicroelectronics X-CUBE-EEPRMA1 3.1.1
2023-06-14 13:10:49,132 [INFO] ThirdParty:1030 - CMSIS Pack Vendor :SEGGER I-CUBE-embOS 1.3.0
2023-06-14 13:10:49,132 [INFO] ThirdParty:1030 - CMSIS Pack Vendor :STMicroelectronics X-CUBE-AZRTOS-L4 2.0.0
2023-06-14 13:10:49,132 [INFO] ThirdParty:1030 - CMSIS Pack Vendor :STMicroelectronics ThreadX 0.0.2
2023-06-14 13:10:49,133 [INFO] ThirdParty:1030 - CMSIS Pack Vendor :WES I-CUBE-Cesium 1.3.0
2023-06-14 13:10:49,133 [INFO] ThirdParty:1030 - CMSIS Pack Vendor :STMicroelectronics FP-ATR-ASTRA1 2.0.0
2023-06-14 13:10:49,133 [INFO] ThirdParty:1030 - CMSIS Pack Vendor :STMicroelectronics lwIP 2.1.2
2023-06-14 13:10:49,133 [INFO] ThirdParty:1030 - CMSIS Pack Vendor :STMicroelectronics X-CUBE-SFXS2LP1 4.0.0
2023-06-14 13:10:49,133 [INFO] ThirdParty:1030 - CMSIS Pack Vendor :STMicroelectronics X-CUBE-BLE2 3.3.0
2023-06-14 13:10:49,133 [INFO] ThirdParty:1030 - CMSIS Pack Vendor :STMicroelectronics X-CUBE-DISPLAY 2.2.0
2023-06-14 13:10:49,133 [INFO] ThirdParty:1030 - CMSIS Pack Vendor :STMicroelectronics X-CUBE-TOF1 3.2.0
2023-06-14 13:10:49,133 [INFO] ThirdParty:1030 - CMSIS Pack Vendor :STMicroelectronics PDM2PCM 3.2.0
2023-06-14 13:10:49,133 [INFO] ThirdParty:1030 - CMSIS Pack Vendor :STMicroelectronics X-CUBE-AZRTOS-H7 3.0.0
2023-06-14 13:10:49,133 [INFO] ThirdParty:841 - exiting critical section [change project]
2023-06-14 13:10:50,594 [INFO] PinOutPanel:1499 - setPackage(No Configuration,No Configuration)
2023-06-14 13:10:50,597 [INFO] PinOutPanel:1499 - setPackage(STM32F429ZITx,LQFP144)
2023-06-14 13:10:51,854 [INFO] UtilMem:75 - Before build in PCC Used Memory: 260812800 Bytes (597688320)
2023-06-14 13:10:53,616 [INFO] UtilMem:75 - After build in PCC Used Memory: 444835840 Bytes (597688320)
2023-06-14 13:10:53,704 [INFO] IPUIPlugin:80 - create IPUIPlugin
2023-06-14 13:10:53,705 [INFO] IPUIPlugin:80 - create IPUIPlugin
2023-06-14 13:10:53,705 [INFO] IPUIPlugin:80 - create IPUIPlugin
2023-06-14 13:10:53,705 [INFO] IPUIPlugin:80 - create IPUIPlugin
2023-06-14 13:10:53,706 [INFO] IPUIPlugin:80 - create IPUIPlugin
2023-06-14 13:10:53,706 [INFO] IPUIPlugin:80 - create IPUIPlugin
2023-06-14 13:10:53,707 [INFO] IPUIPlugin:80 - create IPUIPlugin
2023-06-14 13:10:53,708 [INFO] IPUIPlugin:80 - create IPUIPlugin
2023-06-14 13:10:53,708 [INFO] IPUIPlugin:80 - create IPUIPlugin
2023-06-14 13:10:53,708 [INFO] IPUIPlugin:80 - create IPUIPlugin
2023-06-14 13:10:53,709 [INFO] IPUIPlugin:80 - create IPUIPlugin
2023-06-14 13:10:53,709 [INFO] IPUIPlugin:80 - create IPUIPlugin
2023-06-14 13:10:53,709 [INFO] IPUIPlugin:80 - create IPUIPlugin
2023-06-14 13:10:53,709 [INFO] IPUIPlugin:80 - create IPUIPlugin
2023-06-14 13:10:53,710 [INFO] IPUIPlugin:80 - create IPUIPlugin
2023-06-14 13:10:53,710 [INFO] IPUIPlugin:80 - create IPUIPlugin
2023-06-14 13:10:53,710 [INFO] IPUIPlugin:80 - create IPUIPlugin
2023-06-14 13:10:53,711 [INFO] IPUIPlugin:80 - create IPUIPlugin
2023-06-14 13:10:53,711 [INFO] IPUIPlugin:80 - create IPUIPlugin
2023-06-14 13:10:53,712 [INFO] IPUIPlugin:80 - create IPUIPlugin
2023-06-14 13:10:53,712 [INFO] IPUIPlugin:80 - create IPUIPlugin
2023-06-14 13:10:53,713 [INFO] IPUIPlugin:80 - create IPUIPlugin
2023-06-14 13:10:53,714 [INFO] IPUIPlugin:80 - create IPUIPlugin
2023-06-14 13:10:53,715 [INFO] IPUIPlugin:80 - create IPUIPlugin
2023-06-14 13:10:53,715 [INFO] IPUIPlugin:80 - create IPUIPlugin
2023-06-14 13:10:53,716 [INFO] IPUIPlugin:80 - create IPUIPlugin
2023-06-14 13:10:53,717 [INFO] IPUIPlugin:80 - create IPUIPlugin
2023-06-14 13:10:53,717 [INFO] IPUIPlugin:80 - create IPUIPlugin
2023-06-14 13:10:53,718 [INFO] IPUIPlugin:80 - create IPUIPlugin
2023-06-14 13:10:53,719 [INFO] IPUIPlugin:80 - create IPUIPlugin
2023-06-14 13:10:53,720 [INFO] IPUIPlugin:80 - create IPUIPlugin
2023-06-14 13:10:53,720 [INFO] IPUIPlugin:80 - create IPUIPlugin
2023-06-14 13:10:53,721 [INFO] IPUIPlugin:80 - create IPUIPlugin
2023-06-14 13:10:53,721 [INFO] IPUIPlugin:80 - create IPUIPlugin
2023-06-14 13:10:53,722 [INFO] IPUIPlugin:80 - create IPUIPlugin
2023-06-14 13:10:53,722 [INFO] IPUIPlugin:80 - create IPUIPlugin
2023-06-14 13:10:53,723 [INFO] IPUIPlugin:80 - create IPUIPlugin
2023-06-14 13:10:53,723 [INFO] IPUIPlugin:80 - create IPUIPlugin
2023-06-14 13:10:53,723 [INFO] IPUIPlugin:80 - create IPUIPlugin
2023-06-14 13:10:53,724 [INFO] IPUIPlugin:80 - create IPUIPlugin
2023-06-14 13:10:53,724 [INFO] IPUIPlugin:80 - create IPUIPlugin
2023-06-14 13:10:53,725 [INFO] IPUIPlugin:80 - create IPUIPlugin
2023-06-14 13:10:53,725 [INFO] IPUIPlugin:80 - create IPUIPlugin
2023-06-14 13:10:53,726 [INFO] IPUIPlugin:80 - create IPUIPlugin
2023-06-14 13:10:53,726 [INFO] IPUIPlugin:80 - create IPUIPlugin
2023-06-14 13:10:53,727 [INFO] IPUIPlugin:80 - create IPUIPlugin
2023-06-14 13:10:53,728 [INFO] IPUIPlugin:80 - create IPUIPlugin
2023-06-14 13:10:53,729 [INFO] IPUIPlugin:80 - create IPUIPlugin
2023-06-14 13:10:53,729 [INFO] IPUIPlugin:80 - create IPUIPlugin
2023-06-14 13:10:53,730 [INFO] IPUIPlugin:80 - create IPUIPlugin
2023-06-14 13:10:53,730 [INFO] IPUIPlugin:80 - create IPUIPlugin
2023-06-14 13:10:53,731 [INFO] IPUIPlugin:80 - create IPUIPlugin
2023-06-14 13:10:53,732 [INFO] IPUIPlugin:80 - create IPUIPlugin
2023-06-14 13:10:53,733 [INFO] IPUIPlugin:80 - create IPUIPlugin
2023-06-14 13:10:53,735 [INFO] IPUIPlugin:80 - create IPUIPlugin
2023-06-14 13:10:53,736 [INFO] IPUIPlugin:80 - create IPUIPlugin
2023-06-14 13:10:53,737 [INFO] IPUIPlugin:80 - create IPUIPlugin
2023-06-14 13:10:53,738 [INFO] IPUIPlugin:80 - create IPUIPlugin
2023-06-14 13:10:53,739 [INFO] IPUIPlugin:80 - create IPUIPlugin
2023-06-14 13:10:53,740 [INFO] IPUIPlugin:80 - create IPUIPlugin
2023-06-14 13:10:53,741 [INFO] IPUIPlugin:80 - create IPUIPlugin
2023-06-14 13:10:53,743 [INFO] IPUIPlugin:80 - create IPUIPlugin
2023-06-14 13:10:53,745 [INFO] IPUIPlugin:80 - create IPUIPlugin
2023-06-14 13:10:53,746 [INFO] IPUIPlugin:80 - create IPUIPlugin
2023-06-14 13:10:53,747 [INFO] IPUIPlugin:80 - create IPUIPlugin
2023-06-14 13:10:53,748 [INFO] IPUIPlugin:80 - create IPUIPlugin
2023-06-14 13:10:53,884 [INFO] ApiDbMcu:507 - Load IP Config File for PDM2PCM
2023-06-14 13:10:54,462 [INFO] CADModel:165 - CPN selected for project levelSTM32F429ZIT6
2023-06-14 13:10:54,462 [INFO] CADModel:114 - Register for checkConnection events
2023-06-14 13:10:54,515 [INFO] OpenFileManager:328 - Restore cursor
2023-06-14 13:12:37,488 [INFO] NvicIntPanel:101 - NVIC parent = com.st.microxplorer.plugins.ip.nvic.MultiNvicIntPanel[,0,0,740x211,layout=javax.swing.BoxLayout,alignmentX=0.0,alignmentY=0.0,border=,flags=9,maximumSize=,minimumSize=,preferredSize=]
2023-06-14 13:58:35,653 [INFO] MainUpdater:2854 - connection check result : 10
2023-06-14 13:58:35,653 [INFO] MainUpdater:2854 - connection check result : 10
2023-06-14 13:58:36,011 [INFO] MicroXplorer:468 - Change Database Path : 
2023-06-14 13:58:36,012 [INFO] MicroXplorer:498 - Change Database Version : DB.6.0.81
2023-06-14 13:58:36,060 [WARN] ThirdParty:871 - waiting for thirdparty lock release [close project]
2023-06-14 13:58:36,060 [INFO] ThirdParty:873 - entering critical section [close project]
2023-06-14 13:58:36,061 [INFO] ThirdParty:883 - exiting critical section [close project]
2023-06-14 13:58:36,065 [INFO] PinOutPanel:1499 - setPackage(No Configuration,No Configuration)
2023-06-14 13:58:36,083 [WARN] IpParametersView:150 - Warning: This peripheral hasn't parameters
2023-06-14 13:58:36,097 [WARN] MainPanel:257 - <html><b><center>Warning: This peripheral has no parameters to be configured<br></b></html>
2023-06-14 13:58:36,116 [INFO] UtilMem:75 - Begin LoadConfig() Used Memory: 346523648 Bytes (597688320)
2023-06-14 13:58:36,119 [INFO] MicroXplorer:468 - Change Database Path : 
2023-06-14 13:58:36,119 [INFO] MicroXplorer:498 - Change Database Version : DB.6.0.81
2023-06-14 13:58:36,119 [INFO] OpenFileManager:308 - Change cursor
2023-06-14 13:58:36,144 [INFO] Mcu:1937 - Initializing MCU STM32F429ZITx STM32F429ZITx STM32F429ZIT6
2023-06-14 13:58:39,680 [INFO] Context:659 - Trying to add GPIOservice into a context  which must be forbidden
2023-06-14 13:58:41,201 [INFO] RtosManager:555 - Registered RTOS mode: class=CMSIS, group=RTOS, mode=CMSIS_V1, owner=FREERTOS
2023-06-14 13:58:41,202 [INFO] RtosManager:555 - Registered RTOS mode: class=CMSIS, group=RTOS2, mode=CMSIS_V2, owner=FREERTOS
2023-06-14 13:58:41,202 [INFO] RtosManager:555 - Registered RTOS mode: class=RTOS, group=Core, mode=CMSIS_V1, owner=FREERTOS
2023-06-14 13:58:41,202 [INFO] RtosManager:555 - Registered RTOS mode: class=RTOS, group=Core, mode=CMSIS_V2, owner=FREERTOS
2023-06-14 13:58:41,202 [WARN] ModelIntegratedComponent:184 - Missing modes for component STMicroelectronics:FreeRTOS:0.0.1:STMicroelectronics:RTOS:FreeRTOS:Core:::10.2.0:
2023-06-14 13:58:41,225 [WARN] ModelIntegratedComponent:63 - No mode defined for component null
2023-06-14 13:58:41,225 [WARN] ModelIntegratedComponent:63 - No mode defined for component null
2023-06-14 13:58:41,226 [WARN] ModelIntegratedComponent:63 - No mode defined for component null
2023-06-14 13:58:41,226 [WARN] ModelIntegratedComponent:63 - No mode defined for component null
2023-06-14 13:58:41,226 [WARN] ModelIntegratedComponent:63 - No mode defined for component null
2023-06-14 13:58:41,227 [WARN] ModelIntegratedComponent:63 - No mode defined for component null
2023-06-14 13:58:41,228 [WARN] ModelIntegratedComponent:63 - No mode defined for component null
2023-06-14 13:58:41,228 [WARN] ModelIntegratedComponent:63 - No mode defined for component null
2023-06-14 13:58:41,228 [WARN] ModelIntegratedComponent:63 - No mode defined for component null
2023-06-14 13:58:41,228 [WARN] ModelIntegratedComponent:63 - No mode defined for component null
2023-06-14 13:58:41,228 [WARN] ModelIntegratedComponent:63 - No mode defined for component null
2023-06-14 13:58:41,229 [WARN] ModelIntegratedComponent:63 - No mode defined for component null
2023-06-14 13:58:41,229 [WARN] ModelIntegratedComponent:63 - No mode defined for component null
2023-06-14 13:58:41,229 [WARN] ModelIntegratedComponent:63 - No mode defined for component null
2023-06-14 13:58:41,229 [WARN] ModelIntegratedComponent:63 - No mode defined for component null
2023-06-14 13:58:41,229 [WARN] ModelIntegratedComponent:63 - No mode defined for component null
2023-06-14 13:58:41,229 [WARN] ModelIntegratedComponent:63 - No mode defined for component null
2023-06-14 13:58:41,229 [WARN] ModelIntegratedComponent:63 - No mode defined for component null
2023-06-14 13:58:41,229 [WARN] ModelIntegratedComponent:63 - No mode defined for component null
2023-06-14 13:58:41,230 [WARN] ModelIntegratedComponent:63 - No mode defined for component null
2023-06-14 13:58:41,230 [WARN] ModelIntegratedComponent:63 - No mode defined for component null
2023-06-14 13:58:41,230 [WARN] ModelIntegratedComponent:63 - No mode defined for component null
2023-06-14 13:58:41,230 [WARN] ModelIntegratedComponent:63 - No mode defined for component null
2023-06-14 13:58:41,230 [WARN] ModelIntegratedComponent:63 - No mode defined for component null
2023-06-14 13:58:41,230 [WARN] ModelIntegratedComponent:63 - No mode defined for component null
2023-06-14 13:58:41,230 [WARN] ModelIntegratedComponent:63 - No mode defined for component null
2023-06-14 13:58:41,231 [WARN] ModelIntegratedComponent:63 - No mode defined for component null
2023-06-14 13:58:41,231 [WARN] ModelIntegratedComponent:63 - No mode defined for component null
2023-06-14 13:58:41,231 [WARN] ModelIntegratedComponent:63 - No mode defined for component null
2023-06-14 13:58:41,231 [WARN] ModelIntegratedComponent:63 - No mode defined for component null
2023-06-14 13:58:41,231 [WARN] ModelIntegratedComponent:63 - No mode defined for component null
2023-06-14 13:58:41,231 [WARN] ModelIntegratedComponent:63 - No mode defined for component null
2023-06-14 13:58:41,232 [WARN] ModelIntegratedComponent:63 - No mode defined for component null
2023-06-14 13:58:41,431 [INFO] ThirdPartyModel:298 - Start build external matchings
2023-06-14 13:58:42,673 [INFO] ThirdPartyModel:316 - End build external matchings
2023-06-14 13:58:43,283 [INFO] UtilMem:75 - End LoadConfig() Used Memory: 504602232 Bytes (597688320)
2023-06-14 13:58:43,333 [WARN] ThirdParty:833 - waiting for thirdparty lock release [change project]
2023-06-14 13:58:43,334 [INFO] ThirdParty:835 - entering critical section [change project]
2023-06-14 13:58:43,334 [INFO] ThirdParty:1030 - CMSIS Pack Vendor :STMicroelectronics X-CUBE-ISPU 1.1.0
2023-06-14 13:58:43,334 [INFO] ThirdParty:1030 - CMSIS Pack Vendor :RoweBots I-CUBE-UNISONRTOS 5.5.0-4
2023-06-14 13:58:43,334 [INFO] ThirdParty:1030 - CMSIS Pack Vendor :STMicroelectronics X-CUBE-GNSS1 6.0.0
2023-06-14 13:58:43,334 [INFO] ThirdParty:1030 - CMSIS Pack Vendor :STMicroelectronics X-CUBE-AZRTOS-H7 2.1.0
2023-06-14 13:58:43,334 [INFO] ThirdParty:1030 - CMSIS Pack Vendor :STMicroelectronics USB_HOST 2.0.0
2023-06-14 13:58:43,334 [INFO] ThirdParty:1030 - CMSIS Pack Vendor :STMicroelectronics X-CUBE-AZRTOS-F4 1.1.0
2023-06-14 13:58:43,334 [INFO] ThirdParty:1030 - CMSIS Pack Vendor :STMicroelectronics LIBJPEG 8.0.0
2023-06-14 13:58:43,335 [INFO] ThirdParty:1030 - CMSIS Pack Vendor :STMicroelectronics X-CUBE-SMBUS 2.1.0
2023-06-14 13:58:43,335 [INFO] ThirdParty:1030 - CMSIS Pack Vendor :STMicroelectronics USB_DEVICE 3.0.0
2023-06-14 13:58:43,335 [INFO] ThirdParty:1030 - CMSIS Pack Vendor :STMicroelectronics X-CUBE-AI 8.0.0
2023-06-14 13:58:43,335 [INFO] ThirdParty:1030 - CMSIS Pack Vendor :STMicroelectronics X-CUBE-FREERTOS 1.0.0
2023-06-14 13:58:43,336 [INFO] ThirdParty:1030 - CMSIS Pack Vendor :STMicroelectronics X-CUBE-FREERTOS 1.0.1
2023-06-14 13:58:43,336 [INFO] ThirdParty:1030 - CMSIS Pack Vendor :STMicroelectronics X-CUBE-TOUCHGFX 4.21.1
2023-06-14 13:58:43,337 [INFO] ThirdParty:1030 - CMSIS Pack Vendor :STMicroelectronics X-CUBE-TOUCHGFX 4.21.0
2023-06-14 13:58:43,337 [INFO] ThirdParty:1030 - CMSIS Pack Vendor :STMicroelectronics X-CUBE-TOUCHGFX 4.21.3
2023-06-14 13:58:43,338 [INFO] ThirdParty:1030 - CMSIS Pack Vendor :STMicroelectronics X-CUBE-AZRTOS-F7 1.1.0
2023-06-14 13:58:43,338 [INFO] ThirdParty:1030 - CMSIS Pack Vendor :STMicroelectronics X-CUBE-TOUCHGFX 4.21.4
2023-06-14 13:58:43,338 [INFO] ThirdParty:1030 - CMSIS Pack Vendor :STMicroelectronics X-CUBE-MEMS1 9.4.0
2023-06-14 13:58:43,338 [INFO] ThirdParty:1030 - CMSIS Pack Vendor :STMicroelectronics USB_DEVICE 2.0.0
2023-06-14 13:58:43,338 [INFO] ThirdParty:1030 - CMSIS Pack Vendor :STMicroelectronics X-CUBE-MEMS1 9.6.0
2023-06-14 13:58:43,339 [INFO] ThirdParty:1030 - CMSIS Pack Vendor :STMicroelectronics X-CUBE-AI 7.3.0
2023-06-14 13:58:43,339 [INFO] ThirdParty:1030 - CMSIS Pack Vendor :STMicroelectronics FP-SNS-MOTENV1 4.3.0
2023-06-14 13:58:43,339 [INFO] ThirdParty:1030 - CMSIS Pack Vendor :STMicroelectronics FP-SNS-FLIGHT1 5.0.0
2023-06-14 13:58:43,339 [INFO] ThirdParty:1030 - CMSIS Pack Vendor :STMicroelectronics FP-SNS-MOTENV1 4.3.1
2023-06-14 13:58:43,339 [INFO] ThirdParty:1030 - CMSIS Pack Vendor :STMicroelectronics FP-SNS-FLIGHT1 5.0.1
2023-06-14 13:58:43,339 [INFO] ThirdParty:1030 - CMSIS Pack Vendor :STMicroelectronics X-CUBE-ALGOBUILD 1.3.0
2023-06-14 13:58:43,340 [INFO] ThirdParty:1030 - CMSIS Pack Vendor :STMicroelectronics X-CUBE-BLE1 6.2.4
2023-06-14 13:58:43,340 [INFO] ThirdParty:1030 - CMSIS Pack Vendor :STMicroelectronics X-CUBE-AZRTOS-L5 1.1.0
2023-06-14 13:58:43,340 [INFO] ThirdParty:1030 - CMSIS Pack Vendor :STMicroelectronics FreeRTOS 0.0.1
2023-06-14 13:58:43,340 [INFO] ThirdParty:1030 - CMSIS Pack Vendor :emotas I-CUBE-CANOPEN 1.1.3
2023-06-14 13:58:43,340 [INFO] ThirdParty:1030 - CMSIS Pack Vendor :STMicroelectronics X-CUBE-AZRTOS-G0 1.1.0
2023-06-14 13:58:43,340 [INFO] ThirdParty:1030 - CMSIS Pack Vendor :STMicroelectronics X-CUBE-BLEMGR 2.0.0
2023-06-14 13:58:43,341 [INFO] ThirdParty:1030 - CMSIS Pack Vendor :STMicroelectronics X-CUBE-AI 8.0.1
2023-06-14 13:58:43,341 [INFO] ThirdParty:1030 - CMSIS Pack Vendor :STMicroelectronics X-CUBE-SUBG2 5.0.0
2023-06-14 13:58:43,341 [INFO] ThirdParty:1030 - CMSIS Pack Vendor :STMicroelectronics X-CUBE-NFC4 3.0.0
2023-06-14 13:58:43,342 [INFO] ThirdParty:1030 - CMSIS Pack Vendor :STMicroelectronics STM32_WPAN 1.0.0
2023-06-14 13:58:43,342 [INFO] ThirdParty:1030 - CMSIS Pack Vendor :STMicroelectronics lwIP 2.0.3
2023-06-14 13:58:43,342 [INFO] ThirdParty:1030 - CMSIS Pack Vendor :STMicroelectronics X-CUBE-NFC4 2.0.5
2023-06-14 13:58:43,343 [INFO] ThirdParty:1030 - CMSIS Pack Vendor :STMicroelectronics USB_HOST 1.0.0
2023-06-14 13:58:43,343 [INFO] ThirdParty:1030 - CMSIS Pack Vendor :STMicroelectronics X-CUBE-AZRTOS-G4 2.0.0
2023-06-14 13:58:43,343 [INFO] ThirdParty:1030 - CMSIS Pack Vendor :STMicroelectronics PDM2PCM 3.1.0
2023-06-14 13:58:43,343 [INFO] ThirdParty:1030 - CMSIS Pack Vendor :STMicroelectronics X-CUBE-AZRTOS-H7 3.1.0
2023-06-14 13:58:43,343 [INFO] ThirdParty:1030 - CMSIS Pack Vendor :STMicroelectronics X-CUBE-TOF1 3.3.0
2023-06-14 13:58:43,344 [INFO] ThirdParty:1030 - CMSIS Pack Vendor :STMicroelectronics FP-ATR-ASTRA1 1.1.1
2023-06-14 13:58:43,344 [INFO] ThirdParty:1030 - CMSIS Pack Vendor :STMicroelectronics PDM2PCM 3.3.0
2023-06-14 13:58:43,344 [INFO] ThirdParty:1030 - CMSIS Pack Vendor :STMicroelectronics X-CUBE-DISPLAY 3.0.0
2023-06-14 13:58:43,344 [INFO] ThirdParty:1030 - CMSIS Pack Vendor :STMicroelectronics X-CUBE-BLEMGR 1.3.0
2023-06-14 13:58:43,345 [INFO] ThirdParty:1030 - CMSIS Pack Vendor :wolfSSL I-CUBE-wolfSSL 5.5.3
2023-06-14 13:58:43,345 [INFO] ThirdParty:1030 - CMSIS Pack Vendor :STMicroelectronics X-CUBE-AZRTOS-G4 1.0.0
2023-06-14 13:58:43,346 [INFO] ThirdParty:1030 - CMSIS Pack Vendor :STMicroelectronics FP-ATR-SIGFOX1 3.2.0
2023-06-14 13:58:43,346 [INFO] ThirdParty:1030 - CMSIS Pack Vendor :STMicroelectronics X-CUBE-AZRTOS-L4 1.0.0
2023-06-14 13:58:43,346 [INFO] ThirdParty:1030 - CMSIS Pack Vendor :STMicroelectronics HAL Drivers 0.0.0
2023-06-14 13:58:43,347 [INFO] ThirdParty:1030 - CMSIS Pack Vendor :STMicroelectronics MBEDTLS 2.16.2
2023-06-14 13:58:43,347 [INFO] ThirdParty:1030 - CMSIS Pack Vendor :STMicroelectronics X-CUBE-TOUCHGFX 4.20.0
2023-06-14 13:58:43,348 [INFO] ThirdParty:1030 - CMSIS Pack Vendor :STMicroelectronics MBEDTLS 2.14.1
2023-06-14 13:58:43,348 [INFO] ThirdParty:1030 - CMSIS Pack Vendor :STMicroelectronics X-CUBE-NFC7 1.0.0
2023-06-14 13:58:43,348 [INFO] ThirdParty:1030 - CMSIS Pack Vendor :STMicroelectronics X-CUBE-AZRTOS-WL 1.0.0
2023-06-14 13:58:43,348 [INFO] ThirdParty:1030 - CMSIS Pack Vendor :portGmbH I-Cube-SoM-uGOAL 1.1.0
2023-06-14 13:58:43,348 [INFO] ThirdParty:1030 - CMSIS Pack Vendor :STMicroelectronics X-CUBE-ALS 1.0.1
2023-06-14 13:58:43,349 [INFO] ThirdParty:1030 - CMSIS Pack Vendor :STMicroelectronics X-CUBE-MEMS1 9.5.0
2023-06-14 13:58:43,350 [INFO] ThirdParty:1030 - CMSIS Pack Vendor :STMicroelectronics ThreadX 1.0.0
2023-06-14 13:58:43,350 [INFO] ThirdParty:1030 - CMSIS Pack Vendor :STMicroelectronics X-CUBE-AZRTOS-WB 1.1.0
2023-06-14 13:58:43,351 [INFO] ThirdParty:1030 - CMSIS Pack Vendor :STMicroelectronics X-CUBE-AZRTOS-WL 2.0.0
2023-06-14 13:58:43,352 [INFO] ThirdParty:1030 - CMSIS Pack Vendor :SEGGER I-CUBE-embOS 1.3.1
2023-06-14 13:58:43,352 [INFO] ThirdParty:1030 - CMSIS Pack Vendor :STMicroelectronics USB_DEVICE 1.0.0
2023-06-14 13:58:43,353 [INFO] ThirdParty:1030 - CMSIS Pack Vendor :STMicroelectronics X-CUBE-EEPRMA1 3.1.1
2023-06-14 13:58:43,353 [INFO] ThirdParty:1030 - CMSIS Pack Vendor :SEGGER I-CUBE-embOS 1.3.0
2023-06-14 13:58:43,353 [INFO] ThirdParty:1030 - CMSIS Pack Vendor :STMicroelectronics X-CUBE-AZRTOS-L4 2.0.0
2023-06-14 13:58:43,353 [INFO] ThirdParty:1030 - CMSIS Pack Vendor :STMicroelectronics ThreadX 0.0.2
2023-06-14 13:58:43,353 [INFO] ThirdParty:1030 - CMSIS Pack Vendor :WES I-CUBE-Cesium 1.3.0
2023-06-14 13:58:43,353 [INFO] ThirdParty:1030 - CMSIS Pack Vendor :STMicroelectronics FP-ATR-ASTRA1 2.0.0
2023-06-14 13:58:43,353 [INFO] ThirdParty:1030 - CMSIS Pack Vendor :STMicroelectronics lwIP 2.1.2
2023-06-14 13:58:43,353 [INFO] ThirdParty:1030 - CMSIS Pack Vendor :STMicroelectronics X-CUBE-SFXS2LP1 4.0.0
2023-06-14 13:58:43,353 [INFO] ThirdParty:1030 - CMSIS Pack Vendor :STMicroelectronics X-CUBE-BLE2 3.3.0
2023-06-14 13:58:43,353 [INFO] ThirdParty:1030 - CMSIS Pack Vendor :STMicroelectronics X-CUBE-DISPLAY 2.2.0
2023-06-14 13:58:43,354 [INFO] ThirdParty:1030 - CMSIS Pack Vendor :STMicroelectronics X-CUBE-TOF1 3.2.0
2023-06-14 13:58:43,354 [INFO] ThirdParty:1030 - CMSIS Pack Vendor :STMicroelectronics PDM2PCM 3.2.0
2023-06-14 13:58:43,354 [INFO] ThirdParty:1030 - CMSIS Pack Vendor :STMicroelectronics X-CUBE-AZRTOS-H7 3.0.0
2023-06-14 13:58:43,354 [INFO] ThirdParty:841 - exiting critical section [change project]
2023-06-14 13:58:44,387 [INFO] PinOutPanel:1499 - setPackage(No Configuration,No Configuration)
2023-06-14 13:58:44,389 [INFO] PinOutPanel:1499 - setPackage(STM32F429ZITx,LQFP144)
2023-06-14 13:58:44,983 [INFO] UtilMem:75 - Before build in PCC Used Memory: 408296384 Bytes (597688320)
2023-06-14 13:58:45,571 [INFO] UtilMem:75 - After build in PCC Used Memory: 456536936 Bytes (597688320)
2023-06-14 13:58:45,627 [INFO] IPUIPlugin:80 - create IPUIPlugin
2023-06-14 13:58:45,627 [INFO] IPUIPlugin:80 - create IPUIPlugin
2023-06-14 13:58:45,628 [INFO] IPUIPlugin:80 - create IPUIPlugin
2023-06-14 13:58:45,629 [INFO] IPUIPlugin:80 - create IPUIPlugin
2023-06-14 13:58:45,629 [INFO] IPUIPlugin:80 - create IPUIPlugin
2023-06-14 13:58:45,629 [INFO] IPUIPlugin:80 - create IPUIPlugin
2023-06-14 13:58:45,630 [INFO] IPUIPlugin:80 - create IPUIPlugin
2023-06-14 13:58:45,630 [INFO] IPUIPlugin:80 - create IPUIPlugin
2023-06-14 13:58:45,630 [INFO] IPUIPlugin:80 - create IPUIPlugin
2023-06-14 13:58:45,630 [INFO] IPUIPlugin:80 - create IPUIPlugin
2023-06-14 13:58:45,631 [INFO] IPUIPlugin:80 - create IPUIPlugin
2023-06-14 13:58:45,631 [INFO] IPUIPlugin:80 - create IPUIPlugin
2023-06-14 13:58:45,631 [INFO] IPUIPlugin:80 - create IPUIPlugin
2023-06-14 13:58:45,631 [INFO] IPUIPlugin:80 - create IPUIPlugin
2023-06-14 13:58:45,632 [INFO] IPUIPlugin:80 - create IPUIPlugin
2023-06-14 13:58:45,632 [INFO] IPUIPlugin:80 - create IPUIPlugin
2023-06-14 13:58:45,632 [INFO] IPUIPlugin:80 - create IPUIPlugin
2023-06-14 13:58:45,632 [INFO] IPUIPlugin:80 - create IPUIPlugin
2023-06-14 13:58:45,633 [INFO] IPUIPlugin:80 - create IPUIPlugin
2023-06-14 13:58:45,633 [INFO] IPUIPlugin:80 - create IPUIPlugin
2023-06-14 13:58:45,633 [INFO] IPUIPlugin:80 - create IPUIPlugin
2023-06-14 13:58:45,634 [INFO] IPUIPlugin:80 - create IPUIPlugin
2023-06-14 13:58:45,634 [INFO] IPUIPlugin:80 - create IPUIPlugin
2023-06-14 13:58:45,634 [INFO] IPUIPlugin:80 - create IPUIPlugin
2023-06-14 13:58:45,635 [INFO] IPUIPlugin:80 - create IPUIPlugin
2023-06-14 13:58:45,636 [INFO] IPUIPlugin:80 - create IPUIPlugin
2023-06-14 13:58:45,637 [INFO] IPUIPlugin:80 - create IPUIPlugin
2023-06-14 13:58:45,637 [INFO] IPUIPlugin:80 - create IPUIPlugin
2023-06-14 13:58:45,638 [INFO] IPUIPlugin:80 - create IPUIPlugin
2023-06-14 13:58:45,638 [INFO] IPUIPlugin:80 - create IPUIPlugin
2023-06-14 13:58:45,639 [INFO] IPUIPlugin:80 - create IPUIPlugin
2023-06-14 13:58:45,639 [INFO] IPUIPlugin:80 - create IPUIPlugin
2023-06-14 13:58:45,640 [INFO] IPUIPlugin:80 - create IPUIPlugin
2023-06-14 13:58:45,640 [INFO] IPUIPlugin:80 - create IPUIPlugin
2023-06-14 13:58:45,640 [INFO] IPUIPlugin:80 - create IPUIPlugin
2023-06-14 13:58:45,641 [INFO] IPUIPlugin:80 - create IPUIPlugin
2023-06-14 13:58:45,641 [INFO] IPUIPlugin:80 - create IPUIPlugin
2023-06-14 13:58:45,642 [INFO] IPUIPlugin:80 - create IPUIPlugin
2023-06-14 13:58:45,643 [INFO] IPUIPlugin:80 - create IPUIPlugin
2023-06-14 13:58:45,644 [INFO] IPUIPlugin:80 - create IPUIPlugin
2023-06-14 13:58:45,644 [INFO] IPUIPlugin:80 - create IPUIPlugin
2023-06-14 13:58:45,645 [INFO] IPUIPlugin:80 - create IPUIPlugin
2023-06-14 13:58:45,645 [INFO] IPUIPlugin:80 - create IPUIPlugin
2023-06-14 13:58:45,646 [INFO] IPUIPlugin:80 - create IPUIPlugin
2023-06-14 13:58:45,646 [INFO] IPUIPlugin:80 - create IPUIPlugin
2023-06-14 13:58:45,647 [INFO] IPUIPlugin:80 - create IPUIPlugin
2023-06-14 13:58:45,647 [INFO] IPUIPlugin:80 - create IPUIPlugin
2023-06-14 13:58:45,648 [INFO] IPUIPlugin:80 - create IPUIPlugin
2023-06-14 13:58:45,648 [INFO] IPUIPlugin:80 - create IPUIPlugin
2023-06-14 13:58:45,649 [INFO] IPUIPlugin:80 - create IPUIPlugin
2023-06-14 13:58:45,650 [INFO] IPUIPlugin:80 - create IPUIPlugin
2023-06-14 13:58:45,651 [INFO] IPUIPlugin:80 - create IPUIPlugin
2023-06-14 13:58:45,651 [INFO] IPUIPlugin:80 - create IPUIPlugin
2023-06-14 13:58:45,652 [INFO] IPUIPlugin:80 - create IPUIPlugin
2023-06-14 13:58:45,653 [INFO] IPUIPlugin:80 - create IPUIPlugin
2023-06-14 13:58:45,653 [INFO] IPUIPlugin:80 - create IPUIPlugin
2023-06-14 13:58:45,654 [INFO] IPUIPlugin:80 - create IPUIPlugin
2023-06-14 13:58:45,655 [INFO] IPUIPlugin:80 - create IPUIPlugin
2023-06-14 13:58:45,655 [INFO] IPUIPlugin:80 - create IPUIPlugin
2023-06-14 13:58:45,656 [INFO] IPUIPlugin:80 - create IPUIPlugin
2023-06-14 13:58:45,657 [INFO] IPUIPlugin:80 - create IPUIPlugin
2023-06-14 13:58:45,658 [INFO] IPUIPlugin:80 - create IPUIPlugin
2023-06-14 13:58:45,660 [INFO] IPUIPlugin:80 - create IPUIPlugin
2023-06-14 13:58:45,662 [INFO] IPUIPlugin:80 - create IPUIPlugin
2023-06-14 13:58:45,663 [INFO] IPUIPlugin:80 - create IPUIPlugin
2023-06-14 13:58:45,664 [INFO] IPUIPlugin:80 - create IPUIPlugin
2023-06-14 13:58:45,669 [INFO] ApiDbMcu:507 - Load IP Config File for PDM2PCM
2023-06-14 13:58:45,793 [INFO] CADModel:165 - CPN selected for project levelSTM32F429ZIT6
2023-06-14 13:58:45,794 [INFO] CADModel:114 - Register for checkConnection events
2023-06-14 13:58:45,839 [INFO] OpenFileManager:328 - Restore cursor
2023-06-14 14:16:34,507 [INFO] UtilMem:75 - End SaveConfig() Used Memory: 363858360 Bytes (597688320)
2023-06-14 14:16:37,714 [INFO] UtilMem:75 - End SaveConfig() Used Memory: 504689760 Bytes (597688320)
2023-06-14 14:16:38,204 [INFO] UtilMem:75 - End SaveConfig() Used Memory: 301724104 Bytes (597688320)
2023-06-14 14:16:39,307 [INFO] BlockDiagram:2759 - set Specific Code input for plugin: RCC
2023-06-14 14:16:39,308 [INFO] BlockDiagram:2759 - set Specific Code input for plugin: NVIC
2023-06-14 14:16:39,308 [INFO] BlockDiagram:2759 - set Specific Code input for plugin: USART
2023-06-14 14:16:39,308 [INFO] BlockDiagram:2759 - set Specific Code input for plugin: UART
2023-06-14 14:16:39,310 [INFO] BlockDiagram:2759 - set Specific Code input for plugin: GPIO
2023-06-14 14:16:39,314 [INFO] CodeGenerator:793 - code generatio: config db path: C:\ST\STM32CubeIDE_1.12.1\STM32CubeIDE\plugins\com.st.stm32cube.common.mx_6.8.1.202304191431\\db\
2023-06-14 14:16:39,978 [INFO] CodeEngine:255 - oldGeneratedFile, C:\Users\mahon\stmBareMetal\BareMetalSTM\test\MXTmpFiles\license.tmp_save
2023-06-14 14:16:40,825 [INFO] CodeEngine:279 - Generated code: C:\Users\mahon\stmBareMetal\BareMetalSTM\test\MXTmpFiles\license.tmp
2023-06-14 14:16:41,242 [INFO] CodeEngine:255 - oldGeneratedFile, C:\Users\mahon\stmBareMetal\BareMetalSTM\test\MXTmpFiles\gpio.tmp_save
2023-06-14 14:16:41,553 [INFO] CodeEngine:279 - Generated code: C:\Users\mahon\stmBareMetal\BareMetalSTM\test\MXTmpFiles\gpio.tmp
2023-06-14 14:16:42,588 [INFO] CodeEngine:255 - oldGeneratedFile, C:\Users\mahon\stmBareMetal\BareMetalSTM\test\Core\Src\stm32f4xx_it.c_save
2023-06-14 14:16:42,955 [INFO] CodeEngine:279 - Generated code: C:\Users\mahon\stmBareMetal\BareMetalSTM\test\Core\Src\stm32f4xx_it.c
2023-06-14 14:16:42,974 [INFO] CodeEngine:255 - oldGeneratedFile, C:\Users\mahon\stmBareMetal\BareMetalSTM\test\Core\Inc\stm32f4xx_it.h_save
2023-06-14 14:16:43,164 [INFO] CodeEngine:279 - Generated code: C:\Users\mahon\stmBareMetal\BareMetalSTM\test\Core\Inc\stm32f4xx_it.h
2023-06-14 14:16:43,450 [INFO] CodeEngine:255 - oldGeneratedFile, C:\Users\mahon\stmBareMetal\BareMetalSTM\test\Core\Src\stm32f4xx_hal_msp.c_save
2023-06-14 14:16:43,881 [INFO] CodeEngine:279 - Generated code: C:\Users\mahon\stmBareMetal\BareMetalSTM\test\Core\Src\stm32f4xx_hal_msp.c
2023-06-14 14:16:43,899 [INFO] CodeEngine:255 - oldGeneratedFile, C:\Users\mahon\stmBareMetal\BareMetalSTM\test\MXTmpFiles\system.tmp_save
2023-06-14 14:16:44,174 [INFO] CodeEngine:279 - Generated code: C:\Users\mahon\stmBareMetal\BareMetalSTM\test\MXTmpFiles\system.tmp
2023-06-14 14:16:44,210 [INFO] CodeEngine:311 - oldGeneratedFile, C:\Users\mahon\stmBareMetal\BareMetalSTM\test\Core\Inc\stm32f4xx_hal_conf.h_save
2023-06-14 14:16:44,498 [INFO] CodeEngine:335 - Generated code: C:\Users\mahon\stmBareMetal\BareMetalSTM\test\Core\Inc\stm32f4xx_hal_conf.h
2023-06-14 14:16:44,677 [INFO] CodeEngine:255 - oldGeneratedFile, C:\Users\mahon\stmBareMetal\BareMetalSTM\test\Core\Inc\main.h_save
2023-06-14 14:16:44,918 [INFO] CodeEngine:279 - Generated code: C:\Users\mahon\stmBareMetal\BareMetalSTM\test\Core\Inc\main.h
2023-06-14 14:16:44,939 [INFO] CodeEngine:255 - oldGeneratedFile, C:\Users\mahon\stmBareMetal\BareMetalSTM\test\Core\Src\main.c_save
2023-06-14 14:16:45,395 [INFO] CodeEngine:279 - Generated code: C:\Users\mahon\stmBareMetal\BareMetalSTM\test\Core\Src\main.c
2023-06-14 14:16:47,320 [INFO] ProjectBuilder:2996 - Time for Copy HAL[1] : 402mS.
2023-06-14 14:16:47,346 [INFO] ProjectBuilder:4304 - Project Generator version: 3.19.2
2023-06-14 14:16:48,120 [INFO] ConfigFileManager:1483 - The Die is : DIE419
2023-06-14 14:16:48,145 [INFO] ApiDbMcu:507 - Load IP Config File for FATFS
2023-06-14 14:16:48,206 [INFO] ApiDbMcu:507 - Load IP Config File for FREERTOS
2023-06-14 14:16:48,211 [INFO] ApiDbMcu:507 - Load IP Config File for LIBJPEG
2023-06-14 14:16:48,224 [INFO] ApiDbMcu:507 - Load IP Config File for LWIP
2023-06-14 14:16:48,236 [INFO] ApiDbMcu:507 - Load IP Config File for MBEDTLS
2023-06-14 14:16:48,253 [INFO] ApiDbMcu:507 - Load IP Config File for USB_DEVICE
2023-06-14 14:16:48,262 [INFO] ApiDbMcu:507 - Load IP Config File for USB_HOST
2023-06-14 14:16:50,236 [INFO] LogOutputStream:77 - [STDOUT_REDIRECT] 
2023-06-14 14:16:52,147 [INFO] ProjectBuilder:4505 - Time for Generating toolchain IDE Files: 4799mS.
2023-06-14 14:16:52,151 [INFO] ProjectBuilder:2867 - Time for Copy CMSIS : 1mS.
2023-06-14 14:16:52,190 [INFO] ProjectBuilder:2867 - Time for Copy CMSIS : 1mS.
