2023-01-25 04:26:41,850 [INFO] Activator:179 - 


2023-01-25 04:26:41,852 [INFO] Activator:180 - !SESSION log4j initialized
2023-01-25 04:27:08,449 [ERROR] LogOutputStream:74 - [STDERR_REDIRECT] SLF4J: Failed to load class "org.slf4j.impl.StaticLoggerBinder".
2023-01-25 04:27:08,451 [ERROR] LogOutputStream:74 - [STDERR_REDIRECT] SLF4J: Defaulting to no-operation (NOP) logger implementation
2023-01-25 04:27:08,456 [ERROR] LogOutputStream:74 - [STDERR_REDIRECT] SLF4J: See http://www.slf4j.org/codes.html#StaticLoggerBinder for further details.
2023-01-25 04:29:38,611 [INFO] McuFinderGlobals:52 - Set McuFinder mode to 2 (CubeIDE integrated)
2023-01-25 04:29:39,004 [INFO] ApplicationProperties:181 - Using Application install path: C:\ST\STM32CubeIDE_1.11.0\STM32CubeIDE\plugins\com.st.stm32cube.common.mx_6.7.0.202211181646
2023-01-25 04:29:39,037 [INFO] DbMcusXml:77 - Set database path to: C:\ST\STM32CubeIDE_1.11.0\STM32CubeIDE\plugins\com.st.stm32cube.common.mx_6.7.0.202211181646\\db\/mcu/
2023-01-25 04:29:39,038 [INFO] ApiDb:273 - Set plugin database path to: C:\ST\STM32CubeIDE_1.11.0\STM32CubeIDE\plugins\com.st.stm32cube.common.mx_6.7.0.202211181646\\db\/plugins/boardmanager/
2023-01-25 04:29:39,043 [WARN] ApiDb:258 - Overriding images path with different value:  => C:\ST\STM32CubeIDE_1.11.0\STM32CubeIDE\plugins\com.st.stm32cube.common.mx_6.7.0.202211181646\\db\/plugins/mcufinder/images/
2023-01-25 04:29:39,077 [INFO] ApiDb:249 - Set database path to: C:\Users\mahon\.stmcufinder\plugins\mcufinder//mcu/
2023-01-25 04:29:39,080 [INFO] DbMcusAds:124 - Set database path to: C:\Users\mahon\.stmcufinder\plugins\mcufinder//mcu/
2023-01-25 04:29:39,202 [INFO] CrossReferenceDbSqlite:202 - Set database path to: C:\Users\mahon\.stmcufinder\plugins\mcufinder//mcu/cs/
2023-01-25 04:29:39,362 [INFO] RulesReader:61 - Compatibility file has been processed (283 Rules)
2023-01-25 04:29:39,507 [INFO] DbMcusXml:77 - Set database path to: C:\ST\STM32CubeIDE_1.11.0\STM32CubeIDE\plugins\com.st.stm32cube.common.mx_6.7.0.202211181646\\db\/mcu/
2023-01-25 04:29:39,507 [INFO] ApiDb:273 - Set plugin database path to: C:\ST\STM32CubeIDE_1.11.0\STM32CubeIDE\plugins\com.st.stm32cube.common.mx_6.7.0.202211181646\\db\/plugins/boardmanager/
2023-01-25 04:29:39,508 [INFO] ApiDb:260 - Set plugin images path to: C:\ST\STM32CubeIDE_1.11.0\STM32CubeIDE\plugins\com.st.stm32cube.common.mx_6.7.0.202211181646\\db\/plugins/mcufinder/images/
2023-01-25 04:29:39,508 [WARN] DbFile:40 - Overriding database path with different value: C:\Users\mahon\.stmcufinder\plugins\mcufinder/ => C:\Users\mahon\.stmcufinder\plugins\mcufinder
2023-01-25 04:29:39,508 [INFO] ApiDb:249 - Set database path to: C:\Users\mahon\.stmcufinder\plugins\mcufinder//mcu/
2023-01-25 04:29:39,508 [WARN] DbFile:40 - Overriding database path with different value: C:\Users\mahon\.stmcufinder\plugins\mcufinder/ => C:\Users\mahon\.stmcufinder\plugins\mcufinder
2023-01-25 04:29:39,509 [INFO] DbMcusAds:124 - Set database path to: C:\Users\mahon\.stmcufinder\plugins\mcufinder//mcu/
2023-01-25 04:29:39,510 [WARN] DbFile:40 - Overriding database path with different value: C:\Users\mahon\.stmcufinder\plugins\mcufinder/ => C:\Users\mahon\.stmcufinder\plugins\mcufinder
2023-01-25 04:29:39,510 [WARN] DbFile:40 - Overriding database path with different value: C:\Users\mahon\.stmcufinder\plugins\mcufinder/ => C:\Users\mahon\.stmcufinder\plugins\mcufinder
2023-01-25 04:29:39,510 [INFO] CrossReferenceDbSqlite:202 - Set database path to: C:\Users\mahon\.stmcufinder\plugins\mcufinder//mcu/cs/
2023-01-25 04:29:39,641 [INFO] MainPanel:252 - HeapMemory: 473956352
2023-01-25 04:29:39,829 [INFO] DbMcusXml:77 - Set database path to: C:\ST\STM32CubeIDE_1.11.0\STM32CubeIDE\plugins\com.st.stm32cube.common.mx_6.7.0.202211181646\\db\/mcu/
2023-01-25 04:29:39,830 [INFO] ApiDb:273 - Set plugin database path to: C:\ST\STM32CubeIDE_1.11.0\STM32CubeIDE\plugins\com.st.stm32cube.common.mx_6.7.0.202211181646\\db\/plugins/boardmanager/
2023-01-25 04:29:39,830 [INFO] ApiDb:260 - Set plugin images path to: C:\ST\STM32CubeIDE_1.11.0\STM32CubeIDE\plugins\com.st.stm32cube.common.mx_6.7.0.202211181646\\db\/plugins/mcufinder/images/
2023-01-25 04:29:39,831 [WARN] DbFile:40 - Overriding database path with different value: C:\Users\mahon\.stmcufinder\plugins\mcufinder/ => C:\Users\mahon\.stmcufinder\plugins\mcufinder
2023-01-25 04:29:39,831 [INFO] ApiDb:249 - Set database path to: C:\Users\mahon\.stmcufinder\plugins\mcufinder//mcu/
2023-01-25 04:29:39,831 [WARN] DbFile:40 - Overriding database path with different value: C:\Users\mahon\.stmcufinder\plugins\mcufinder/ => C:\Users\mahon\.stmcufinder\plugins\mcufinder
2023-01-25 04:29:39,831 [INFO] DbMcusAds:124 - Set database path to: C:\Users\mahon\.stmcufinder\plugins\mcufinder//mcu/
2023-01-25 04:29:39,831 [WARN] DbFile:40 - Overriding database path with different value: C:\Users\mahon\.stmcufinder\plugins\mcufinder/ => C:\Users\mahon\.stmcufinder\plugins\mcufinder
2023-01-25 04:29:39,832 [WARN] DbFile:40 - Overriding database path with different value: C:\Users\mahon\.stmcufinder\plugins\mcufinder/ => C:\Users\mahon\.stmcufinder\plugins\mcufinder
2023-01-25 04:29:39,832 [INFO] CrossReferenceDbSqlite:202 - Set database path to: C:\Users\mahon\.stmcufinder\plugins\mcufinder//mcu/cs/
2023-01-25 04:29:39,870 [INFO] ApplicationProperties:181 - Using Application install path: C:\ST\STM32CubeIDE_1.11.0\STM32CubeIDE\plugins\com.st.stm32cube.common.mx_6.7.0.202211181646
2023-01-25 04:29:39,873 [INFO] PluginManage:193 - Search for loadable plugins [exclusion list=, ]
2023-01-25 04:29:39,876 [INFO] PluginManage:307 - Check plugin analytics
2023-01-25 04:29:40,157 [INFO] AnalyticsPlugin:262 - Accepted Software Licenses: STM32CubeMX.6.6.1
2023-01-25 04:29:40,158 [INFO] AnalyticsPlugin:264 - Accepted CMSIS Pack Licenses: 
2023-01-25 04:29:40,159 [INFO] AnalyticsPlugin:266 - Accepted Firmware Licenses: 
2023-01-25 04:29:40,174 [INFO] PluginManage:356 - Loaded plugin analytics (category:tool,tabindex:-1)
2023-01-25 04:29:40,175 [INFO] PluginManage:307 - Check plugin cadmodel
2023-01-25 04:29:40,187 [INFO] CADModel:104 - Init CAD model plugin
2023-01-25 04:29:40,188 [INFO] PluginManage:356 - Loaded plugin cadmodel (category:power,tabindex:5)
2023-01-25 04:29:40,189 [INFO] PluginManage:307 - Check plugin clock
2023-01-25 04:29:40,217 [INFO] PluginManage:356 - Loaded plugin clock (category:base,tabindex:2)
2023-01-25 04:29:40,218 [INFO] PluginManage:307 - Check plugin ddr
2023-01-25 04:29:40,224 [INFO] PluginManage:356 - Loaded plugin ddr (category:tool,tabindex:6)
2023-01-25 04:29:40,224 [INFO] PluginManage:307 - Check plugin filemanager
2023-01-25 04:29:40,453 [INFO] PluginManage:356 - Loaded plugin filemanager (category:base,tabindex:10)
2023-01-25 04:29:40,453 [INFO] PluginManage:307 - Check plugin ipmanager
2023-01-25 04:29:40,465 [INFO] PluginManage:356 - Loaded plugin ipmanager (category:base,tabindex:5)
2023-01-25 04:29:40,465 [INFO] PluginManage:307 - Check plugin lpbam
2023-01-25 04:29:40,479 [INFO] PluginManage:356 - Loaded plugin lpbam (category:base,tabindex:0)
2023-01-25 04:29:40,479 [INFO] PluginManage:307 - Check plugin pinoutandconfiguration
2023-01-25 04:29:40,493 [INFO] PluginManage:356 - Loaded plugin pinoutandconfiguration (category:base,tabindex:1)
2023-01-25 04:29:40,494 [INFO] PluginManage:307 - Check plugin pinoutconfig
2023-01-25 04:29:40,539 [INFO] PluginManage:356 - Loaded plugin pinoutconfig (category:base,tabindex:0)
2023-01-25 04:29:40,540 [INFO] PluginManage:307 - Check plugin power
2023-01-25 04:29:40,558 [INFO] PluginManage:356 - Loaded plugin power (category:power,tabindex:4)
2023-01-25 04:29:40,559 [INFO] PluginManage:307 - Check plugin projectmanager
2023-01-25 04:29:40,588 [INFO] PluginManage:356 - Loaded plugin projectmanager (category:projectmanager,tabindex:3)
2023-01-25 04:29:40,588 [INFO] PluginManage:307 - Check plugin thirdparty
2023-01-25 04:29:40,857 [WARN] IntegrityCheckThread:82 - waiting for thirdparty lock release [integrity check]
2023-01-25 04:29:40,857 [INFO] PluginManage:356 - Loaded plugin thirdparty (category:base,tabindex:-1)
2023-01-25 04:29:40,858 [INFO] IntegrityCheckThread:84 - entering critical section [integrity check]
2023-01-25 04:29:40,859 [INFO] PluginManage:307 - Check plugin tools
2023-01-25 04:29:40,862 [INFO] ThirdPartyUpdaterWithRetryManager:70 - Updater plugin not ready yet. [1/15]
2023-01-25 04:29:40,866 [INFO] PluginManage:356 - Loaded plugin tools (category:base,tabindex:7)
2023-01-25 04:29:40,866 [INFO] PluginManage:307 - Check plugin tutovideos
2023-01-25 04:29:41,275 [INFO] PluginManage:356 - Loaded plugin tutovideos (category:base,tabindex:-1)
2023-01-25 04:29:41,276 [INFO] PluginManage:307 - Check plugin updater
2023-01-25 04:29:41,301 [INFO] PluginManage:356 - Loaded plugin updater (category:base,tabindex:12)
2023-01-25 04:29:41,303 [INFO] PluginManage:280 - PluginManage : Loaded plugins [15]
2023-01-25 04:29:41,826 [INFO] PinOutPanel:1477 - setPackage(No Configuration,No Configuration)
2023-01-25 04:29:41,952 [INFO] CADModel:164 - CPN selected for project level
2023-01-25 04:29:41,952 [INFO] CADModel:113 - Register for checkConnection events
2023-01-25 04:29:41,988 [INFO] IPUIPlugin:79 - create IPUIPlugin
2023-01-25 04:29:41,988 [INFO] PluginManager:219 - loadIPPluginJar : add adc
2023-01-25 04:29:41,995 [INFO] IPUIPlugin:79 - create IPUIPlugin
2023-01-25 04:29:41,995 [INFO] PluginManager:219 - loadIPPluginJar : add aes
2023-01-25 04:29:42,002 [INFO] IPUIPlugin:79 - create IPUIPlugin
2023-01-25 04:29:42,003 [INFO] PluginManager:219 - loadIPPluginJar : add can
2023-01-25 04:29:42,008 [INFO] IPUIPlugin:79 - create IPUIPlugin
2023-01-25 04:29:42,008 [INFO] PluginManager:219 - loadIPPluginJar : add comp
2023-01-25 04:29:42,015 [INFO] IPUIPlugin:79 - create IPUIPlugin
2023-01-25 04:29:42,015 [INFO] PluginManager:219 - loadIPPluginJar : add cryp
2023-01-25 04:29:42,022 [INFO] IPUIPlugin:79 - create IPUIPlugin
2023-01-25 04:29:42,022 [INFO] PluginManager:219 - loadIPPluginJar : add dfsdm
2023-01-25 04:29:42,034 [INFO] IPUIPlugin:79 - create IPUIPlugin
2023-01-25 04:29:42,035 [INFO] PluginManager:219 - loadIPPluginJar : add dma
2023-01-25 04:29:42,042 [INFO] IPUIPlugin:79 - create IPUIPlugin
2023-01-25 04:29:42,043 [INFO] PluginManager:219 - loadIPPluginJar : add dma3
2023-01-25 04:29:42,046 [INFO] IPUIPlugin:79 - create IPUIPlugin
2023-01-25 04:29:42,047 [INFO] PluginManager:219 - loadIPPluginJar : add fatfs
2023-01-25 04:29:42,056 [INFO] IPUIPlugin:79 - create IPUIPlugin
2023-01-25 04:29:42,057 [INFO] PluginManager:219 - loadIPPluginJar : add fmc
2023-01-25 04:29:42,068 [INFO] IPUIPlugin:79 - create IPUIPlugin
2023-01-25 04:29:42,069 [INFO] PluginManager:219 - loadIPPluginJar : add freertos
2023-01-25 04:29:42,073 [INFO] IPUIPlugin:79 - create IPUIPlugin
2023-01-25 04:29:42,073 [INFO] PluginManager:219 - loadIPPluginJar : add genericplugin
2023-01-25 04:29:42,078 [INFO] IPUIPlugin:79 - create IPUIPlugin
2023-01-25 04:29:42,079 [INFO] PluginManager:219 - loadIPPluginJar : add gfxmmu
2023-01-25 04:29:42,089 [INFO] IPUIPlugin:79 - create IPUIPlugin
2023-01-25 04:29:42,089 [INFO] PluginManager:219 - loadIPPluginJar : add gic
2023-01-25 04:29:42,099 [INFO] IPUIPlugin:79 - create IPUIPlugin
2023-01-25 04:29:42,099 [INFO] PluginManager:219 - loadIPPluginJar : add gpio
2023-01-25 04:29:42,106 [INFO] IPUIPlugin:79 - create IPUIPlugin
2023-01-25 04:29:42,106 [INFO] PluginManager:219 - loadIPPluginJar : add gtzc
2023-01-25 04:29:42,112 [INFO] IPUIPlugin:79 - create IPUIPlugin
2023-01-25 04:29:42,112 [INFO] PluginManager:219 - loadIPPluginJar : add hash
2023-01-25 04:29:42,119 [INFO] IPUIPlugin:79 - create IPUIPlugin
2023-01-25 04:29:42,119 [INFO] PluginManager:219 - loadIPPluginJar : add i2c
2023-01-25 04:29:42,125 [INFO] IPUIPlugin:79 - create IPUIPlugin
2023-01-25 04:29:42,125 [INFO] PluginManager:219 - loadIPPluginJar : add i2s
2023-01-25 04:29:42,131 [INFO] IPUIPlugin:79 - create IPUIPlugin
2023-01-25 04:29:42,132 [INFO] PluginManager:219 - loadIPPluginJar : add ipddr
2023-01-25 04:29:42,145 [INFO] IPUIPlugin:79 - create IPUIPlugin
2023-01-25 04:29:42,145 [INFO] PluginManager:219 - loadIPPluginJar : add linkedlist
2023-01-25 04:29:42,151 [INFO] IPUIPlugin:79 - create IPUIPlugin
2023-01-25 04:29:42,151 [INFO] PluginManager:219 - loadIPPluginJar : add lorawan
2023-01-25 04:29:42,155 [INFO] IPUIPlugin:79 - create IPUIPlugin
2023-01-25 04:29:42,155 [INFO] PluginManager:219 - loadIPPluginJar : add ltdc
2023-01-25 04:29:42,167 [INFO] IPUIPlugin:79 - create IPUIPlugin
2023-01-25 04:29:42,167 [INFO] PluginManager:219 - loadIPPluginJar : add mdma
2023-01-25 04:29:42,175 [INFO] IPUIPlugin:79 - create IPUIPlugin
2023-01-25 04:29:42,175 [INFO] PluginManager:219 - loadIPPluginJar : add nvic
2023-01-25 04:29:42,181 [INFO] IPUIPlugin:79 - create IPUIPlugin
2023-01-25 04:29:42,182 [INFO] PluginManager:219 - loadIPPluginJar : add opamp
2023-01-25 04:29:42,189 [INFO] IPUIPlugin:79 - create IPUIPlugin
2023-01-25 04:29:42,190 [INFO] PluginManager:219 - loadIPPluginJar : add openamp
2023-01-25 04:29:42,197 [INFO] IPUIPlugin:79 - create IPUIPlugin
2023-01-25 04:29:42,197 [INFO] PluginManager:219 - loadIPPluginJar : add pdm2pcm
2023-01-25 04:29:42,209 [INFO] IPUIPlugin:79 - create IPUIPlugin
2023-01-25 04:29:42,214 [INFO] PluginManager:219 - loadIPPluginJar : add plateformsettings
2023-01-25 04:29:42,217 [INFO] IPUIPlugin:79 - create IPUIPlugin
2023-01-25 04:29:42,217 [INFO] PluginManager:219 - loadIPPluginJar : add quadspi
2023-01-25 04:29:42,225 [INFO] IPUIPlugin:79 - create IPUIPlugin
2023-01-25 04:29:42,226 [INFO] PluginManager:219 - loadIPPluginJar : add resmgrutility
2023-01-25 04:29:42,232 [INFO] IPUIPlugin:79 - create IPUIPlugin
2023-01-25 04:29:42,232 [INFO] PluginManager:219 - loadIPPluginJar : add sai
2023-01-25 04:29:42,238 [INFO] IPUIPlugin:79 - create IPUIPlugin
2023-01-25 04:29:42,239 [INFO] PluginManager:219 - loadIPPluginJar : add spi
2023-01-25 04:29:42,248 [INFO] IPUIPlugin:79 - create IPUIPlugin
2023-01-25 04:29:42,249 [INFO] PluginManager:219 - loadIPPluginJar : add stm32_wpan
2023-01-25 04:29:42,252 [INFO] IPUIPlugin:79 - create IPUIPlugin
2023-01-25 04:29:42,253 [INFO] PluginManager:219 - loadIPPluginJar : add tim
2023-01-25 04:29:42,259 [INFO] IPUIPlugin:79 - create IPUIPlugin
2023-01-25 04:29:42,259 [INFO] PluginManager:219 - loadIPPluginJar : add touchsensing
2023-01-25 04:29:42,263 [INFO] IPUIPlugin:79 - create IPUIPlugin
2023-01-25 04:29:42,263 [INFO] PluginManager:219 - loadIPPluginJar : add tracer_emb
2023-01-25 04:29:42,268 [INFO] IPUIPlugin:79 - create IPUIPlugin
2023-01-25 04:29:42,268 [INFO] PluginManager:219 - loadIPPluginJar : add ts
2023-01-25 04:29:42,272 [INFO] IPUIPlugin:79 - create IPUIPlugin
2023-01-25 04:29:42,273 [INFO] PluginManager:219 - loadIPPluginJar : add tsc
2023-01-25 04:29:42,277 [INFO] IPUIPlugin:79 - create IPUIPlugin
2023-01-25 04:29:42,277 [INFO] PluginManager:219 - loadIPPluginJar : add ucpd
2023-01-25 04:29:42,283 [INFO] IPUIPlugin:79 - create IPUIPlugin
2023-01-25 04:29:42,283 [INFO] PluginManager:219 - loadIPPluginJar : add usart
2023-01-25 04:29:42,291 [INFO] IPUIPlugin:79 - create IPUIPlugin
2023-01-25 04:29:42,291 [INFO] PluginManager:219 - loadIPPluginJar : add usbx
2023-01-25 04:29:42,472 [INFO] CADModel:164 - CPN selected for project level
2023-01-25 04:29:42,473 [INFO] CADModel:113 - Register for checkConnection events
2023-01-25 04:29:42,473 [FATAL] Updater:308 - Updater called before beeing initialized
2023-01-25 04:29:42,473 [ERROR] CADModel:124 - Updater not yet initialized, retry later 
2023-01-25 04:29:42,760 [INFO] CADModel:164 - CPN selected for project level
2023-01-25 04:29:42,761 [INFO] CADModel:113 - Register for checkConnection events
2023-01-25 04:29:42,761 [FATAL] Updater:308 - Updater called before beeing initialized
2023-01-25 04:29:42,761 [ERROR] CADModel:124 - Updater not yet initialized, retry later 
2023-01-25 04:29:42,767 [FATAL] Updater:308 - Updater called before beeing initialized
2023-01-25 04:29:43,003 [FATAL] Updater:308 - Updater called before beeing initialized
2023-01-25 04:29:43,022 [INFO] DbMcusAds:52 - JSON generation date=Thu Sep 30 08:55:09 CEST 2021 (1632984909377)
2023-01-25 04:29:43,023 [FATAL] Updater:308 - Updater called before beeing initialized
2023-01-25 04:29:43,099 [WARN] DetailPanel:344 - Failed to get advertising image, set to default
2023-01-25 04:29:43,289 [FATAL] Updater:308 - Updater called before beeing initialized
2023-01-25 04:29:43,292 [FATAL] Updater:308 - Updater called before beeing initialized
2023-01-25 04:29:43,293 [FATAL] Updater:308 - Updater called before beeing initialized
2023-01-25 04:29:43,293 [WARN] DetailPanel:344 - Failed to get advertising image, set to default
2023-01-25 04:29:43,294 [FATAL] Updater:308 - Updater called before beeing initialized
2023-01-25 04:29:43,397 [ERROR] Updater:1120 - MainUpdater not yet initialized. External WinMGr cannot be set.
2023-01-25 04:29:43,402 [INFO] Updater:1056 - Updater Version found : 6.7.0
2023-01-25 04:29:43,438 [INFO] ApplicationProperties:181 - Using Application install path: C:\ST\STM32CubeIDE_1.11.0\STM32CubeIDE\plugins\com.st.stm32cube.common.mx_6.7.0.202211181646
2023-01-25 04:29:43,638 [INFO] MainUpdater:2800 - connection check result : 10
2023-01-25 04:29:43,640 [INFO] MainUpdater:282 - Updater Check For Update Now.
2023-01-25 04:29:43,640 [INFO] MicroXplorer:481 - Change Database Version : DB.6.0.70
2023-01-25 04:29:43,870 [INFO] CheckServerUpdateThread:119 - End of CheckServer Thread
2023-01-25 04:29:43,875 [INFO] MainUpdater:2800 - connection check result : 10
2023-01-25 04:29:44,098 [INFO] McuFinderGlobals:65 - Set McuFinderConnectedMode to true
2023-01-25 04:29:44,288 [INFO] ServerAccessManage:474 - Download File mcusAds.json._tmp_
2023-01-25 04:29:44,377 [WARN] PackLoader:242 - Cannot read IP mode file for STMicroelectronics.X-CUBE-GNSS1.6.0.0
2023-01-25 04:29:44,414 [INFO] LoadUrlFilesThread:150 - End of LoadUrlFiles Thread
2023-01-25 04:29:44,473 [WARN] PackLoader:242 - Cannot read IP mode file for STMicroelectronics.X-CUBE-AZRTOS-F4.1.1.0
2023-01-25 04:29:44,545 [WARN] PackLoader:242 - Cannot read IP mode file for STMicroelectronics.X-CUBE-AZRTOS-F7.1.1.0
2023-01-25 04:29:44,563 [WARN] PackLoader:242 - Cannot read IP mode file for STMicroelectronics.X-CUBE-BLE1.6.2.4
2023-01-25 04:29:44,583 [WARN] PackLoader:242 - Cannot read IP mode file for emotas.I-CUBE-CANOPEN.1.1.3
2023-01-25 04:29:44,595 [WARN] PackLoader:242 - Cannot read IP mode file for STMicroelectronics.X-CUBE-NFC4.2.0.5
2023-01-25 04:29:44,610 [WARN] PackLoader:242 - Cannot read IP mode file for wolfSSL.I-CUBE-wolfSSL.5.5.3
2023-01-25 04:29:44,621 [WARN] PackLoader:242 - Cannot read IP mode file for STMicroelectronics.X-CUBE-NFC7.1.0.0
2023-01-25 04:29:44,636 [WARN] PackLoader:242 - Cannot read IP mode file for STMicroelectronics.X-CUBE-SFXS2LP1.4.0.0
2023-01-25 04:29:44,647 [WARN] PackLoader:242 - Cannot read IP mode file for STMicroelectronics.X-CUBE-BLE2.3.3.0
2023-01-25 04:29:44,663 [WARN] PackLoader:242 - Cannot read IP mode file for STMicroelectronics.X-CUBE-DISPLAY.2.2.0
2023-01-25 04:29:44,716 [WARN] PackLoader:242 - Cannot read IP mode file for STMicroelectronics.X-CUBE-TOF1.3.2.0
2023-01-25 04:29:44,773 [WARN] PackLoader:242 - Cannot read IP mode file for STMicroelectronics.X-CUBE-AZRTOS-H7.3.0.0
2023-01-25 04:29:44,790 [WARN] PackLoader:242 - Cannot read IP mode file for STMicroelectronics.X-CUBE-ISPU.1.1.0
2023-01-25 04:29:44,810 [WARN] PackLoader:242 - Cannot read IP mode file for RoweBots.I-CUBE-UNISONRTOS.5.5.0-4
2023-01-25 04:29:44,836 [WARN] PackLoader:242 - Cannot read IP mode file for STMicroelectronics.X-CUBE-AZRTOS-H7.2.1.0
2023-01-25 04:29:44,850 [WARN] PackLoader:242 - Cannot read IP mode file for STMicroelectronics.X-CUBE-TOUCHGFX.4.21.1
2023-01-25 04:29:44,854 [WARN] PackLoader:242 - Cannot read IP mode file for STMicroelectronics.X-CUBE-TOUCHGFX.4.21.0
2023-01-25 04:29:44,902 [INFO] ServerAccessManage:474 - Download File cube-finder-db.zip
2023-01-25 04:29:44,937 [WARN] PackLoader:242 - Cannot read IP mode file for STMicroelectronics.X-CUBE-MEMS1.9.4.0
2023-01-25 04:29:45,300 [WARN] PackLoader:242 - Cannot read IP mode file for STMicroelectronics.X-CUBE-AI.7.3.0
2023-01-25 04:29:45,312 [WARN] PackLoader:242 - Cannot read IP mode file for STMicroelectronics.X-CUBE-ALGOBUILD.1.3.0
2023-01-25 04:29:45,362 [WARN] PackLoader:242 - Cannot read IP mode file for STMicroelectronics.X-CUBE-AZRTOS-L5.1.1.0
2023-01-25 04:29:45,400 [WARN] PackLoader:242 - Cannot read IP mode file for STMicroelectronics.X-CUBE-AZRTOS-G0.1.1.0
2023-01-25 04:29:45,425 [WARN] PackLoader:242 - Cannot read IP mode file for STMicroelectronics.X-CUBE-SUBG2.5.0.0
2023-01-25 04:29:45,448 [WARN] PackLoader:242 - Cannot read IP mode file for STMicroelectronics.X-CUBE-NFC4.3.0.0
2023-01-25 04:29:45,462 [WARN] PackLoader:242 - Cannot read IP mode file for STMicroelectronics.FP-ATR-ASTRA1.1.1.1
2023-01-25 04:29:45,494 [WARN] PackLoader:242 - Cannot read IP mode file for STMicroelectronics.X-CUBE-BLEMGR.1.3.0
2023-01-25 04:29:45,519 [WARN] PackLoader:242 - Cannot read IP mode file for STMicroelectronics.X-CUBE-AZRTOS-G4.1.0.0
2023-01-25 04:29:45,531 [WARN] PackLoader:242 - Cannot read IP mode file for STMicroelectronics.FP-ATR-SIGFOX1.3.2.0
2023-01-25 04:29:45,560 [WARN] PackLoader:242 - Cannot read IP mode file for STMicroelectronics.X-CUBE-AZRTOS-L4.1.0.0
2023-01-25 04:29:45,571 [WARN] PackLoader:242 - Cannot read IP mode file for STMicroelectronics.X-CUBE-TOUCHGFX.4.20.0
2023-01-25 04:29:45,590 [WARN] PackLoader:242 - Cannot read IP mode file for STMicroelectronics.X-CUBE-AZRTOS-WL.1.0.0
2023-01-25 04:29:45,613 [WARN] PackLoader:242 - Cannot read IP mode file for portGmbH.I-Cube-SoM-uGOAL.1.1.0
2023-01-25 04:29:45,622 [WARN] PackLoader:242 - Cannot read IP mode file for STMicroelectronics.X-CUBE-ALS.1.0.1
2023-01-25 04:29:45,649 [WARN] PackLoader:242 - Cannot read IP mode file for STMicroelectronics.X-CUBE-AZRTOS-WB.1.1.0
2023-01-25 04:29:45,668 [WARN] PackLoader:242 - Cannot read IP mode file for STMicroelectronics.X-CUBE-EEPRMA1.3.1.1
2023-01-25 04:29:45,748 [WARN] PackLoader:242 - Cannot read IP mode file for SEGGER.I-CUBE-embOS.1.3.0
2023-01-25 04:29:45,839 [INFO] ThirdParty:947 - Integrity check success = true
2023-01-25 04:29:45,839 [INFO] IntegrityCheckThread:98 - exiting critical section [integrity check]
2023-01-25 04:29:45,839 [INFO] IntegrityCheckThread:101 - End integrity checks thread
2023-01-25 04:29:47,391 [INFO] FileExtend:239 - Unzip File : cube-finder-db.zip
2023-01-25 04:29:47,393 [INFO] FileExtend:254 - Standard Zip Deflate
2023-01-25 04:29:48,562 [INFO] LoadUrlFilesThread:150 - End of LoadUrlFiles Thread
2023-01-25 04:29:48,872 [INFO] ServerAccessManage:474 - Download File crdb.zip
2023-01-25 04:29:49,133 [INFO] FileExtend:239 - Unzip File : crdb.zip
2023-01-25 04:29:49,134 [INFO] FileExtend:254 - Standard Zip Deflate
2023-01-25 04:29:49,273 [INFO] LoadUrlFilesThread:150 - End of LoadUrlFiles Thread
2023-01-25 04:29:49,744 [INFO] ServerAccessManage:474 - Download File tutoVideoDB.zip
2023-01-25 04:29:49,761 [INFO] FileExtend:239 - Unzip File : tutoVideoDB.zip
2023-01-25 04:29:49,761 [INFO] FileExtend:254 - Standard Zip Deflate
2023-01-25 04:29:49,886 [INFO] LoadUrlFilesThread:150 - End of LoadUrlFiles Thread
2023-01-25 04:29:49,902 [INFO] JxBrowserEngine:114 - Initiate JxBrowser Engine with user profile folder
2023-01-25 04:29:51,484 [WARN] DbFile:40 - Overriding database path with different value: C:\Users\mahon\.stmcufinder\plugins\mcufinder/ => C:\Users\mahon\.stmcufinder\plugins\mcufinder
2023-01-25 04:29:51,696 [INFO] ServerAccessManage:474 - Download File api_config.json
2023-01-25 04:29:51,813 [INFO] LoadUrlFilesThread:150 - End of LoadUrlFiles Thread
2023-01-25 04:29:51,814 [INFO] DbMcusAds:52 - JSON generation date=Wed Jan 18 15:17:18 CET 2023 (1674051438939)
2023-01-25 04:29:51,891 [INFO] ServerAccessManage:474 - Download File 
2023-01-25 04:29:51,905 [INFO] LoadUrlFilesThread:179 - End of LoadServerUrlFiles without Thread
2023-01-25 04:29:51,905 [INFO] TargetSelectorAdapter:258 - Refresh data is successful
2023-01-25 04:29:52,108 [INFO] ApiDb:580 - Connected to CubeFinder SQLite database (C:\Users\mahon\.stmcufinder\plugins\mcufinder\mcu\cube-finder-db.db)
2023-01-25 04:29:52,190 [INFO] ApiDb:667 - CubeFinder database Data Model version=2.1
2023-01-25 04:29:52,190 [INFO] ApiDb:668 - CubeFinder database Configuration version=3.0.35
2023-01-25 04:29:52,191 [INFO] ApiDb:669 - CubeFinder database generation date=2023-01-11 (1673424164)
2023-01-25 04:29:52,191 [INFO] ApiDb:670 - CubeFinder database FW Pack versions=[FP-ATR-ASTRA1_V1.1.1, STM32Cube_FW_C0_V1.0.0, STM32Cube_FW_F4_V1.27.1, STM32Cube_FW_F7_V1.17.0, STM32Cube_FW_G0_V1.6.1, STM32Cube_FW_G4_V1.5.0, STM32Cube_FW_H5_V0.5.1, STM32Cube_FW_H7_V1.11.0, STM32Cube_FW_L5_V1.5.0, STM32Cube_FW_U5_V1.1.1, STM32Cube_FW_WBA_V0.2.0, STM32Cube_FW_WB_V1.15.0, STM32Cube_FW_WB_V1.15.0RC1, STM32Cube_FW_WL_V1.3.0, X-CUBE-ALGOBUILD_V1.3.0, X-CUBE-ALS_V1.0.1, X-CUBE-AZRTOS-F4_V1.1.0, X-CUBE-AZRTOS-F7_V1.1.0, X-CUBE-AZRTOS-G0_V1.1.0, X-CUBE-AZRTOS-G4_V1.0.0, X-CUBE-AZRTOS-H7_V2.1.0, X-CUBE-AZRTOS-L4_V1.0.0, X-CUBE-AZRTOS-L5_V1.0.0, X-CUBE-AZRTOS-WL_V1.0.0, X-CUBE-BLE1_V6.2.4, X-CUBE-BLE2_V3.3.0, X-CUBE-BLEMGR_V1.3.0, X-CUBE-EEPRMA1_V4.1.0, X-CUBE-GNSS1_V6.0.0, X-CUBE-MEMS1_V9.1.0, X-CUBE-MEMS1_V9.3.0, X-CUBE-MEMS1_V9.4.0, X-CUBE-NFC4_V3.0.0, X-CUBE-NFC7_V1.0.0, X-CUBE-SFXS2LP1_V4.0.0, X-CUBE-SUBG2_V5.0.0]
2023-01-25 04:29:55,414 [INFO] ApiDb:239 - Found 143 in-development CPN: [B-WB1M-WPAN1, B-WL5M-SUBG1, NUCLEO-C031C6, STEVAL-PROTEUS1, STEVAL-STWINBX1, STM320518-EVAL, STM32C0116-DK, STM32C011D6Y3TR, STM32C011D6Y6TR, STM32C011F4P3, STM32C011F4P6, STM32C011F4U3, STM32C011F4U6TR, STM32C011F6P3, STM32C011F6P6, STM32C011F6U3, STM32C011F6U6TR, STM32C011J4M3, STM32C011J4M6, STM32C011J6M3, STM32C011J6M6, STM32C0316-DK, STM32C031C4T3, STM32C031C4T6, STM32C031C4U3, STM32C031C4U6, STM32C031C6T3, STM32C031C6T6, STM32C031C6U3, STM32C031C6U6, STM32C031F4P3, STM32C031F4P6, STM32C031F6P3, STM32C031F6P6, STM32C031G4U3, STM32C031G4U6, STM32C031G6U3, STM32C031G6U6, STM32C031K4T3, STM32C031K4T6, STM32C031K4U3, STM32C031K4U6, STM32C031K6T3, STM32C031K6T6, STM32C031K6U3, STM32C031K6U6, STM32G071K8TXN, STM32G071K8UXN, STM32G081GBU6N, STM32G081KBT6N, STM32G081KBUXN, STM32G0B1CCT6N, STM32G0B1KCT6, STM32G0B1NEY6TR, STM32G0B1RCT6N, STM32G0C1CCT6, STM32G0C1CCT6N, STM32G0C1CCU6N, STM32G0C1CET6N, STM32G0C1CEU6N, STM32G0C1KCT6, STM32G0C1NEY6TR, STM32G0C1RCI6N, STM32G0C1RCT6N, STM32G0C1REI6N, STM32G0C1RET6N, STM32G0C1VCI6, STM32G0C1VEI6, STM32G471CCT6, STM32G471CCU6, STM32G471CET3, STM32G471CET6, STM32G471CEU3, STM32G471CEU6, STM32G471MCT6, STM32G471MET3, STM32G471MET6, STM32G471MEY6TR, STM32G471QCT6, STM32G471QET3, STM32G471RCT6, STM32G471RET3, STM32G471RET6, STM32G471VCH6, STM32G471VCI6, STM32G471VCT6, STM32G471VEH3, STM32G471VEH6, STM32G471VEI3, STM32G471VEI6, STM32G471VET3, STM32G471VET6, STM32G474CCT6, STM32L476VGY6PTR, STM32L4R5QGI6STR, STM32MP131AAE3, STM32MP131AAF3, STM32MP131AAG3, STM32MP131CAE3, STM32MP131CAF3, STM32MP131CAG3, STM32MP131DAE7, STM32MP131DAF7, STM32MP131DAG7, STM32MP131FAE7, STM32MP131FAF7, STM32MP131FAG7, STM32MP133AAE3, STM32MP133AAF3, STM32MP133AAG3, STM32MP133CAE3, STM32MP133CAF3, STM32MP133CAG3, STM32MP133DAE7, STM32MP133DAF7, STM32MP133DAG7, STM32MP133FAE7, STM32MP133FAF7, STM32MP133FAG7, STM32MP135AAE3, STM32MP135AAF3, STM32MP135AAG3, STM32MP135CAE3, STM32MP135CAF3, STM32MP135CAG3, STM32MP135DAE7, STM32MP135DAF7, STM32MP135DAG7, STM32MP135F-DK, STM32MP135FAE7, STM32MP135FAF7, STM32MP135FAF7T, STM32MP135FAF7U, STM32MP135FAG7, STM32U595ZJT6Q, STM32U599BJY6QTR, STM32U599NIH6Q, STM32U599NJH6Q, STM32U5A5ZJT6Q, STM32U5A9BJY6QTR, STM32U5A9NJH6Q, STM32WB1MMCH6, STM32WL5MOCH6TR]
2023-01-25 04:29:55,421 [INFO] DbMcus:215 - Found 3582 MCUs, 3582 are supported
2023-01-25 04:29:55,426 [INFO] ApiDb:422 - Load user favorites file C:\Users\mahon/.stm32cubeide/favorites.mcus.txt: 0 item(s)
2023-01-25 04:29:55,427 [INFO] ApiDb:426 - User favorites MCUs=[]
2023-01-25 04:29:55,427 [INFO] DbMcus:221 - Set 0 / 0 favorites MCUs
2023-01-25 04:29:55,892 [INFO] ApiDb:667 - CubeFinder database Data Model version=2.1
2023-01-25 04:29:55,892 [INFO] ApiDb:668 - CubeFinder database Configuration version=3.0.35
2023-01-25 04:29:55,892 [INFO] ApiDb:669 - CubeFinder database generation date=2023-01-11 (1673424164)
2023-01-25 04:29:55,892 [INFO] ApiDb:670 - CubeFinder database FW Pack versions=[FP-ATR-ASTRA1_V1.1.1, STM32Cube_FW_C0_V1.0.0, STM32Cube_FW_F4_V1.27.1, STM32Cube_FW_F7_V1.17.0, STM32Cube_FW_G0_V1.6.1, STM32Cube_FW_G4_V1.5.0, STM32Cube_FW_H5_V0.5.1, STM32Cube_FW_H7_V1.11.0, STM32Cube_FW_L5_V1.5.0, STM32Cube_FW_U5_V1.1.1, STM32Cube_FW_WBA_V0.2.0, STM32Cube_FW_WB_V1.15.0, STM32Cube_FW_WB_V1.15.0RC1, STM32Cube_FW_WL_V1.3.0, X-CUBE-ALGOBUILD_V1.3.0, X-CUBE-ALS_V1.0.1, X-CUBE-AZRTOS-F4_V1.1.0, X-CUBE-AZRTOS-F7_V1.1.0, X-CUBE-AZRTOS-G0_V1.1.0, X-CUBE-AZRTOS-G4_V1.0.0, X-CUBE-AZRTOS-H7_V2.1.0, X-CUBE-AZRTOS-L4_V1.0.0, X-CUBE-AZRTOS-L5_V1.0.0, X-CUBE-AZRTOS-WL_V1.0.0, X-CUBE-BLE1_V6.2.4, X-CUBE-BLE2_V3.3.0, X-CUBE-BLEMGR_V1.3.0, X-CUBE-EEPRMA1_V4.1.0, X-CUBE-GNSS1_V6.0.0, X-CUBE-MEMS1_V9.1.0, X-CUBE-MEMS1_V9.3.0, X-CUBE-MEMS1_V9.4.0, X-CUBE-NFC4_V3.0.0, X-CUBE-NFC7_V1.0.0, X-CUBE-SFXS2LP1_V4.0.0, X-CUBE-SUBG2_V5.0.0]
2023-01-25 04:29:55,985 [INFO] DbBoardsSqlite:225 - include board P-NUCLEO-WB55-NUCLEO as a kit item of type 'Nucleo-64'
2023-01-25 04:29:55,986 [INFO] DbBoardsSqlite:225 - include board P-NUCLEO-WB55-USBDONGLE as a kit item of type 'Nucleo USB Dongle'
2023-01-25 04:29:55,987 [INFO] DbBoardsSqlite:225 - include board STEVAL-IDP005V1 as a kit item of type 'Evaluation Board'
2023-01-25 04:29:55,988 [INFO] DbBoardsSqlite:225 - include board STEVAL-IDP005V2 as a kit item of type 'Evaluation Board'
2023-01-25 04:29:56,062 [INFO] ApiDb:239 - Found 143 in-development CPN: [B-WB1M-WPAN1, B-WL5M-SUBG1, NUCLEO-C031C6, STEVAL-PROTEUS1, STEVAL-STWINBX1, STM320518-EVAL, STM32C0116-DK, STM32C011D6Y3TR, STM32C011D6Y6TR, STM32C011F4P3, STM32C011F4P6, STM32C011F4U3, STM32C011F4U6TR, STM32C011F6P3, STM32C011F6P6, STM32C011F6U3, STM32C011F6U6TR, STM32C011J4M3, STM32C011J4M6, STM32C011J6M3, STM32C011J6M6, STM32C0316-DK, STM32C031C4T3, STM32C031C4T6, STM32C031C4U3, STM32C031C4U6, STM32C031C6T3, STM32C031C6T6, STM32C031C6U3, STM32C031C6U6, STM32C031F4P3, STM32C031F4P6, STM32C031F6P3, STM32C031F6P6, STM32C031G4U3, STM32C031G4U6, STM32C031G6U3, STM32C031G6U6, STM32C031K4T3, STM32C031K4T6, STM32C031K4U3, STM32C031K4U6, STM32C031K6T3, STM32C031K6T6, STM32C031K6U3, STM32C031K6U6, STM32G071K8TXN, STM32G071K8UXN, STM32G081GBU6N, STM32G081KBT6N, STM32G081KBUXN, STM32G0B1CCT6N, STM32G0B1KCT6, STM32G0B1NEY6TR, STM32G0B1RCT6N, STM32G0C1CCT6, STM32G0C1CCT6N, STM32G0C1CCU6N, STM32G0C1CET6N, STM32G0C1CEU6N, STM32G0C1KCT6, STM32G0C1NEY6TR, STM32G0C1RCI6N, STM32G0C1RCT6N, STM32G0C1REI6N, STM32G0C1RET6N, STM32G0C1VCI6, STM32G0C1VEI6, STM32G471CCT6, STM32G471CCU6, STM32G471CET3, STM32G471CET6, STM32G471CEU3, STM32G471CEU6, STM32G471MCT6, STM32G471MET3, STM32G471MET6, STM32G471MEY6TR, STM32G471QCT6, STM32G471QET3, STM32G471RCT6, STM32G471RET3, STM32G471RET6, STM32G471VCH6, STM32G471VCI6, STM32G471VCT6, STM32G471VEH3, STM32G471VEH6, STM32G471VEI3, STM32G471VEI6, STM32G471VET3, STM32G471VET6, STM32G474CCT6, STM32L476VGY6PTR, STM32L4R5QGI6STR, STM32MP131AAE3, STM32MP131AAF3, STM32MP131AAG3, STM32MP131CAE3, STM32MP131CAF3, STM32MP131CAG3, STM32MP131DAE7, STM32MP131DAF7, STM32MP131DAG7, STM32MP131FAE7, STM32MP131FAF7, STM32MP131FAG7, STM32MP133AAE3, STM32MP133AAF3, STM32MP133AAG3, STM32MP133CAE3, STM32MP133CAF3, STM32MP133CAG3, STM32MP133DAE7, STM32MP133DAF7, STM32MP133DAG7, STM32MP133FAE7, STM32MP133FAF7, STM32MP133FAG7, STM32MP135AAE3, STM32MP135AAF3, STM32MP135AAG3, STM32MP135CAE3, STM32MP135CAF3, STM32MP135CAG3, STM32MP135DAE7, STM32MP135DAF7, STM32MP135DAG7, STM32MP135F-DK, STM32MP135FAE7, STM32MP135FAF7, STM32MP135FAF7T, STM32MP135FAF7U, STM32MP135FAG7, STM32U595ZJT6Q, STM32U599BJY6QTR, STM32U599NIH6Q, STM32U599NJH6Q, STM32U5A5ZJT6Q, STM32U5A9BJY6QTR, STM32U5A9NJH6Q, STM32WB1MMCH6, STM32WL5MOCH6TR]
2023-01-25 04:29:56,267 [INFO] BoardInfo:879 - No configuration file found for board P-NUCLEO-WB55
2023-01-25 04:29:56,267 [INFO] DbBoards:156 - Kit is not supported: P-NUCLEO-WB55
2023-01-25 04:29:56,276 [INFO] BoardInfo:879 - No configuration file found for board STEVAL-BFA001V1B
2023-01-25 04:29:56,277 [INFO] DbBoards:156 - Kit is not supported: STEVAL-BFA001V1B
2023-01-25 04:29:56,279 [INFO] BoardInfo:879 - No configuration file found for board STEVAL-BFA001V2B
2023-01-25 04:29:56,279 [INFO] DbBoards:156 - Kit is not supported: STEVAL-BFA001V2B
2023-01-25 04:29:56,501 [INFO] DbBoards:160 - Found 179 boards, 176 are supported
2023-01-25 04:29:56,511 [INFO] ApiDb:422 - Load user favorites file C:\Users\mahon/.stm32cubeide/favorites.boards.txt: 0 item(s)
2023-01-25 04:29:56,511 [INFO] ApiDb:426 - User favorites Boards=[]
2023-01-25 04:29:56,511 [INFO] DbBoards:189 - Set 0 / 0 favorites Boards
2023-01-25 04:29:56,515 [INFO] ApiDb:667 - CubeFinder database Data Model version=2.1
2023-01-25 04:29:56,516 [INFO] ApiDb:668 - CubeFinder database Configuration version=3.0.35
2023-01-25 04:29:56,516 [INFO] ApiDb:669 - CubeFinder database generation date=2023-01-11 (1673424164)
2023-01-25 04:29:56,516 [INFO] ApiDb:670 - CubeFinder database FW Pack versions=[FP-ATR-ASTRA1_V1.1.1, STM32Cube_FW_C0_V1.0.0, STM32Cube_FW_F4_V1.27.1, STM32Cube_FW_F7_V1.17.0, STM32Cube_FW_G0_V1.6.1, STM32Cube_FW_G4_V1.5.0, STM32Cube_FW_H5_V0.5.1, STM32Cube_FW_H7_V1.11.0, STM32Cube_FW_L5_V1.5.0, STM32Cube_FW_U5_V1.1.1, STM32Cube_FW_WBA_V0.2.0, STM32Cube_FW_WB_V1.15.0, STM32Cube_FW_WB_V1.15.0RC1, STM32Cube_FW_WL_V1.3.0, X-CUBE-ALGOBUILD_V1.3.0, X-CUBE-ALS_V1.0.1, X-CUBE-AZRTOS-F4_V1.1.0, X-CUBE-AZRTOS-F7_V1.1.0, X-CUBE-AZRTOS-G0_V1.1.0, X-CUBE-AZRTOS-G4_V1.0.0, X-CUBE-AZRTOS-H7_V2.1.0, X-CUBE-AZRTOS-L4_V1.0.0, X-CUBE-AZRTOS-L5_V1.0.0, X-CUBE-AZRTOS-WL_V1.0.0, X-CUBE-BLE1_V6.2.4, X-CUBE-BLE2_V3.3.0, X-CUBE-BLEMGR_V1.3.0, X-CUBE-EEPRMA1_V4.1.0, X-CUBE-GNSS1_V6.0.0, X-CUBE-MEMS1_V9.1.0, X-CUBE-MEMS1_V9.3.0, X-CUBE-MEMS1_V9.4.0, X-CUBE-NFC4_V3.0.0, X-CUBE-NFC7_V1.0.0, X-CUBE-SFXS2LP1_V4.0.0, X-CUBE-SUBG2_V5.0.0]
2023-01-25 04:29:57,559 [INFO] DbExamplesSqlite:375 - Ignored 31 examples not supported by CubeIDE
2023-01-25 04:29:57,560 [INFO] DbExamplesSqlite:376 - Found 6221 examples active
2023-01-25 04:29:57,560 [INFO] DbExamplesSqlite:377 - Found 276 examples obsolete
2023-01-25 04:29:57,560 [INFO] DbExamplesSqlite:378 - Found 0 examples under development
2023-01-25 04:29:57,560 [INFO] DbExamplesSqlite:379 - Found 76 examples not building
2023-01-25 04:29:57,563 [INFO] DbExamples:124 - Found 6266 examples
2023-01-25 04:29:57,660 [ERROR] DbExamples:207 - Found 106 examples with invalid data (board or MCU)
2023-01-25 04:29:57,661 [INFO] DbExamples:221 - Found 78 boards with related examples
2023-01-25 04:29:57,663 [INFO] DbExamples:234 - Found 63 MCUs with related examples
2023-01-25 04:29:57,705 [INFO] ApiDb:422 - Load user favorites file C:\Users\mahon/.stm32cubeide/favorites.examples.txt: 0 item(s)
2023-01-25 04:29:57,706 [INFO] ApiDb:426 - User favorites Examples=[]
2023-01-25 04:29:57,706 [INFO] DbExamples:249 - Set 0 / 0 favorites Examples
2023-01-25 04:29:58,050 [INFO] McuFinderGlobals:65 - Set McuFinderConnectedMode to true
2023-01-25 04:29:58,066 [INFO] MultiScanPanel:196 - Auto-refresh data requested => check proxy status ongoing
2023-01-25 04:29:58,073 [INFO] FinderPluginLoader:92 - Searching for filters in installed packs
2023-01-25 04:30:00,748 [INFO] LoadUrlFilesThread:179 - End of LoadServerUrlFiles without Thread
2023-01-25 04:30:00,787 [INFO] DetailPanel:339 - Set advertising image to C:/Users/mahon/STM32Cube/Repository/\en.prom-stm32c0-0123.jpg
2023-01-25 04:30:06,191 [INFO] MultiScanPanel:196 - Auto-refresh data requested => check proxy status ongoing
2023-01-25 04:30:06,414 [INFO] LoadUrlFilesThread:179 - End of LoadServerUrlFiles without Thread
2023-01-25 04:30:06,415 [INFO] DetailPanel:339 - Set advertising image to C:/Users/mahon/STM32Cube/Repository/\en.prom-stm32c0-0123.jpg
2023-01-25 04:30:06,435 [INFO] DbBoards:633 - Loading board mini-images...
2023-01-25 04:30:06,833 [ERROR] DbBoards:650 - Image file not found for board B-WL5M-SUBG1: C:\Users\mahon\.stmcufinder\plugins\mcufinder//mcu//boards_images/B-WL5M-SUBG1.jpg
2023-01-25 04:30:10,263 [INFO] DbBoards:656 - Loaded 178 board mini-images
2023-01-25 04:31:18,553 [INFO] McuFinderGlobals:65 - Set McuFinderConnectedMode to true
2023-01-25 04:31:18,557 [INFO] ApiDb:447 - Save user favorites file C:\Users\mahon/.stm32cubeide/favorites.mcus.txt: 0 item(s)
2023-01-25 04:31:18,558 [INFO] ApiDb:451 - User favorites MCUs=[]
2023-01-25 04:31:18,560 [INFO] ApiDb:447 - Save user favorites file C:\Users\mahon/.stm32cubeide/favorites.boards.txt: 0 item(s)
2023-01-25 04:31:18,560 [INFO] ApiDb:451 - User favorites Boards=[]
2023-01-25 06:25:07,085 [INFO] MainUpdater:2800 - connection check result : 10
2023-01-25 06:25:07,302 [INFO] McuFinderGlobals:65 - Set McuFinderConnectedMode to true
2023-01-25 06:25:07,304 [INFO] MultiScanPanel:196 - Auto-refresh data requested => check proxy status ongoing
2023-01-25 06:25:07,305 [INFO] FinderPluginLoader:92 - Searching for filters in installed packs
2023-01-25 06:25:08,761 [INFO] LoadUrlFilesThread:179 - End of LoadServerUrlFiles without Thread
2023-01-25 06:25:08,762 [INFO] DetailPanel:339 - Set advertising image to C:/Users/mahon/STM32Cube/Repository/\en.prom-stm32c0-0123.jpg
2023-01-25 06:25:12,297 [INFO] MultiScanPanel:196 - Auto-refresh data requested => check proxy status ongoing
2023-01-25 06:25:12,436 [INFO] LoadUrlFilesThread:179 - End of LoadServerUrlFiles without Thread
2023-01-25 06:25:12,436 [INFO] DetailPanel:339 - Set advertising image to C:/Users/mahon/STM32Cube/Repository/\en.prom-stm32c0-0123.jpg
2023-01-25 06:25:14,544 [INFO] ApiDb:580 - Connected to CubeFinder SQLite database (C:\Users\mahon\.stmcufinder\plugins\mcufinder\mcu\cube-finder-db.db)
2023-01-25 06:25:49,921 [INFO] McuFinderGlobals:65 - Set McuFinderConnectedMode to true
2023-01-25 06:25:49,924 [INFO] ApiDb:447 - Save user favorites file C:\Users\mahon/.stm32cubeide/favorites.mcus.txt: 0 item(s)
2023-01-25 06:25:49,925 [INFO] ApiDb:451 - User favorites MCUs=[]
2023-01-25 06:25:49,926 [INFO] ApiDb:447 - Save user favorites file C:\Users\mahon/.stm32cubeide/favorites.boards.txt: 0 item(s)
2023-01-25 06:25:49,927 [INFO] ApiDb:451 - User favorites Boards=[]
2023-01-25 07:17:39,847 [INFO] MainUpdater:2800 - connection check result : 10
2023-01-25 07:17:40,069 [INFO] McuFinderGlobals:65 - Set McuFinderConnectedMode to true
2023-01-25 07:17:40,071 [INFO] MultiScanPanel:196 - Auto-refresh data requested => check proxy status ongoing
2023-01-25 07:17:40,072 [INFO] FinderPluginLoader:92 - Searching for filters in installed packs
2023-01-25 07:17:41,331 [INFO] LoadUrlFilesThread:179 - End of LoadServerUrlFiles without Thread
2023-01-25 07:17:41,331 [INFO] DetailPanel:339 - Set advertising image to C:/Users/mahon/STM32Cube/Repository/\en.prom-stm32c0-0123.jpg
2023-01-25 07:17:48,149 [INFO] MultiScanPanel:196 - Auto-refresh data requested => check proxy status ongoing
2023-01-25 07:17:48,252 [INFO] LoadUrlFilesThread:179 - End of LoadServerUrlFiles without Thread
2023-01-25 07:17:48,253 [INFO] DetailPanel:339 - Set advertising image to C:/Users/mahon/STM32Cube/Repository/\en.prom-stm32c0-0123.jpg
2023-01-25 07:18:22,876 [INFO] MainUpdater:2800 - connection check result : 10
2023-01-25 07:18:22,877 [INFO] MainUpdater:2800 - connection check result : 10
2023-01-25 07:18:22,921 [INFO] MicroXplorer:451 - Change Database Path : 
2023-01-25 07:18:22,922 [INFO] MicroXplorer:481 - Change Database Version : DB.6.0.70
2023-01-25 07:18:22,922 [WARN] ThirdParty:845 - waiting for thirdparty lock release [close project]
2023-01-25 07:18:22,923 [INFO] ThirdParty:847 - entering critical section [close project]
2023-01-25 07:18:22,925 [INFO] ThirdParty:857 - exiting critical section [close project]
2023-01-25 07:18:22,931 [INFO] PinOutPanel:1477 - setPackage(No Configuration,No Configuration)
2023-01-25 07:18:22,947 [INFO] UtilMem:74 - Begin LoadConfig() Used Memory: 626878256 Bytes (974127104)
2023-01-25 07:18:22,962 [INFO] OpenFileManager:307 - Change cursor
2023-01-25 07:18:23,049 [INFO] ProjectFactory:399 - No CPN specified for board STM32F429I-DISC1 => set CPN to STM32F429ZIT6
2023-01-25 07:18:23,057 [INFO] Mcu:1925 - Initializing MCU STM32F429ZITx STM32F429ZITx STM32F429ZIT6
2023-01-25 07:18:27,222 [INFO] Context:654 - Trying to add GPIOservice into a context  which must be forbidden
2023-01-25 07:18:28,223 [INFO] Rule:225 - rule 117617 - U5Cobra4M][GTZC] default value MPCBB3 and MPCBB5 - Not Secured memory - MPCBB1 is applicable
2023-01-25 07:18:28,223 [INFO] Rule:225 - rule 117617 - U5Cobra4M][GTZC] default value MPCBB3 and MPCBB5 - Not Secured memory - MPCBB1 is applicable
2023-01-25 07:18:28,223 [INFO] Rule:225 - rule 117617 - U5Cobra4M][GTZC] default value MPCBB3 and MPCBB5 - Not Secured memory - MPCBB2 is applicable
2023-01-25 07:18:28,223 [INFO] Rule:225 - rule 117617 - U5Cobra4M][GTZC] default value MPCBB3 and MPCBB5 - Not Secured memory - MPCBB2 is applicable
2023-01-25 07:18:28,223 [INFO] Rule:225 - rule 117617 - U5Cobra4M][GTZC] default value MPCBB3 and MPCBB5 - Not Secured memory - MPCBB3 is applicable
2023-01-25 07:18:28,224 [INFO] Rule:225 - rule 117617 - U5Cobra4M][GTZC] default value MPCBB3 and MPCBB5 - Not Secured memory - MPCBB3 is applicable
2023-01-25 07:18:28,224 [INFO] Rule:225 - rule 117617 - U5Cobra4M][GTZC] default value MPCBB3 and MPCBB5 - Not Secured memory - MPCBB4 is applicable
2023-01-25 07:18:28,224 [INFO] Rule:225 - rule 117617 - U5Cobra4M][GTZC] default value MPCBB3 and MPCBB5 - Not Secured memory - MPCBB4 is applicable
2023-01-25 07:18:28,224 [INFO] Rule:225 - rule 117617 - U5Cobra4M][GTZC] default value MPCBB3 and MPCBB5 - Secured memory - MPCBB1 is applicable
2023-01-25 07:18:28,224 [INFO] Rule:225 - rule 117617 - U5Cobra4M][GTZC] default value MPCBB3 and MPCBB5 - Secured memory - MPCBB2 is applicable
2023-01-25 07:18:28,225 [INFO] Rule:225 - rule 117617 - U5Cobra4M][GTZC] default value MPCBB3 and MPCBB5 - Secured memory - MPCBB3 is applicable
2023-01-25 07:18:28,225 [INFO] Rule:225 - rule 117617 - U5Cobra4M][GTZC] default value MPCBB3 and MPCBB5 - Secured memory - MPCBB4 is applicable
2023-01-25 07:18:28,225 [INFO] Rule:225 - rule 117617 - U5Cobra4M][GTZC] default value MPCBB3 and MPCBB5 - Privileged memory - MPCBB1 is applicable
2023-01-25 07:18:28,225 [INFO] Rule:225 - rule 117617 - U5Cobra4M][GTZC] default value MPCBB3 and MPCBB5 - Privileged memory - MPCBB2 is applicable
2023-01-25 07:18:28,225 [INFO] Rule:225 - rule 117617 - U5Cobra4M][GTZC] default value MPCBB3 and MPCBB5 - Privileged memory - MPCBB3 is applicable
2023-01-25 07:18:28,225 [INFO] Rule:225 - rule 117617 - U5Cobra4M][GTZC] default value MPCBB3 and MPCBB5 - Privileged memory - MPCBB4 is applicable
2023-01-25 07:18:28,225 [INFO] Rule:225 - rule 117617 - U5Cobra4M][GTZC] default value MPCBB3 and MPCBB5 - Not Privileged memory - MPCBB1 is applicable
2023-01-25 07:18:28,225 [INFO] Rule:225 - rule 117617 - U5Cobra4M][GTZC] default value MPCBB3 and MPCBB5 - Not Privileged memory - MPCBB2 is applicable
2023-01-25 07:18:28,226 [INFO] Rule:225 - rule 117617 - U5Cobra4M][GTZC] default value MPCBB3 and MPCBB5 - Not Privileged memory - MPCBB3 is applicable
2023-01-25 07:18:28,226 [INFO] Rule:225 - rule 117617 - U5Cobra4M][GTZC] default value MPCBB3 and MPCBB5 - Not Privileged memory - MPCBB4 is applicable
2023-01-25 07:18:28,226 [INFO] Rule:225 - rule 117617 - U5Cobra4M][GTZC] default value MPCBB3 and MPCBB5 - Privileged memory - MPCBB1 is applicable
2023-01-25 07:18:28,226 [INFO] Rule:225 - rule 117617 - U5Cobra4M][GTZC] default value MPCBB3 and MPCBB5 - Privileged memory - MPCBB2 is applicable
2023-01-25 07:18:28,226 [INFO] Rule:225 - rule 117617 - U5Cobra4M][GTZC] default value MPCBB3 and MPCBB5 - Privileged memory - MPCBB3 is applicable
2023-01-25 07:18:28,226 [INFO] Rule:225 - rule 117617 - U5Cobra4M][GTZC] default value MPCBB3 and MPCBB5 - Privileged memory - MPCBB4 is applicable
2023-01-25 07:18:28,226 [INFO] Rule:225 - rule 117617 - U5Cobra4M][GTZC] default value MPCBB3 and MPCBB5 - Privileged memory - MPCBB1 is applicable
2023-01-25 07:18:28,227 [INFO] Rule:225 - rule 117617 - U5Cobra4M][GTZC] default value MPCBB3 and MPCBB5 - Privileged memory - MPCBB2 is applicable
2023-01-25 07:18:28,227 [INFO] Rule:225 - rule 117617 - U5Cobra4M][GTZC] default value MPCBB3 and MPCBB5 - Privileged memory - MPCBB3 is applicable
2023-01-25 07:18:28,227 [INFO] Rule:225 - rule 117617 - U5Cobra4M][GTZC] default value MPCBB3 and MPCBB5 - Privileged memory - MPCBB4 is applicable
2023-01-25 07:18:28,227 [INFO] Rule:225 - rule 117617 - U5Cobra4M][GTZC] default value MPCBB3 and MPCBB5 - Not Privileged memory - MPCBB1 is applicable
2023-01-25 07:18:28,227 [INFO] Rule:225 - rule 117617 - U5Cobra4M][GTZC] default value MPCBB3 and MPCBB5 - Not Privileged memory - MPCBB2 is applicable
2023-01-25 07:18:28,227 [INFO] Rule:225 - rule 117617 - U5Cobra4M][GTZC] default value MPCBB3 and MPCBB5 - Not Privileged memory - MPCBB3 is applicable
2023-01-25 07:18:28,227 [INFO] Rule:225 - rule 117617 - U5Cobra4M][GTZC] default value MPCBB3 and MPCBB5 - Not Privileged memory - MPCBB4 is applicable
2023-01-25 07:18:28,227 [INFO] Rule:225 - rule 117617 - U5Cobra4M][GTZC] default value MPCBB3 and MPCBB5 - Privileged memory - MPCBB1 is applicable
2023-01-25 07:18:28,227 [INFO] Rule:225 - rule 117617 - U5Cobra4M][GTZC] default value MPCBB3 and MPCBB5 - Privileged memory - MPCBB2 is applicable
2023-01-25 07:18:28,228 [INFO] Rule:225 - rule 117617 - U5Cobra4M][GTZC] default value MPCBB3 and MPCBB5 - Privileged memory - MPCBB3 is applicable
2023-01-25 07:18:28,228 [INFO] Rule:225 - rule 117617 - U5Cobra4M][GTZC] default value MPCBB3 and MPCBB5 - Privileged memory - MPCBB4 is applicable
2023-01-25 07:18:28,228 [INFO] Rule:225 - rule Rename SubGHz_Phy SUBGHZ_APPLICATION SUBGHZ_PINGPONG to SUBGHZ_ADV_APPLICATION is applicable
2023-01-25 07:18:28,228 [INFO] Rule:225 - rule Rename Enabled to IBEACON is applicable
2023-01-25 07:18:28,228 [INFO] Rule:225 - rule GTZC_S instance for project manager is applicable
2023-01-25 07:18:28,228 [INFO] Rule:225 - rule GTZC_S instance for context M33S is applicable
2023-01-25 07:18:28,228 [INFO] Rule:225 - rule GTZC_S instance value for IP GTZC is applicable
2023-01-25 07:18:28,228 [INFO] Rule:225 - rule GTZC_S instance for mcu.IP is applicable
2023-01-25 07:18:28,228 [INFO] Rule:225 - rule GTZC_S instance for VP is applicable
2023-01-25 07:18:28,229 [INFO] Rule:225 - rule GTZC_S instance for signal is applicable
2023-01-25 07:18:28,229 [INFO] Rule:225 - rule GTZC_S instance for mcu.Pin is applicable
2023-01-25 07:18:28,229 [INFO] Rule:225 - rule GTZC_S instance for VP is applicable
2023-01-25 07:18:28,229 [INFO] Rule:225 - rule GTZC_S instance for signal is applicable
2023-01-25 07:18:28,229 [INFO] Rule:225 - rule GTZC_S instance for mcu is applicable
2023-01-25 07:18:28,229 [INFO] Rule:225 - rule GTZC_S instance for mcu.Pin is applicable
2023-01-25 07:18:28,229 [INFO] Rule:225 - rule GTZC_S instance value for IP GTZC is applicable
2023-01-25 07:18:28,229 [INFO] Rule:225 - rule GTZC_S instance for project manager is applicable
2023-01-25 07:18:28,229 [INFO] Rule:225 - rule GTZC_S instance for context M33S is applicable
2023-01-25 07:18:28,230 [INFO] Rule:225 - rule GTZC_S instance for VP is applicable
2023-01-25 07:18:28,230 [INFO] Rule:225 - rule GTZC_S instance for signal is applicable
2023-01-25 07:18:28,230 [INFO] Rule:225 - rule SPDIFRX instance for mcu is applicable
2023-01-25 07:18:28,230 [INFO] Rule:225 - rule Rename Tracer Mode is applicable
2023-01-25 07:18:28,230 [INFO] Rule:225 - rule SPDIFRX instance value for IP SPDIFRX is applicable
2023-01-25 07:18:28,230 [INFO] Rule:225 - rule SPDIFRX instance for signal is applicable
2023-01-25 07:18:28,231 [INFO] Rule:225 - rule SPDIFRX instance for project manager is applicable
2023-01-25 07:18:28,231 [INFO] Rule:225 - rule SPDIFRX instance for project manager is applicable
2023-01-25 07:18:28,231 [INFO] Rule:225 - rule ADC Scan  fix with FW F7 is applicable
2023-01-25 07:18:28,231 [INFO] Rule:225 - rule ADC Scan  fix with FW F7 is applicable
2023-01-25 07:18:28,231 [INFO] Rule:225 - rule DFSDM instance value for IP DFSDM is applicable
2023-01-25 07:18:28,231 [INFO] Rule:225 - rule DFSDM instance for mcu is applicable
2023-01-25 07:18:28,232 [INFO] Rule:225 - rule DFSDM instance for VP is applicable
2023-01-25 07:18:28,232 [INFO] Rule:225 - rule DFSDM instance for signal is applicable
2023-01-25 07:18:28,232 [INFO] Rule:225 - rule DFSDM instance for shared is applicable
2023-01-25 07:18:28,232 [INFO] Rule:225 - rule BreakInputSource parameter for IP Timer is applicable
2023-01-25 07:18:28,232 [INFO] Rule:225 - rule Sourcebreak parameter for IP Timer is applicable
2023-01-25 07:18:28,232 [INFO] Rule:225 - rule Sourcebreak parameter for IP Timer is applicable
2023-01-25 07:18:28,232 [INFO] Rule:225 - rule DFSDM for PCC is applicable
2023-01-25 07:18:28,232 [INFO] Rule:225 - rule Serial_Wire Mode is applicable
2023-01-25 07:18:28,232 [INFO] Rule:225 - rule JTAG_4_pins Mode is applicable
2023-01-25 07:18:28,232 [INFO] Rule:225 - rule JTAG_5_pins Mode is applicable
2023-01-25 07:18:28,232 [INFO] Rule:225 - rule Trace_Asynchronous_SW Mode is applicable
2023-01-25 07:18:28,233 [INFO] Rule:225 - rule Trace_Synchro_1bit_JTAG Mode is applicable
2023-01-25 07:18:28,233 [INFO] Rule:225 - rule Trace_Synchro_2bits_JTAG Mode is applicable
2023-01-25 07:18:28,233 [INFO] Rule:225 - rule Trace_Synchro_4bits_JTAG Mode is applicable
2023-01-25 07:18:28,233 [INFO] Rule:225 - rule Trace_Synchro_1bit_SW Mode is applicable
2023-01-25 07:18:28,233 [INFO] Rule:225 - rule Trace_Synchro_2bits_SW Mode is applicable
2023-01-25 07:18:28,233 [INFO] Rule:225 - rule Trace_Synchro_4bits_SW Mode is applicable
2023-01-25 07:18:28,233 [INFO] Rule:225 - rule SYS_WakeUp0 Mode is applicable
2023-01-25 07:18:28,233 [INFO] Rule:225 - rule SYS_WakeUp0 Mode for STM32F446 is applicable
2023-01-25 07:18:28,234 [INFO] Rule:225 - rule SYS_WakeUp1 Mode is applicable
2023-01-25 07:18:28,234 [INFO] Rule:225 - rule SYS_WakeUp1 Mode for STM32F446 is applicable
2023-01-25 07:18:28,234 [INFO] Rule:225 - rule SYS_WakeUp2 Mode is applicable
2023-01-25 07:18:28,234 [INFO] Rule:225 - rule SYS_WakeUp3 Mode is applicable
2023-01-25 07:18:28,234 [INFO] Rule:225 - rule SYS_WakeUp4 Mode is applicable
2023-01-25 07:18:28,234 [INFO] Rule:225 - rule SYS_WakeUp5 Mode is applicable
2023-01-25 07:18:28,234 [INFO] Rule:225 - rule SYS_WakeUp6 Mode is applicable
2023-01-25 07:18:28,234 [INFO] Rule:225 - rule SYS_WakeUp7 Mode is applicable
2023-01-25 07:18:28,234 [INFO] Rule:225 - rule Mode_PVD_Ext is applicable
2023-01-25 07:18:28,234 [INFO] Rule:225 - rule Mode_PVD_Int is applicable
2023-01-25 07:18:28,234 [INFO] Rule:225 - rule Add RTC Activate Clock Source is applicable
2023-01-25 07:18:28,235 [INFO] Rule:225 - rule Add RTC Activate Calendar 1 is applicable
2023-01-25 07:18:28,235 [INFO] Rule:225 - rule Add RTC Activate Calendar 2 is applicable
2023-01-25 07:18:28,235 [INFO] Rule:225 - rule Add RTC Activate Calendar 3 is applicable
2023-01-25 07:18:28,235 [INFO] Rule:225 - rule UART/USART TX Mode is applicable
2023-01-25 07:18:28,235 [INFO] Rule:225 - rule UART/USART RX Mode is applicable
2023-01-25 07:18:28,235 [INFO] Rule:225 - rule UART/USART RX TX Mode is applicable
2023-01-25 07:18:28,235 [INFO] Rule:225 - rule UART/USART PARITY NONE is applicable
2023-01-25 07:18:28,235 [INFO] Rule:225 - rule UART/USART PARITY EVEN is applicable
2023-01-25 07:18:28,235 [INFO] Rule:225 - rule UART/USART PARITY ODD is applicable
2023-01-25 07:18:28,235 [INFO] Rule:225 - rule USART StopBits 1 is applicable
2023-01-25 07:18:28,236 [INFO] Rule:225 - rule USART StopBits 2 is applicable
2023-01-25 07:18:28,236 [INFO] Rule:225 - rule USART StopBits 1.5 is applicable
2023-01-25 07:18:28,236 [INFO] Rule:225 - rule USART StopBits 0.5 is applicable
2023-01-25 07:18:28,236 [INFO] Rule:225 - rule UART/USART WORD LENGTH 7 is applicable
2023-01-25 07:18:28,236 [INFO] Rule:225 - rule UART/USART WORD LENGTH 8 is applicable
2023-01-25 07:18:28,236 [INFO] Rule:225 - rule UART/USART WORD LENGTH 9 is applicable
2023-01-25 07:18:28,236 [INFO] Rule:225 - rule Rename FMC NAND NCE signal is applicable
2023-01-25 07:18:28,236 [INFO] Rule:225 - rule Rename FMC NAND INT signal is applicable
2023-01-25 07:18:28,237 [INFO] Rule:225 - rule Change Default Value for LSE Drive Capability for WB family is applicable
2023-01-25 07:18:28,237 [INFO] Rule:225 - rule Change Default Value for ADC Clock Prescaler G0 family is applicable
2023-01-25 07:18:28,237 [INFO] Rule:225 - rule Change Default Value for ADC ExternalTrigConv L4 family is applicable
2023-01-25 07:18:28,237 [INFO] Rule:225 - rule Change Default Value for ADC ExternalTrigInjecConv L4 family is applicable
2023-01-25 07:18:28,237 [INFO] Rule:225 - rule Change Default Value for ADC ExternalTrigConv F3 family is applicable
2023-01-25 07:18:28,237 [INFO] Rule:225 - rule Change Default Value for ADC ExternalTrigInjecConv F3 family is applicable
2023-01-25 07:18:28,237 [INFO] Rule:225 - rule Change Default Value for ADC ExternalTrigConv Goldfish serie is applicable
2023-01-25 07:18:28,237 [INFO] Rule:225 - rule Change Default Value for ADC ExternalTrigInjecConv Goldfish serie is applicable
2023-01-25 07:18:28,237 [INFO] Rule:225 - rule Change Default Value for ADC ExternalTrigConv L0 family is applicable
2023-01-25 07:18:28,237 [INFO] Rule:225 - rule Change Default Value for ADC ExternalTrigConv F0 family is applicable
2023-01-25 07:18:28,237 [INFO] Rule:225 - rule Change Default Value for ADC ExternalTrigConvn L1 family is applicable
2023-01-25 07:18:28,237 [INFO] Rule:225 - rule Change Default Value for ADC ExternalTrigInjecConv L1 family is applicable
2023-01-25 07:18:28,237 [INFO] Rule:225 - rule Change Default Value for ADC ExternalTrigConv F1 family is applicable
2023-01-25 07:18:28,238 [INFO] Rule:225 - rule Change Default Value for ADC ExternalTrigInjecConv F1 family is applicable
2023-01-25 07:18:28,238 [INFO] Rule:225 - rule Change Default Value for ADC ExternalTrigConv F7 family is applicable
2023-01-25 07:18:28,238 [INFO] Rule:225 - rule Change Default Value for ADC ExternalTrigInjecConv F7 family is applicable
2023-01-25 07:18:28,238 [INFO] Rule:225 - rule Change Default Value for ADC ExternalTrigConv F4 and F2 family is applicable
2023-01-25 07:18:28,238 [INFO] Rule:225 - rule Change Default Value for ADC ExternalTrigInjecConv F4 and F2 family is applicable
2023-01-25 07:18:28,238 [INFO] Rule:225 - rule ADC SamplingTime fix with FW L0  is applicable
2023-01-25 07:18:28,239 [INFO] Rule:225 - rule ADC SamplingTime fix with FW L0  is applicable
2023-01-25 07:18:28,239 [INFO] Rule:225 - rule ADC SamplingTime fix with FW L0 is applicable
2023-01-25 07:18:28,239 [INFO] Rule:225 - rule ADC SamplingTime fix with FW L0 is applicable
2023-01-25 07:18:28,239 [INFO] Rule:225 - rule ADC SamplingTime fix with FW L0  is applicable
2023-01-25 07:18:28,239 [INFO] Rule:225 - rule ADC SamplingTime fix with FW L0 is applicable
2023-01-25 07:18:28,239 [INFO] Rule:225 - rule Rename USB_OE Signal is applicable
2023-01-25 07:18:28,239 [INFO] Rule:225 - rule Rename Activate_OE Mode is applicable
2023-01-25 07:18:28,239 [INFO] Rule:225 - rule Rename DIE462/DIE415 pin PC14/OSC32_IN -> PC14-OSC32_IN (PC14) is applicable
2023-01-25 07:18:28,239 [INFO] Rule:225 - rule Rename DIE462/DIE415 pin PC15/OSC32_OUT -> PC15-OSC32_OUT (PC15) is applicable
2023-01-25 07:18:28,239 [INFO] Rule:225 - rule Rename DIE462/DIE415 pin PH0/OSC_IN -> PH0-OSC_IN (PH0) is applicable
2023-01-25 07:18:28,240 [INFO] Rule:225 - rule Rename DIE462/DIE415 pin PH1/OSC_OUT -> PH1-OSC_OUT (PH1) is applicable
2023-01-25 07:18:28,240 [INFO] Rule:225 - rule Rename DIE462 pin PA13 -> PA13 (JTMS/SWDIO) is applicable
2023-01-25 07:18:28,240 [INFO] Rule:225 - rule Rename DIE415 pin PA13 -> PA13 (JTMS/SWDIO) is applicable
2023-01-25 07:18:28,240 [INFO] Rule:225 - rule Rename DIE462 pin PA14 -> PA14 (JTCK/SWCLK) is applicable
2023-01-25 07:18:28,240 [INFO] Rule:225 - rule Rename DIE415 pin PA14 -> PA14 (JTCK/SWCLK) is applicable
2023-01-25 07:18:28,240 [INFO] Rule:225 - rule Rename DIE462/DIE415 pin PA15 -> PA15 (JTDI) is applicable
2023-01-25 07:18:28,240 [INFO] Rule:225 - rule Rename DIE462 pin PB3 -> PB3 (JTD0/TRACESWO) is applicable
2023-01-25 07:18:28,240 [INFO] Rule:225 - rule Rename DIE415 pin PB3 -> PB3 (JTD0-TRACESWO) is applicable
2023-01-25 07:18:28,240 [INFO] Rule:225 - rule Rename DIE462/DIE415 pin PB4 -> PB4 (NJTRST) is applicable
2023-01-25 07:18:28,240 [INFO] Rule:225 - rule Rename DIE462 pin PH3/BOOT0 -> PH3-BOOT0 (BOOT0) is applicable
2023-01-25 07:18:28,241 [INFO] Rule:225 - rule Rename CRYP DataEncryptionTypesList to Algorithm is applicable
2023-01-25 07:18:28,241 [INFO] Rule:225 - rule Rename AES DataEncryptionTypesList to Algorithm is applicable
2023-01-25 07:18:28,241 [INFO] Rule:225 - rule Rename TDESECB to CRYP_TDES_ECB is applicable
2023-01-25 07:18:28,241 [INFO] Rule:225 - rule Rename TDESCBC to CRYP_TDES_CBC is applicable
2023-01-25 07:18:28,241 [INFO] Rule:225 - rule Rename DESECB to CRYP_DES_ECB is applicable
2023-01-25 07:18:28,241 [INFO] Rule:225 - rule Rename DESCBC to CRYP_DES_CBC is applicable
2023-01-25 07:18:28,241 [INFO] Rule:225 - rule Rename AESECB to CRYP_AES_ECB is applicable
2023-01-25 07:18:28,241 [INFO] Rule:225 - rule Rename AESCBC to CRYP_AES_CBC is applicable
2023-01-25 07:18:28,241 [INFO] Rule:225 - rule Rename AESCTR to CRYP_AES_CTR is applicable
2023-01-25 07:18:28,241 [INFO] Rule:225 - rule Rename AESGCM to CRYP_AES_GCM is applicable
2023-01-25 07:18:28,242 [INFO] Rule:225 - rule Rename AESCCM to CRYP_AES_CCM is applicable
2023-01-25 07:18:28,242 [INFO] Rule:225 - rule Rename CAN TimeSeg1 to BS1 is applicable
2023-01-25 07:18:28,242 [INFO] Rule:225 - rule Rename CAN TimeSeg2 to BS2 is applicable
2023-01-25 07:18:28,242 [INFO] Rule:225 - rule Rename CAN SyncJumpWidth to SJW is applicable
2023-01-25 07:18:28,242 [INFO] Rule:225 - rule TimeTriggeredMode to TTCM is applicable
2023-01-25 07:18:28,242 [INFO] Rule:225 - rule Rename CAN AutoBusOff to ABOM is applicable
2023-01-25 07:18:28,242 [INFO] Rule:225 - rule Rename CAN AutoWakeUp to AWUM is applicable
2023-01-25 07:18:28,242 [INFO] Rule:225 - rule Rename CAN AutoRetransmission to NART is applicable
2023-01-25 07:18:28,242 [INFO] Rule:225 - rule Rename CAN ReceiveFifoLocked to RFLM is applicable
2023-01-25 07:18:28,242 [INFO] Rule:225 - rule Rename CAN TransmitFifoPriority to TXFP is applicable
2023-01-25 07:18:28,243 [INFO] Rule:225 - rule Rename HRTIMER HRTIM_OUTPUTFAULTLEVEL_HIGH in HRTIMER HRTIM_OUTPUTFAULTLEVEL_HIGHZ is applicable
2023-01-25 07:18:28,243 [INFO] Rule:225 - rule Rename TIMER TIM_CLEARINPUTSOURCE_OCREFCLR in  TIMER TIM_CLEARINPUTSOURCE_NONE for F7 family is applicable
2023-01-25 07:18:28,243 [INFO] Rule:225 - rule FDCAN_R1 - Rename FDCAN mode Master into Classic is applicable
2023-01-25 07:18:28,243 [INFO] Rule:225 - rule FDCAN_R2 - Rename FDCAN mode Slave into Classic is applicable
2023-01-25 07:18:28,243 [INFO] Rule:225 - rule FDCAN1_R3 - if PA10.Mode=FullDuplex, add Pin PA12 is applicable
2023-01-25 07:18:28,243 [INFO] Rule:225 - rule FDCAN1_R3 - if PA9.Mode=FullDuplex, add Pin PA11 is applicable
2023-01-25 07:18:28,243 [INFO] Rule:225 - rule FDCAN1_R3 - Alternatepin_1 - if PE1.Mode=FullDuplex, add Pin PB9 is applicable
2023-01-25 07:18:28,243 [INFO] Rule:225 - rule FDCAN1_R3 - Alternatepin_1 - if PE0.Mode=FullDuplex, add Pin PB8 is applicable
2023-01-25 07:18:28,244 [INFO] Rule:225 - rule FDCAN1_R3 - Alternatepin_2 - if PD5.Mode=FullDuplex, add Pin PD1 is applicable
2023-01-25 07:18:28,244 [INFO] Rule:225 - rule FDCAN1_R3 - Alternatepin_2 - if PD4.Mode=FullDuplex, add Pin PD0 is applicable
2023-01-25 07:18:28,244 [INFO] Rule:225 - rule FDCAN1_R4 - Rename Mode FullDuplex into Enable FDCAN_TXFD for pin PA10 is applicable
2023-01-25 07:18:28,244 [INFO] Rule:225 - rule FDCAN1_R4 - Rename Mode FullDuplex into Enable FDCAN_TXFD for pin PA9 is applicable
2023-01-25 07:18:28,244 [INFO] Rule:225 - rule FDCAN1_R4 - Alternatepin_1 - Rename Mode FullDuplex into Enable FDCAN_TXFD for pin PE1 is applicable
2023-01-25 07:18:28,244 [INFO] Rule:225 - rule FDCAN1_R4 - Alternatepin_1 - Rename Mode FullDuplex into Enable FDCAN_TXFD for pin PE0 is applicable
2023-01-25 07:18:28,244 [INFO] Rule:225 - rule FDCAN1_R4 - Alternatepin_2 - Rename Mode FullDuplex into Enable FDCAN_TXFD for pin PD5 is applicable
2023-01-25 07:18:28,244 [INFO] Rule:225 - rule FDCAN1_R4 - Alternatepin_2 - Rename Mode FullDuplex into Enable FDCAN_TXFD for pin PD4 is applicable
2023-01-25 07:18:28,244 [INFO] Rule:225 - rule FDCAN2_R3 - if PD10.Mode=FullDuplex, add Pin PB13 is applicable
2023-01-25 07:18:28,244 [INFO] Rule:225 - rule FDCAN2_R3 - if PD9.Mode=FullDuplex, add Pin PB12 is applicable
2023-01-25 07:18:28,245 [INFO] Rule:225 - rule FDCAN2_R3 - Alternatepin_1 - if PB7.Mode=FullDuplex, add Pin PB6 is applicable
2023-01-25 07:18:28,245 [INFO] Rule:225 - rule FDCAN2_R3 - Alternatepin_1 - if PD9.Mode=FullDuplex, add Pin PB12 is applicable
2023-01-25 07:18:28,245 [INFO] Rule:225 - rule FDCAN2_R4 - Rename Mode FullDuplex into Enable FDCAN_TXFD for pin PD10 is applicable
2023-01-25 07:18:28,245 [INFO] Rule:225 - rule FDCAN2_R4 - Rename Mode FullDuplex into Enable FDCAN_TXFD for pin PD9 is applicable
2023-01-25 07:18:28,245 [INFO] Rule:225 - rule FDCAN2_R4 - Alternatepin_1 - Rename Mode FullDuplex into Enable FDCAN_TXFD for pin PB7 is applicable
2023-01-25 07:18:28,245 [INFO] Rule:225 - rule FDCAN2_R4 - Alternatepin_1 - Rename Mode FullDuplex into Enable FDCAN_TXFD for pin PD6 is applicable
2023-01-25 07:18:28,245 [INFO] Rule:225 - rule USART TxPinLevelInvertParam Mode is applicable
2023-01-25 07:18:28,246 [INFO] Rule:225 - rule USART RxPinLevelInvertParam Mode is applicable
2023-01-25 07:18:28,246 [INFO] Rule:225 - rule USART DataInvertParam Mode is applicable
2023-01-25 07:18:28,246 [INFO] Rule:225 - rule USART SwapParam Mode is applicable
2023-01-25 07:18:28,246 [INFO] Rule:225 - rule USART OverrunDisableParam Mode is applicable
2023-01-25 07:18:28,246 [INFO] Rule:225 - rule USART DMADisableonRxErrorParam Mode is applicable
2023-01-25 07:18:28,246 [INFO] Rule:225 - rule USART MSBFirstParam Mode is applicable
2023-01-25 07:18:28,246 [INFO] Rule:225 - rule Update MwName for USB_DEVICE is applicable
2023-01-25 07:18:28,246 [INFO] Rule:225 - rule Change PWR_Regulator_Voltage_Scale Default Value for RCC  H7 family is applicable
2023-01-25 07:18:28,246 [INFO] Rule:225 - rule UART/USART IPParameter rename Prescaler parameter to ClockPrescaler is applicable
2023-01-25 07:18:28,247 [INFO] Rule:225 - rule UART/USART Prescaler rename Prescaler parameter to ClockPrescaler is applicable
2023-01-25 07:18:28,247 [INFO] Rule:225 - rule TIM1CLockSelection is applicable
2023-01-25 07:18:28,247 [INFO] Rule:225 - rule TIM15CLockSelection is applicable
2023-01-25 07:18:28,247 [INFO] Rule:225 - rule align RCC SDMMC3CLockSelection default value on MP1 is applicable
2023-01-25 07:18:28,247 [INFO] Rule:225 - rule align RCC SDMMC12CLockSelection default value on MP1 is applicable
2023-01-25 07:18:28,247 [INFO] Rule:225 - rule align RCC QSPICLockSelection default value on MP1 is applicable
2023-01-25 07:18:28,247 [INFO] Rule:225 - rule align RCC QSPICLockSelection default value on MP1 is applicable
2023-01-25 07:18:28,247 [INFO] Rule:225 - rule align RCC SPI6CLockSelection default value on MP1 is applicable
2023-01-25 07:18:28,247 [INFO] Rule:225 - rule align RCC LPTIM23CLockSelection default value on MP1 is applicable
2023-01-25 07:18:28,247 [INFO] Rule:225 - rule align RCC LPTIM1CLockSelection default value on MP1 is applicable
2023-01-25 07:18:28,247 [INFO] Rule:225 - rule align RCC USART1CLockSelection default value on MP1 is applicable
2023-01-25 07:18:28,247 [INFO] Rule:225 - rule align RCC USART24CLockSelection default value on MP1 is applicable
2023-01-25 07:18:28,247 [INFO] Rule:225 - rule align RCC USART6CLockSelection default value on MP1 is applicable
2023-01-25 07:18:28,247 [INFO] Rule:225 - rule align RCC UART78CLockSelection default value on MP1 is applicable
2023-01-25 07:18:28,247 [INFO] Rule:225 - rule align RCC USART35CLockSelection default value on MP1 is applicable
2023-01-25 07:18:28,247 [INFO] Rule:225 - rule align RCC SPI45CLockSelection default value on MP1 is applicable
2023-01-25 07:18:28,247 [INFO] Rule:225 - rule align RCC I2C46CLockSelection BCLK value on MP1 is applicable
2023-01-25 07:18:28,247 [INFO] Rule:225 - rule align RCC SPI45CLockSelection default value on MP1 is applicable
2023-01-25 07:18:28,248 [INFO] Rule:225 - rule align RCC I2C12CLockSelection default value on MP1 is applicable
2023-01-25 07:18:28,248 [INFO] Rule:225 - rule align RCC I2C35CLockSelection default value on MP1 is applicable
2023-01-25 07:18:28,248 [INFO] Rule:225 - rule align RCC LPTIM45CLockSelection default value on MP1 is applicable
2023-01-25 07:18:28,248 [INFO] Rule:225 - rule Rename DCMI PIXCK signal is applicable
2023-01-25 07:18:28,248 [INFO] Rule:225 - rule Change Default Value for I2C46CLockSelection MP1 family is applicable
2023-01-25 07:18:28,248 [INFO] Rule:225 - rule Change Default Value for UART for G4, G0 and WB families is applicable
2023-01-25 07:18:28,248 [INFO] Rule:225 - rule Change Default Value for USART for G4, G0 and WB families is applicable
2023-01-25 07:18:28,248 [INFO] Rule:225 - rule Change Default Value for USART for G4 family is applicable
2023-01-25 07:18:28,248 [INFO] Rule:225 - rule Change USART1CLockSelection refparam name for MP1 is applicable
2023-01-25 07:18:28,248 [INFO] Rule:225 - rule Change USART2CLockSelection refparam name for MP1 is applicable
2023-01-25 07:18:28,248 [INFO] Rule:225 - rule Change USART3CLockSelection refparam name for MP1 is applicable
2023-01-25 07:18:28,248 [INFO] Rule:225 - rule Change UART4CLockSelection refparam name for MP1 is applicable
2023-01-25 07:18:28,248 [INFO] Rule:225 - rule Change UART5CLockSelection refparam name for MP1 is applicable
2023-01-25 07:18:28,249 [INFO] Rule:225 - rule Change LPUART1CLockSelection refparam name for MP1 is applicable
2023-01-25 07:18:28,249 [INFO] Rule:225 - rule Change LPTIM1CLockSelection refparam name for MP1 is applicable
2023-01-25 07:18:28,249 [INFO] Rule:225 - rule Change LPTIM2CLockSelection refparam name for MP1 is applicable
2023-01-25 07:18:28,249 [INFO] Rule:225 - rule Change RCC_MCO1Source refparam name for MP1 is applicable
2023-01-25 07:18:28,249 [INFO] Rule:225 - rule Change LSCOSource1 refparam name for MP1 is applicable
2023-01-25 07:18:28,249 [INFO] Rule:225 - rule Change SMPSCLockSelection refparam name for MP1 is applicable
2023-01-25 07:18:28,249 [INFO] Rule:225 - rule Change LPTIM3CLockSelection refparam name for MP1 is applicable
2023-01-25 07:18:28,249 [INFO] Rule:225 - rule Change MPCBB* Default Template Mode to Parameters is applicable
2023-01-25 07:18:28,249 [INFO] Rule:225 - rule Change MPCWM* or MPCBB* Secure Mode to Parameters is applicable
2023-01-25 07:18:28,249 [INFO] Rule:225 - rule Change MPCWM* or MPCBB* No Secure Mode to Parameters is applicable
2023-01-25 07:18:28,249 [INFO] Rule:225 - rule Change TZSC IP Secure Mode to Parameters is applicable
2023-01-25 07:18:28,249 [INFO] Rule:225 - rule Change TZSC IP No Secure Mode to Parameters is applicable
2023-01-25 07:18:28,249 [INFO] Rule:225 - rule Change TZSC IP Privilege Mode to Parameters is applicable
2023-01-25 07:18:28,250 [INFO] Rule:225 - rule Change TZSC IP No Privilege Mode to Parameters is applicable
2023-01-25 07:18:28,250 [INFO] Rule:225 - rule Change TZIC IT Secure Mode to Parameters is applicable
2023-01-25 07:18:28,250 [INFO] Rule:225 - rule Change TZIC IT No Secure Mode to Parameters is applicable
2023-01-25 07:18:28,250 [INFO] Rule:225 - rule Add MPCBB1_NonSecureArea_Start_Address value with referenced to MPCBB1_NonSecureArea_Start value is applicable
2023-01-25 07:18:28,250 [INFO] Rule:225 - rule Add MPCBB2_NonSecureArea_Start_Address value with referenced to MPCBB2_NonSecureArea_Start value is applicable
2023-01-25 07:18:28,250 [INFO] Rule:225 - rule Add MPCWM1_NonSecureArea*_Start_Address value with referenced to MPCWM1_NonSecureArea*_Start value is applicable
2023-01-25 07:18:28,250 [INFO] Rule:225 - rule Add MPCWM2_NonSecureArea*_Start_Address value with referenced to MPCWM2_NonSecureArea*_Start value is applicable
2023-01-25 07:18:28,250 [INFO] Rule:225 - rule Add MPCWM3_NonSecureArea_Start_Address value with referenced to MPCWM3_NonSecureArea_Start value is applicable
2023-01-25 07:18:28,250 [INFO] Rule:225 - rule Change Default Value for PLL1UserDefinedConfig is applicable
2023-01-25 07:18:28,250 [INFO] Rule:225 - rule Change GPIO_PuPd Default Value for USART in async mode is applicable
2023-01-25 07:18:28,250 [INFO] Rule:225 - rule Change SMPSDivider Default Value is applicable
2023-01-25 07:18:28,250 [INFO] Rule:225 - rule OPAMP is applicable
2023-01-25 07:18:28,250 [INFO] Rule:225 - rule LPUART IPParameter rename Prescaler parameter to ClockPrescaler for STM32H7 is applicable
2023-01-25 07:18:28,251 [INFO] Rule:225 - rule LPUART IPParameter rename Prescaler parameter to ClockPrescaler for STM32H7 is applicable
2023-01-25 07:18:28,251 [INFO] Rule:225 - rule LPUART IPParameter rename Prescaler parameter to ClockPrescaler for STM32WB is applicable
2023-01-25 07:18:28,251 [INFO] Rule:225 - rule LPUART IPParameter rename Prescaler parameter to ClockPrescaler for STM32WB is applicable
2023-01-25 07:18:28,251 [INFO] Rule:225 - rule LPUART IPParameter rename Prescaler parameter to ClockPrescaler for STM32G4 is applicable
2023-01-25 07:18:28,251 [INFO] Rule:225 - rule LPUART IPParameter rename Prescaler parameter to ClockPrescaler for STM32G4 is applicable
2023-01-25 07:18:28,251 [INFO] Rule:225 - rule LPUART IPParameter rename Prescaler parameter to ClockPrescaler for STM32L5 is applicable
2023-01-25 07:18:28,251 [INFO] Rule:225 - rule LPUART IPParameter rename Prescaler parameter to ClockPrescaler for STM32L5 is applicable
2023-01-25 07:18:28,251 [INFO] Rule:225 - rule LPUART IPParameter rename Prescaler parameter to ClockPrescaler for STM32G4 is applicable
2023-01-25 07:18:28,251 [INFO] Rule:225 - rule LPUART IPParameter rename Prescaler parameter to ClockPrescaler for STM32G4 is applicable
2023-01-25 07:18:28,252 [INFO] Rule:225 - rule USB device lib V2.5.3 for L0 rename USBD_SUPPORT_USER_STRING parameter to USBD_SUPPORT_USER_STRING_DESC4 is applicable
2023-01-25 07:18:28,252 [INFO] Rule:225 - rule I2SCLockSelection clock entry align is applicable
2023-01-25 07:18:28,252 [INFO] Rule:225 - rule Assign TIMx context if used as SYS timebase is applicable
2023-01-25 07:18:28,253 [INFO] Rule:225 - rule Change GPIO_Pu Default Value for I2C is applicable
2023-01-25 07:18:28,253 [INFO] Rule:225 - rule Change GPIO_Pu Default Value for SMBus is applicable
2023-01-25 07:18:28,253 [INFO] Rule:225 - rule change FDCAN default value is applicable
2023-01-25 07:18:28,253 [INFO] Rule:225 - rule Change mode sai is applicable
2023-01-25 07:18:28,253 [INFO] Rule:225 - rule **Change sai mode is applicable
2023-01-25 07:18:28,490 [INFO] DbConfProperties:305 - Apply Compatibility (79/279 Rules)
2023-01-25 07:19:22,707 [INFO] ImportTextPane:193 - (OptionalMessage_ERROR) Unable to find key (Mcu.ThirdPartyNb) in loaded IOC file
2023-01-25 07:19:23,280 [INFO] RtosManager:489 - Registered RTOS mode: class=CMSIS, group=RTOS, mode=CMSIS_V1, owner=FREERTOS
2023-01-25 07:19:23,281 [INFO] RtosManager:489 - Registered RTOS mode: class=CMSIS, group=RTOS2, mode=CMSIS_V2, owner=FREERTOS
2023-01-25 07:19:23,281 [INFO] RtosManager:489 - Registered RTOS mode: class=RTOS, group=Core, mode=CMSIS_V1, owner=FREERTOS
2023-01-25 07:19:23,281 [INFO] RtosManager:489 - Registered RTOS mode: class=RTOS, group=Core, mode=CMSIS_V2, owner=FREERTOS
2023-01-25 07:19:23,282 [WARN] ModelIntegratedComponent:185 - Missing modes for component STMicroelectronics:FreeRTOS:0.0.1:STMicroelectronics:RTOS:FreeRTOS:Core:::10.2.0:
2023-01-25 07:19:23,305 [WARN] ModelIntegratedComponent:64 - No mode defined for component null
2023-01-25 07:19:23,305 [WARN] ModelIntegratedComponent:64 - No mode defined for component null
2023-01-25 07:19:23,306 [WARN] ModelIntegratedComponent:64 - No mode defined for component null
2023-01-25 07:19:23,306 [WARN] ModelIntegratedComponent:64 - No mode defined for component null
2023-01-25 07:19:23,306 [WARN] ModelIntegratedComponent:64 - No mode defined for component null
2023-01-25 07:19:23,306 [WARN] ModelIntegratedComponent:64 - No mode defined for component null
2023-01-25 07:19:23,307 [WARN] ModelIntegratedComponent:64 - No mode defined for component null
2023-01-25 07:19:23,307 [WARN] ModelIntegratedComponent:64 - No mode defined for component null
2023-01-25 07:19:23,308 [WARN] ModelIntegratedComponent:64 - No mode defined for component null
2023-01-25 07:19:23,308 [WARN] ModelIntegratedComponent:64 - No mode defined for component null
2023-01-25 07:19:23,308 [WARN] ModelIntegratedComponent:64 - No mode defined for component null
2023-01-25 07:19:23,309 [WARN] ModelIntegratedComponent:64 - No mode defined for component null
2023-01-25 07:19:23,309 [WARN] ModelIntegratedComponent:64 - No mode defined for component null
2023-01-25 07:19:23,309 [WARN] ModelIntegratedComponent:64 - No mode defined for component null
2023-01-25 07:19:23,310 [WARN] ModelIntegratedComponent:64 - No mode defined for component null
2023-01-25 07:19:23,310 [WARN] ModelIntegratedComponent:64 - No mode defined for component null
2023-01-25 07:19:23,310 [WARN] ModelIntegratedComponent:64 - No mode defined for component null
2023-01-25 07:19:23,310 [WARN] ModelIntegratedComponent:64 - No mode defined for component null
2023-01-25 07:19:23,311 [WARN] ModelIntegratedComponent:64 - No mode defined for component null
2023-01-25 07:19:23,311 [WARN] ModelIntegratedComponent:64 - No mode defined for component null
2023-01-25 07:19:23,311 [WARN] ModelIntegratedComponent:64 - No mode defined for component null
2023-01-25 07:19:23,311 [WARN] ModelIntegratedComponent:64 - No mode defined for component null
2023-01-25 07:19:23,311 [WARN] ModelIntegratedComponent:64 - No mode defined for component null
2023-01-25 07:19:23,311 [WARN] ModelIntegratedComponent:64 - No mode defined for component null
2023-01-25 07:19:23,311 [WARN] ModelIntegratedComponent:64 - No mode defined for component null
2023-01-25 07:19:23,312 [WARN] ModelIntegratedComponent:64 - No mode defined for component null
2023-01-25 07:19:23,312 [WARN] ModelIntegratedComponent:64 - No mode defined for component null
2023-01-25 07:19:23,312 [WARN] ModelIntegratedComponent:64 - No mode defined for component null
2023-01-25 07:19:23,312 [WARN] ModelIntegratedComponent:64 - No mode defined for component null
2023-01-25 07:19:23,312 [WARN] ModelIntegratedComponent:64 - No mode defined for component null
2023-01-25 07:19:23,312 [WARN] ModelIntegratedComponent:64 - No mode defined for component null
2023-01-25 07:19:23,312 [WARN] ModelIntegratedComponent:64 - No mode defined for component null
2023-01-25 07:19:23,313 [WARN] ModelIntegratedComponent:64 - No mode defined for component null
2023-01-25 07:19:23,375 [INFO] ThirdPartyModel:294 - Start build external matchings
2023-01-25 07:19:24,131 [INFO] ThirdPartyModel:310 - End build external matchings
2023-01-25 07:19:25,256 [INFO] UtilMem:74 - End LoadConfig() Used Memory: 743946568 Bytes (1073741824)
2023-01-25 07:19:25,532 [WARN] ThirdParty:807 - waiting for thirdparty lock release [change project]
2023-01-25 07:19:25,533 [INFO] ThirdParty:809 - entering critical section [change project]
2023-01-25 07:19:25,533 [INFO] ThirdParty:999 - CMSIS Pack Vendor :STMicroelectronics X-CUBE-ISPU 1.1.0
2023-01-25 07:19:25,533 [INFO] ThirdParty:999 - CMSIS Pack Vendor :RoweBots I-CUBE-UNISONRTOS 5.5.0-4
2023-01-25 07:19:25,533 [INFO] ThirdParty:999 - CMSIS Pack Vendor :STMicroelectronics X-CUBE-GNSS1 6.0.0
2023-01-25 07:19:25,534 [INFO] ThirdParty:999 - CMSIS Pack Vendor :STMicroelectronics X-CUBE-AZRTOS-H7 2.1.0
2023-01-25 07:19:25,534 [INFO] ThirdParty:999 - CMSIS Pack Vendor :STMicroelectronics USB_HOST 2.0.0
2023-01-25 07:19:25,534 [INFO] ThirdParty:999 - CMSIS Pack Vendor :STMicroelectronics X-CUBE-AZRTOS-F4 1.1.0
2023-01-25 07:19:25,534 [INFO] ThirdParty:999 - CMSIS Pack Vendor :STMicroelectronics LIBJPEG 8.0.0
2023-01-25 07:19:25,534 [INFO] ThirdParty:999 - CMSIS Pack Vendor :STMicroelectronics USB_DEVICE 3.0.0
2023-01-25 07:19:25,534 [INFO] ThirdParty:999 - CMSIS Pack Vendor :STMicroelectronics X-CUBE-TOUCHGFX 4.21.1
2023-01-25 07:19:25,534 [INFO] ThirdParty:999 - CMSIS Pack Vendor :STMicroelectronics X-CUBE-TOUCHGFX 4.21.0
2023-01-25 07:19:25,534 [INFO] ThirdParty:999 - CMSIS Pack Vendor :STMicroelectronics X-CUBE-AZRTOS-F7 1.1.0
2023-01-25 07:19:25,536 [INFO] ThirdParty:999 - CMSIS Pack Vendor :STMicroelectronics X-CUBE-MEMS1 9.4.0
2023-01-25 07:19:25,536 [INFO] ThirdParty:999 - CMSIS Pack Vendor :STMicroelectronics USB_DEVICE 2.0.0
2023-01-25 07:19:25,537 [INFO] ThirdParty:999 - CMSIS Pack Vendor :STMicroelectronics X-CUBE-AI 7.3.0
2023-01-25 07:19:25,537 [INFO] ThirdParty:999 - CMSIS Pack Vendor :STMicroelectronics X-CUBE-ALGOBUILD 1.3.0
2023-01-25 07:19:25,537 [INFO] ThirdParty:999 - CMSIS Pack Vendor :STMicroelectronics X-CUBE-BLE1 6.2.4
2023-01-25 07:19:25,537 [INFO] ThirdParty:999 - CMSIS Pack Vendor :STMicroelectronics X-CUBE-AZRTOS-L5 1.1.0
2023-01-25 07:19:25,538 [INFO] ThirdParty:999 - CMSIS Pack Vendor :STMicroelectronics FreeRTOS 0.0.1
2023-01-25 07:19:25,538 [INFO] ThirdParty:999 - CMSIS Pack Vendor :emotas I-CUBE-CANOPEN 1.1.3
2023-01-25 07:19:25,538 [INFO] ThirdParty:999 - CMSIS Pack Vendor :STMicroelectronics X-CUBE-AZRTOS-G0 1.1.0
2023-01-25 07:19:25,538 [INFO] ThirdParty:999 - CMSIS Pack Vendor :STMicroelectronics X-CUBE-SUBG2 5.0.0
2023-01-25 07:19:25,538 [INFO] ThirdParty:999 - CMSIS Pack Vendor :STMicroelectronics X-CUBE-NFC4 3.0.0
2023-01-25 07:19:25,538 [INFO] ThirdParty:999 - CMSIS Pack Vendor :STMicroelectronics STM32_WPAN 1.0.0
2023-01-25 07:19:25,538 [INFO] ThirdParty:999 - CMSIS Pack Vendor :STMicroelectronics lwIP 2.0.3
2023-01-25 07:19:25,539 [INFO] ThirdParty:999 - CMSIS Pack Vendor :STMicroelectronics X-CUBE-NFC4 2.0.5
2023-01-25 07:19:25,539 [INFO] ThirdParty:999 - CMSIS Pack Vendor :STMicroelectronics USB_HOST 1.0.0
2023-01-25 07:19:25,539 [INFO] ThirdParty:999 - CMSIS Pack Vendor :STMicroelectronics PDM2PCM 3.1.0
2023-01-25 07:19:25,539 [INFO] ThirdParty:999 - CMSIS Pack Vendor :STMicroelectronics FP-ATR-ASTRA1 1.1.1
2023-01-25 07:19:25,539 [INFO] ThirdParty:999 - CMSIS Pack Vendor :STMicroelectronics PDM2PCM 3.3.0
2023-01-25 07:19:25,539 [INFO] ThirdParty:999 - CMSIS Pack Vendor :STMicroelectronics X-CUBE-BLEMGR 1.3.0
2023-01-25 07:19:25,539 [INFO] ThirdParty:999 - CMSIS Pack Vendor :wolfSSL I-CUBE-wolfSSL 5.5.3
2023-01-25 07:19:25,539 [INFO] ThirdParty:999 - CMSIS Pack Vendor :STMicroelectronics X-CUBE-AZRTOS-G4 1.0.0
2023-01-25 07:19:25,539 [INFO] ThirdParty:999 - CMSIS Pack Vendor :STMicroelectronics FP-ATR-SIGFOX1 3.2.0
2023-01-25 07:19:25,540 [INFO] ThirdParty:999 - CMSIS Pack Vendor :STMicroelectronics X-CUBE-AZRTOS-L4 1.0.0
2023-01-25 07:19:25,540 [INFO] ThirdParty:999 - CMSIS Pack Vendor :STMicroelectronics HAL Drivers 0.0.0
2023-01-25 07:19:25,540 [INFO] ThirdParty:999 - CMSIS Pack Vendor :STMicroelectronics MBEDTLS 2.16.2
2023-01-25 07:19:25,540 [INFO] ThirdParty:999 - CMSIS Pack Vendor :STMicroelectronics X-CUBE-TOUCHGFX 4.20.0
2023-01-25 07:19:25,540 [INFO] ThirdParty:999 - CMSIS Pack Vendor :STMicroelectronics MBEDTLS 2.14.1
2023-01-25 07:19:25,540 [INFO] ThirdParty:999 - CMSIS Pack Vendor :STMicroelectronics X-CUBE-NFC7 1.0.0
2023-01-25 07:19:25,540 [INFO] ThirdParty:999 - CMSIS Pack Vendor :STMicroelectronics X-CUBE-AZRTOS-WL 1.0.0
2023-01-25 07:19:25,540 [INFO] ThirdParty:999 - CMSIS Pack Vendor :portGmbH I-Cube-SoM-uGOAL 1.1.0
2023-01-25 07:19:25,540 [INFO] ThirdParty:999 - CMSIS Pack Vendor :STMicroelectronics X-CUBE-ALS 1.0.1
2023-01-25 07:19:25,540 [INFO] ThirdParty:999 - CMSIS Pack Vendor :STMicroelectronics ThreadX 1.0.0
2023-01-25 07:19:25,541 [INFO] ThirdParty:999 - CMSIS Pack Vendor :STMicroelectronics X-CUBE-AZRTOS-WB 1.1.0
2023-01-25 07:19:25,541 [INFO] ThirdParty:999 - CMSIS Pack Vendor :STMicroelectronics USB_DEVICE 1.0.0
2023-01-25 07:19:25,541 [INFO] ThirdParty:999 - CMSIS Pack Vendor :STMicroelectronics X-CUBE-EEPRMA1 3.1.1
2023-01-25 07:19:25,541 [INFO] ThirdParty:999 - CMSIS Pack Vendor :SEGGER I-CUBE-embOS 1.3.0
2023-01-25 07:19:25,541 [INFO] ThirdParty:999 - CMSIS Pack Vendor :STMicroelectronics ThreadX 0.0.2
2023-01-25 07:19:25,541 [INFO] ThirdParty:999 - CMSIS Pack Vendor :STMicroelectronics lwIP 2.1.2
2023-01-25 07:19:25,541 [INFO] ThirdParty:999 - CMSIS Pack Vendor :STMicroelectronics X-CUBE-SFXS2LP1 4.0.0
2023-01-25 07:19:25,541 [INFO] ThirdParty:999 - CMSIS Pack Vendor :STMicroelectronics X-CUBE-BLE2 3.3.0
2023-01-25 07:19:25,541 [INFO] ThirdParty:999 - CMSIS Pack Vendor :STMicroelectronics X-CUBE-DISPLAY 2.2.0
2023-01-25 07:19:25,541 [INFO] ThirdParty:999 - CMSIS Pack Vendor :STMicroelectronics X-CUBE-TOF1 3.2.0
2023-01-25 07:19:25,541 [INFO] ThirdParty:999 - CMSIS Pack Vendor :STMicroelectronics PDM2PCM 3.2.0
2023-01-25 07:19:25,541 [INFO] ThirdParty:999 - CMSIS Pack Vendor :STMicroelectronics X-CUBE-AZRTOS-H7 3.0.0
2023-01-25 07:19:25,542 [INFO] ThirdParty:815 - exiting critical section [change project]
2023-01-25 07:19:26,558 [INFO] PinOutPanel:1477 - setPackage(No Configuration,No Configuration)
2023-01-25 07:19:26,561 [INFO] PinOutPanel:1477 - setPackage(STM32F429ZITx,LQFP144)
2023-01-25 07:19:27,936 [INFO] UtilMem:74 - Before build in PCC Used Memory: 718564672 Bytes (1073741824)
2023-01-25 07:19:29,732 [INFO] UtilMem:74 - After build in PCC Used Memory: 674035352 Bytes (1073741824)
2023-01-25 07:19:29,799 [INFO] IPUIPlugin:79 - create IPUIPlugin
2023-01-25 07:19:29,800 [INFO] IPUIPlugin:79 - create IPUIPlugin
2023-01-25 07:19:29,800 [INFO] IPUIPlugin:79 - create IPUIPlugin
2023-01-25 07:19:29,801 [INFO] IPUIPlugin:79 - create IPUIPlugin
2023-01-25 07:19:29,801 [INFO] IPUIPlugin:79 - create IPUIPlugin
2023-01-25 07:19:29,801 [INFO] IPUIPlugin:79 - create IPUIPlugin
2023-01-25 07:19:29,802 [INFO] IPUIPlugin:79 - create IPUIPlugin
2023-01-25 07:19:29,802 [INFO] IPUIPlugin:79 - create IPUIPlugin
2023-01-25 07:19:29,802 [INFO] IPUIPlugin:79 - create IPUIPlugin
2023-01-25 07:19:29,803 [INFO] IPUIPlugin:79 - create IPUIPlugin
2023-01-25 07:19:29,803 [INFO] IPUIPlugin:79 - create IPUIPlugin
2023-01-25 07:19:29,803 [INFO] IPUIPlugin:79 - create IPUIPlugin
2023-01-25 07:19:29,803 [INFO] IPUIPlugin:79 - create IPUIPlugin
2023-01-25 07:19:29,803 [INFO] IPUIPlugin:79 - create IPUIPlugin
2023-01-25 07:19:29,804 [INFO] IPUIPlugin:79 - create IPUIPlugin
2023-01-25 07:19:29,804 [INFO] IPUIPlugin:79 - create IPUIPlugin
2023-01-25 07:19:29,804 [INFO] IPUIPlugin:79 - create IPUIPlugin
2023-01-25 07:19:29,804 [INFO] IPUIPlugin:79 - create IPUIPlugin
2023-01-25 07:19:29,805 [INFO] IPUIPlugin:79 - create IPUIPlugin
2023-01-25 07:19:29,805 [INFO] IPUIPlugin:79 - create IPUIPlugin
2023-01-25 07:19:29,805 [INFO] IPUIPlugin:79 - create IPUIPlugin
2023-01-25 07:19:29,805 [INFO] IPUIPlugin:79 - create IPUIPlugin
2023-01-25 07:19:29,806 [INFO] IPUIPlugin:79 - create IPUIPlugin
2023-01-25 07:19:29,807 [INFO] IPUIPlugin:79 - create IPUIPlugin
2023-01-25 07:19:29,808 [INFO] IPUIPlugin:79 - create IPUIPlugin
2023-01-25 07:19:29,809 [INFO] IPUIPlugin:79 - create IPUIPlugin
2023-01-25 07:19:29,810 [INFO] IPUIPlugin:79 - create IPUIPlugin
2023-01-25 07:19:29,811 [INFO] IPUIPlugin:79 - create IPUIPlugin
2023-01-25 07:19:29,811 [INFO] IPUIPlugin:79 - create IPUIPlugin
2023-01-25 07:19:29,812 [INFO] IPUIPlugin:79 - create IPUIPlugin
2023-01-25 07:19:29,813 [INFO] IPUIPlugin:79 - create IPUIPlugin
2023-01-25 07:19:29,814 [INFO] IPUIPlugin:79 - create IPUIPlugin
2023-01-25 07:19:29,815 [INFO] IPUIPlugin:79 - create IPUIPlugin
2023-01-25 07:19:29,815 [INFO] IPUIPlugin:79 - create IPUIPlugin
2023-01-25 07:19:29,816 [INFO] IPUIPlugin:79 - create IPUIPlugin
2023-01-25 07:19:29,817 [INFO] IPUIPlugin:79 - create IPUIPlugin
2023-01-25 07:19:29,818 [INFO] IPUIPlugin:79 - create IPUIPlugin
2023-01-25 07:19:29,819 [INFO] IPUIPlugin:79 - create IPUIPlugin
2023-01-25 07:19:29,821 [INFO] IPUIPlugin:79 - create IPUIPlugin
2023-01-25 07:19:29,822 [INFO] IPUIPlugin:79 - create IPUIPlugin
2023-01-25 07:19:29,823 [INFO] IPUIPlugin:79 - create IPUIPlugin
2023-01-25 07:19:29,824 [INFO] IPUIPlugin:79 - create IPUIPlugin
2023-01-25 07:19:29,824 [INFO] IPUIPlugin:79 - create IPUIPlugin
2023-01-25 07:19:29,825 [INFO] IPUIPlugin:79 - create IPUIPlugin
2023-01-25 07:19:29,826 [INFO] IPUIPlugin:79 - create IPUIPlugin
2023-01-25 07:19:29,827 [INFO] IPUIPlugin:79 - create IPUIPlugin
2023-01-25 07:19:29,828 [INFO] IPUIPlugin:79 - create IPUIPlugin
2023-01-25 07:19:29,829 [INFO] IPUIPlugin:79 - create IPUIPlugin
2023-01-25 07:19:29,830 [INFO] IPUIPlugin:79 - create IPUIPlugin
2023-01-25 07:19:29,830 [INFO] IPUIPlugin:79 - create IPUIPlugin
2023-01-25 07:19:29,831 [INFO] IPUIPlugin:79 - create IPUIPlugin
2023-01-25 07:19:29,832 [INFO] IPUIPlugin:79 - create IPUIPlugin
2023-01-25 07:19:29,834 [INFO] IPUIPlugin:79 - create IPUIPlugin
2023-01-25 07:19:29,835 [INFO] IPUIPlugin:79 - create IPUIPlugin
2023-01-25 07:19:29,836 [INFO] IPUIPlugin:79 - create IPUIPlugin
2023-01-25 07:19:29,837 [INFO] IPUIPlugin:79 - create IPUIPlugin
2023-01-25 07:19:29,838 [INFO] IPUIPlugin:79 - create IPUIPlugin
2023-01-25 07:19:29,839 [INFO] IPUIPlugin:79 - create IPUIPlugin
2023-01-25 07:19:29,841 [INFO] IPUIPlugin:79 - create IPUIPlugin
2023-01-25 07:19:29,842 [INFO] IPUIPlugin:79 - create IPUIPlugin
2023-01-25 07:19:29,843 [INFO] IPUIPlugin:79 - create IPUIPlugin
2023-01-25 07:19:29,844 [INFO] IPUIPlugin:79 - create IPUIPlugin
2023-01-25 07:19:29,845 [INFO] IPUIPlugin:79 - create IPUIPlugin
2023-01-25 07:19:29,846 [INFO] IPUIPlugin:79 - create IPUIPlugin
2023-01-25 07:19:29,846 [INFO] IPUIPlugin:79 - create IPUIPlugin
2023-01-25 07:19:29,848 [INFO] IPUIPlugin:79 - create IPUIPlugin
2023-01-25 07:19:29,964 [INFO] ApiDbMcu:505 - Load IP Config File for PDM2PCM
2023-01-25 07:19:30,278 [INFO] CADModel:164 - CPN selected for project levelSTM32F429ZIT6
2023-01-25 07:19:30,278 [INFO] CADModel:113 - Register for checkConnection events
2023-01-25 07:19:30,331 [INFO] OpenFileManager:327 - Restore cursor
2023-01-25 07:19:31,818 [INFO] UtilMem:74 - End SaveConfig() Used Memory: 612440000 Bytes (1073741824)
2023-01-25 07:19:32,089 [INFO] UtilMem:74 - End SaveConfig() Used Memory: 629739456 Bytes (1073741824)
2023-01-25 07:19:32,913 [INFO] BlockDiagram:2759 - set Specific Code input for plugin: RCC
2023-01-25 07:19:32,913 [INFO] BlockDiagram:2759 - set Specific Code input for plugin: NVIC
2023-01-25 07:19:32,915 [INFO] BlockDiagram:2759 - set Specific Code input for plugin: GPIO
2023-01-25 07:19:32,918 [INFO] CodeGenerator:692 - code generatio: config db path: C:\ST\STM32CubeIDE_1.11.0\STM32CubeIDE\plugins\com.st.stm32cube.common.mx_6.7.0.202211181646\\db\
2023-01-25 07:19:33,621 [INFO] CodeEngine:247 - oldGeneratedFile, C:\Users\mahon\stmBareMetal\systen\MXTmpFiles\license.tmp_save
2023-01-25 07:19:34,718 [INFO] CodeEngine:271 - Generated code: C:\Users\mahon\stmBareMetal\systen\MXTmpFiles\license.tmp
2023-01-25 07:19:35,270 [INFO] CodeEngine:247 - oldGeneratedFile, C:\Users\mahon\stmBareMetal\systen\MXTmpFiles\gpio.tmp_save
2023-01-25 07:19:35,680 [INFO] CodeEngine:271 - Generated code: C:\Users\mahon\stmBareMetal\systen\MXTmpFiles\gpio.tmp
2023-01-25 07:19:35,726 [INFO] CodeEngine:247 - oldGeneratedFile, C:\Users\mahon\stmBareMetal\systen\Core\Src\stm32f4xx_it.c_save
2023-01-25 07:19:36,151 [INFO] CodeEngine:271 - Generated code: C:\Users\mahon\stmBareMetal\systen\Core\Src\stm32f4xx_it.c
2023-01-25 07:19:36,169 [INFO] CodeEngine:247 - oldGeneratedFile, C:\Users\mahon\stmBareMetal\systen\Core\Inc\stm32f4xx_it.h_save
2023-01-25 07:19:36,378 [INFO] CodeEngine:271 - Generated code: C:\Users\mahon\stmBareMetal\systen\Core\Inc\stm32f4xx_it.h
2023-01-25 07:19:36,612 [INFO] CodeEngine:247 - oldGeneratedFile, C:\Users\mahon\stmBareMetal\systen\Core\Src\stm32f4xx_hal_msp.c_save
2023-01-25 07:19:36,913 [INFO] CodeEngine:271 - Generated code: C:\Users\mahon\stmBareMetal\systen\Core\Src\stm32f4xx_hal_msp.c
2023-01-25 07:19:36,924 [INFO] CodeEngine:247 - oldGeneratedFile, C:\Users\mahon\stmBareMetal\systen\MXTmpFiles\system.tmp_save
2023-01-25 07:19:37,062 [INFO] CodeEngine:271 - Generated code: C:\Users\mahon\stmBareMetal\systen\MXTmpFiles\system.tmp
2023-01-25 07:19:37,086 [INFO] CodeEngine:303 - oldGeneratedFile, C:\Users\mahon\stmBareMetal\systen\Core\Inc\stm32f4xx_hal_conf.h_save
2023-01-25 07:19:37,308 [INFO] CodeEngine:327 - Generated code: C:\Users\mahon\stmBareMetal\systen\Core\Inc\stm32f4xx_hal_conf.h
2023-01-25 07:19:37,431 [INFO] CodeEngine:247 - oldGeneratedFile, C:\Users\mahon\stmBareMetal\systen\Core\Inc\main.h_save
2023-01-25 07:19:37,627 [INFO] CodeEngine:271 - Generated code: C:\Users\mahon\stmBareMetal\systen\Core\Inc\main.h
2023-01-25 07:19:37,639 [INFO] CodeEngine:247 - oldGeneratedFile, C:\Users\mahon\stmBareMetal\systen\Core\Src\main.c_save
2023-01-25 07:19:37,950 [INFO] CodeEngine:271 - Generated code: C:\Users\mahon\stmBareMetal\systen\Core\Src\main.c
2023-01-25 07:19:39,874 [INFO] ProjectBuilder:2919 - Time for Copy HAL[1] : 519mS.
2023-01-25 07:19:39,906 [INFO] ProjectBuilder:4183 - Project Generator version: 3.18.0-B7
2023-01-25 07:19:40,591 [INFO] ConfigFileManager:1396 - The Die is : DIE419
2023-01-25 07:19:40,620 [INFO] ApiDbMcu:505 - Load IP Config File for FATFS
2023-01-25 07:19:40,649 [INFO] ApiDbMcu:505 - Load IP Config File for FREERTOS
2023-01-25 07:19:40,656 [INFO] ApiDbMcu:505 - Load IP Config File for LIBJPEG
2023-01-25 07:19:40,671 [INFO] ApiDbMcu:505 - Load IP Config File for LWIP
2023-01-25 07:19:40,683 [INFO] ApiDbMcu:505 - Load IP Config File for MBEDTLS
2023-01-25 07:19:40,699 [INFO] ApiDbMcu:505 - Load IP Config File for USB_DEVICE
2023-01-25 07:19:40,707 [INFO] ApiDbMcu:505 - Load IP Config File for USB_HOST
2023-01-25 07:19:44,941 [INFO] ProjectBuilder:4351 - Time for Generating toolchain IDE Files: 5034mS.
2023-01-25 07:19:44,944 [INFO] ProjectBuilder:2790 - Time for Copy CMSIS : 2mS.
2023-01-25 07:19:44,960 [INFO] ProjectBuilder:2790 - Time for Copy CMSIS : 0mS.
2023-01-25 07:19:47,715 [INFO] McuFinderGlobals:65 - Set McuFinderConnectedMode to true
2023-01-25 07:19:47,718 [INFO] ApiDb:447 - Save user favorites file C:\Users\mahon/.stm32cubeide/favorites.mcus.txt: 0 item(s)
2023-01-25 07:19:47,719 [INFO] ApiDb:451 - User favorites MCUs=[]
2023-01-25 07:19:47,722 [INFO] ApiDb:447 - Save user favorites file C:\Users\mahon/.stm32cubeide/favorites.boards.txt: 0 item(s)
2023-01-25 07:19:47,723 [INFO] ApiDb:451 - User favorites Boards=[]
2023-01-25 09:13:15,882 [INFO] UtilMem:74 - End SaveConfig() Used Memory: 913684064 Bytes (1073741824)
2023-01-25 09:13:24,280 [INFO] WebAppUi:459 - Close the Jxbrowser engine manually
2023-01-25 09:13:24,943 [INFO] WebAppUi:462 - Profiles folder deleted
2023-01-25 09:13:25,725 [ERROR] LogOutputStream:74 - [STDERR_REDIRECT] 
2023-01-28 06:52:54,100 [INFO] Activator:179 - 


2023-01-28 06:52:54,102 [INFO] Activator:180 - !SESSION log4j initialized
2023-01-28 06:53:25,786 [ERROR] LogOutputStream:74 - [STDERR_REDIRECT] SLF4J: Failed to load class "org.slf4j.impl.StaticLoggerBinder".
2023-01-28 06:53:25,787 [ERROR] LogOutputStream:74 - [STDERR_REDIRECT] SLF4J: Defaulting to no-operation (NOP) logger implementation
2023-01-28 06:53:25,789 [ERROR] LogOutputStream:74 - [STDERR_REDIRECT] SLF4J: See http://www.slf4j.org/codes.html#StaticLoggerBinder for further details.
