2023-06-17 06:39:49,744 [INFO] Activator:176 - 


2023-06-17 06:39:49,760 [INFO] Activator:177 - !SESSION log4j initialized
2023-06-17 06:40:03,643 [INFO] LogOutputStream:77 - [STDOUT_REDIRECT] 
2023-06-17 06:40:35,187 [ERROR] LogOutputStream:75 - [STDERR_REDIRECT] SLF4J: Failed to load class "org.slf4j.impl.StaticLoggerBinder".
2023-06-17 06:40:35,188 [ERROR] LogOutputStream:75 - [STDERR_REDIRECT] SLF4J: Defaulting to no-operation (NOP) logger implementation
2023-06-17 06:40:35,191 [ERROR] LogOutputStream:75 - [STDERR_REDIRECT] SLF4J: See http://www.slf4j.org/codes.html#StaticLoggerBinder for further details.
2023-06-17 07:09:52,470 [INFO] Activator:176 - 


2023-06-17 07:09:52,474 [INFO] Activator:177 - !SESSION log4j initialized
2023-06-17 07:10:04,152 [INFO] LogOutputStream:77 - [STDOUT_REDIRECT] 
2023-06-17 07:10:14,420 [ERROR] ConfigurationRetriever:142 - IOException on connection: Connection refused: connect
2023-06-17 07:10:14,423 [ERROR] ConfigurationRetriever:142 - IOException on connection: Connection refused: connect
2023-06-17 07:10:14,427 [ERROR] ConfigurationRetriever:142 - IOException on connection: Connection refused: connect
2023-06-17 07:10:36,558 [ERROR] LogOutputStream:75 - [STDERR_REDIRECT] SLF4J: Failed to load class "org.slf4j.impl.StaticLoggerBinder".
2023-06-17 07:10:36,560 [ERROR] LogOutputStream:75 - [STDERR_REDIRECT] SLF4J: Defaulting to no-operation (NOP) logger implementation
2023-06-17 07:10:36,563 [ERROR] LogOutputStream:75 - [STDERR_REDIRECT] SLF4J: See http://www.slf4j.org/codes.html#StaticLoggerBinder for further details.
2023-06-17 07:38:21,737 [ERROR] ConfigurationRetriever:142 - IOException on connection: Connection refused: connect
2023-06-17 07:38:21,740 [ERROR] ConfigurationRetriever:142 - IOException on connection: Connection refused: connect
2023-06-17 07:38:21,743 [ERROR] ConfigurationRetriever:142 - IOException on connection: Connection refused: connect
2023-06-17 08:15:02,703 [ERROR] ConfigurationRetriever:142 - IOException on connection: Connection refused: connect
2023-06-17 08:15:02,708 [ERROR] ConfigurationRetriever:142 - IOException on connection: Connection refused: connect
2023-06-17 08:15:02,711 [ERROR] ConfigurationRetriever:142 - IOException on connection: Connection refused: connect
2023-06-17 08:15:03,963 [ERROR] ConfigurationRetriever:142 - IOException on connection: Connection refused: connect
2023-06-17 08:15:03,967 [ERROR] ConfigurationRetriever:142 - IOException on connection: Connection refused: connect
2023-06-17 08:15:03,971 [ERROR] ConfigurationRetriever:142 - IOException on connection: Connection refused: connect
2023-06-17 08:18:23,396 [ERROR] ConfigurationRetriever:142 - IOException on connection: Connection refused: connect
2023-06-17 08:18:23,429 [ERROR] ConfigurationRetriever:142 - IOException on connection: Connection refused: connect
2023-06-17 08:18:23,458 [ERROR] ConfigurationRetriever:142 - IOException on connection: Connection refused: connect
2023-06-17 08:18:23,622 [ERROR] ConfigurationRetriever:142 - IOException on connection: Connection refused: connect
2023-06-17 08:18:23,626 [ERROR] ConfigurationRetriever:142 - IOException on connection: Connection refused: connect
2023-06-17 08:18:23,628 [ERROR] ConfigurationRetriever:142 - IOException on connection: Connection refused: connect
2023-06-17 08:19:53,250 [ERROR] ConfigurationRetriever:142 - IOException on connection: Connection refused: connect
2023-06-17 08:19:53,254 [ERROR] ConfigurationRetriever:142 - IOException on connection: Connection refused: connect
2023-06-17 08:19:53,257 [ERROR] ConfigurationRetriever:142 - IOException on connection: Connection refused: connect
2023-06-17 08:20:02,113 [ERROR] ConfigurationRetriever:142 - IOException on connection: Connection refused: connect
2023-06-17 08:20:02,116 [ERROR] ConfigurationRetriever:142 - IOException on connection: Connection refused: connect
2023-06-17 08:20:02,119 [ERROR] ConfigurationRetriever:142 - IOException on connection: Connection refused: connect
2023-06-17 08:20:27,443 [ERROR] ConfigurationRetriever:142 - IOException on connection: Connection refused: connect
2023-06-17 08:20:27,470 [ERROR] ConfigurationRetriever:142 - IOException on connection: Connection refused: connect
2023-06-17 08:20:27,474 [ERROR] ConfigurationRetriever:142 - IOException on connection: Connection refused: connect
2023-06-17 08:26:27,215 [ERROR] ConfigurationRetriever:142 - IOException on connection: Connection refused: connect
2023-06-17 08:26:27,243 [ERROR] ConfigurationRetriever:142 - IOException on connection: Connection refused: connect
2023-06-17 08:26:27,246 [ERROR] ConfigurationRetriever:142 - IOException on connection: Connection refused: connect
2023-06-17 08:29:15,241 [ERROR] ConfigurationRetriever:142 - IOException on connection: Connection refused: connect
2023-06-17 08:29:15,247 [ERROR] ConfigurationRetriever:142 - IOException on connection: Connection refused: connect
2023-06-17 08:29:15,252 [ERROR] ConfigurationRetriever:142 - IOException on connection: Connection refused: connect
2023-06-17 08:29:16,604 [ERROR] ConfigurationRetriever:142 - IOException on connection: Connection refused: connect
2023-06-17 08:29:16,630 [ERROR] ConfigurationRetriever:142 - IOException on connection: Connection refused: connect
2023-06-17 08:29:16,645 [ERROR] ConfigurationRetriever:142 - IOException on connection: Connection refused: connect
2023-06-17 08:29:22,517 [ERROR] ConfigurationRetriever:142 - IOException on connection: Connection refused: connect
2023-06-17 08:29:22,532 [ERROR] ConfigurationRetriever:142 - IOException on connection: Connection refused: connect
2023-06-17 08:29:22,537 [ERROR] ConfigurationRetriever:142 - IOException on connection: Connection refused: connect
2023-06-17 08:38:23,006 [ERROR] ConfigurationRetriever:142 - IOException on connection: Connection refused: connect
2023-06-17 08:38:23,010 [ERROR] ConfigurationRetriever:142 - IOException on connection: Connection refused: connect
2023-06-17 08:38:23,018 [ERROR] ConfigurationRetriever:142 - IOException on connection: Connection refused: connect
2023-06-17 08:38:24,089 [ERROR] ConfigurationRetriever:142 - IOException on connection: Connection refused: connect
2023-06-17 08:38:24,092 [ERROR] ConfigurationRetriever:142 - IOException on connection: Connection refused: connect
2023-06-17 08:38:24,096 [ERROR] ConfigurationRetriever:142 - IOException on connection: Connection refused: connect
2023-06-17 08:38:24,651 [ERROR] ConfigurationRetriever:142 - IOException on connection: Connection refused: connect
2023-06-17 08:38:24,655 [ERROR] ConfigurationRetriever:142 - IOException on connection: Connection refused: connect
2023-06-17 08:38:24,659 [ERROR] ConfigurationRetriever:142 - IOException on connection: Connection refused: connect
2023-06-17 08:40:42,447 [ERROR] ConfigurationRetriever:142 - IOException on connection: Connection refused: connect
2023-06-17 08:40:42,452 [ERROR] ConfigurationRetriever:142 - IOException on connection: Connection refused: connect
2023-06-17 08:40:42,457 [ERROR] ConfigurationRetriever:142 - IOException on connection: Connection refused: connect
2023-06-17 08:40:43,939 [ERROR] ConfigurationRetriever:142 - IOException on connection: Connection refused: connect
2023-06-17 08:40:43,944 [ERROR] ConfigurationRetriever:142 - IOException on connection: Connection refused: connect
2023-06-17 08:40:43,947 [ERROR] ConfigurationRetriever:142 - IOException on connection: Connection refused: connect
2023-06-17 08:41:25,304 [ERROR] ConfigurationRetriever:142 - IOException on connection: Connection refused: connect
2023-06-17 08:41:25,308 [ERROR] ConfigurationRetriever:142 - IOException on connection: Connection refused: connect
2023-06-17 08:41:25,313 [ERROR] ConfigurationRetriever:142 - IOException on connection: Connection refused: connect
2023-06-17 08:41:26,623 [ERROR] ConfigurationRetriever:142 - IOException on connection: Connection refused: connect
2023-06-17 08:41:26,626 [ERROR] ConfigurationRetriever:142 - IOException on connection: Connection refused: connect
2023-06-17 08:41:26,645 [ERROR] ConfigurationRetriever:142 - IOException on connection: Connection refused: connect
2023-06-17 08:42:16,018 [ERROR] ConfigurationRetriever:142 - IOException on connection: Connection refused: connect
2023-06-17 08:42:16,022 [ERROR] ConfigurationRetriever:142 - IOException on connection: Connection refused: connect
2023-06-17 08:42:16,027 [ERROR] ConfigurationRetriever:142 - IOException on connection: Connection refused: connect
2023-06-17 08:42:17,502 [ERROR] ConfigurationRetriever:142 - IOException on connection: Connection refused: connect
2023-06-17 08:42:17,506 [ERROR] ConfigurationRetriever:142 - IOException on connection: Connection refused: connect
2023-06-17 08:42:17,520 [ERROR] ConfigurationRetriever:142 - IOException on connection: Connection refused: connect
2023-06-17 08:42:54,282 [ERROR] ConfigurationRetriever:142 - IOException on connection: Connection refused: connect
2023-06-17 08:42:54,302 [ERROR] ConfigurationRetriever:142 - IOException on connection: Connection refused: connect
2023-06-17 08:42:54,305 [ERROR] ConfigurationRetriever:142 - IOException on connection: Connection refused: connect
2023-06-17 08:47:47,593 [ERROR] ConfigurationRetriever:142 - IOException on connection: Connection refused: connect
2023-06-17 08:47:47,602 [ERROR] ConfigurationRetriever:142 - IOException on connection: Connection refused: connect
2023-06-17 08:47:47,606 [ERROR] ConfigurationRetriever:142 - IOException on connection: Connection refused: connect
2023-06-17 08:47:49,101 [ERROR] ConfigurationRetriever:142 - IOException on connection: Connection refused: connect
2023-06-17 08:47:49,104 [ERROR] ConfigurationRetriever:142 - IOException on connection: Connection refused: connect
2023-06-17 08:47:49,108 [ERROR] ConfigurationRetriever:142 - IOException on connection: Connection refused: connect
2023-06-17 08:50:11,977 [ERROR] ConfigurationRetriever:142 - IOException on connection: Connection refused: connect
2023-06-17 08:50:11,980 [ERROR] ConfigurationRetriever:142 - IOException on connection: Connection refused: connect
2023-06-17 08:50:11,984 [ERROR] ConfigurationRetriever:142 - IOException on connection: Connection refused: connect
2023-06-17 08:59:38,540 [ERROR] ConfigurationRetriever:142 - IOException on connection: Connection refused: connect
2023-06-17 08:59:38,544 [ERROR] ConfigurationRetriever:142 - IOException on connection: Connection refused: connect
2023-06-17 08:59:38,549 [ERROR] ConfigurationRetriever:142 - IOException on connection: Connection refused: connect
2023-06-17 08:59:38,805 [ERROR] ConfigurationRetriever:142 - IOException on connection: Connection refused: connect
2023-06-17 08:59:38,808 [ERROR] ConfigurationRetriever:142 - IOException on connection: Connection refused: connect
2023-06-17 08:59:38,811 [ERROR] ConfigurationRetriever:142 - IOException on connection: Connection refused: connect
2023-06-17 08:59:40,054 [ERROR] ConfigurationRetriever:142 - IOException on connection: Connection refused: connect
2023-06-17 08:59:40,060 [ERROR] ConfigurationRetriever:142 - IOException on connection: Connection refused: connect
2023-06-17 08:59:40,066 [ERROR] ConfigurationRetriever:142 - IOException on connection: Connection refused: connect
2023-06-17 09:04:59,374 [ERROR] ConfigurationRetriever:142 - IOException on connection: Connection refused: connect
2023-06-17 09:04:59,378 [ERROR] ConfigurationRetriever:142 - IOException on connection: Connection refused: connect
2023-06-17 09:04:59,381 [ERROR] ConfigurationRetriever:142 - IOException on connection: Connection refused: connect
2023-06-17 09:07:20,569 [ERROR] ConfigurationRetriever:142 - IOException on connection: Connection refused: connect
2023-06-17 09:07:20,573 [ERROR] ConfigurationRetriever:142 - IOException on connection: Connection refused: connect
2023-06-17 09:07:20,578 [ERROR] ConfigurationRetriever:142 - IOException on connection: Connection refused: connect
2023-06-17 09:07:20,796 [ERROR] ConfigurationRetriever:142 - IOException on connection: Connection refused: connect
2023-06-17 09:07:20,800 [ERROR] ConfigurationRetriever:142 - IOException on connection: Connection refused: connect
2023-06-17 09:07:20,803 [ERROR] ConfigurationRetriever:142 - IOException on connection: Connection refused: connect
2023-06-17 09:08:05,957 [ERROR] ConfigurationRetriever:142 - IOException on connection: Connection refused: connect
2023-06-17 09:08:05,962 [ERROR] ConfigurationRetriever:142 - IOException on connection: Connection refused: connect
2023-06-17 09:08:05,966 [ERROR] ConfigurationRetriever:142 - IOException on connection: Connection refused: connect
2023-06-17 09:08:14,111 [ERROR] LogOutputStream:75 - [STDERR_REDIRECT] org.eclipse.core.internal.resources.ResourceException(/USART_TRANSMIT/USART_transmit.launch)[275]: java.lang.Exception: A resource exists with a different case: '/USART_TRANSMIT/USART_transmit.launch'.
2023-06-17 09:08:14,114 [ERROR] LogOutputStream:75 - [STDERR_REDIRECT] 	at org.eclipse.core.internal.resources.ResourceException.provideStackTrace(ResourceException.java:42)
2023-06-17 09:08:14,117 [ERROR] LogOutputStream:75 - [STDERR_REDIRECT] 	at org.eclipse.core.internal.resources.ResourceException.<init>(ResourceException.java:38)
2023-06-17 09:08:14,121 [ERROR] LogOutputStream:75 - [STDERR_REDIRECT] 	at org.eclipse.core.internal.resources.Resource.checkDoesNotExist(Resource.java:318)
2023-06-17 09:08:14,124 [ERROR] LogOutputStream:75 - [STDERR_REDIRECT] 	at org.eclipse.core.internal.resources.Resource.checkDoesNotExist(Resource.java:296)
2023-06-17 09:08:14,126 [ERROR] LogOutputStream:75 - [STDERR_REDIRECT] 	at org.eclipse.core.internal.resources.File.create(File.java:109)
2023-06-17 09:08:14,128 [ERROR] LogOutputStream:75 - [STDERR_REDIRECT] 	at org.eclipse.core.internal.resources.File.create(File.java:181)
2023-06-17 09:08:14,132 [ERROR] LogOutputStream:75 - [STDERR_REDIRECT] 	at org.eclipse.debug.internal.core.LaunchConfigurationWorkingCopy.writeNewFile(LaunchConfigurationWorkingCopy.java:356)
2023-06-17 09:08:14,136 [ERROR] LogOutputStream:75 - [STDERR_REDIRECT] 	at org.eclipse.debug.internal.core.LaunchConfigurationWorkingCopy.doSave0(LaunchConfigurationWorkingCopy.java:259)
2023-06-17 09:08:14,138 [ERROR] LogOutputStream:75 - [STDERR_REDIRECT] 	at org.eclipse.core.internal.resources.Workspace.run(Workspace.java:2315)
2023-06-17 09:08:14,141 [ERROR] LogOutputStream:75 - [STDERR_REDIRECT] 	at org.eclipse.core.internal.resources.Workspace.run(Workspace.java:2340)
2023-06-17 09:08:14,143 [ERROR] LogOutputStream:75 - [STDERR_REDIRECT] 	at org.eclipse.debug.internal.core.LaunchConfigurationWorkingCopy.doSave(LaunchConfigurationWorkingCopy.java:226)
2023-06-17 09:08:14,147 [ERROR] LogOutputStream:75 - [STDERR_REDIRECT] 	at org.eclipse.debug.internal.core.LaunchConfigurationWorkingCopy.doSave(LaunchConfigurationWorkingCopy.java:187)
2023-06-17 09:08:14,150 [ERROR] LogOutputStream:75 - [STDERR_REDIRECT] 	at com.st.stm32cube.ide.mcu.debug.launch.ui.MCUDebugLaunchShortcut.createConfiguration(MCUDebugLaunchShortcut.java:94)
2023-06-17 09:08:14,152 [ERROR] LogOutputStream:75 - [STDERR_REDIRECT] 	at com.st.stm32cube.ide.mcu.debug.launch.oss.ui.DebugLaunchShortcut.launch(DebugLaunchShortcut.java:62)
2023-06-17 09:08:14,155 [ERROR] LogOutputStream:75 - [STDERR_REDIRECT] 	at com.st.stm32cube.ide.mcu.debug.launch.oss.ui.DebugLaunchShortcut.searchAndLaunch(DebugLaunchShortcut.java:172)
2023-06-17 09:08:14,158 [ERROR] LogOutputStream:75 - [STDERR_REDIRECT] 	at com.st.stm32cube.ide.mcu.debug.launch.ui.MCUDebugLaunchShortcut.launch(MCUDebugLaunchShortcut.java:115)
2023-06-17 09:08:14,161 [ERROR] LogOutputStream:75 - [STDERR_REDIRECT] 	at org.eclipse.debug.internal.ui.launchConfigurations.LaunchShortcutExtension.launch(LaunchShortcutExtension.java:430)
2023-06-17 09:08:14,163 [ERROR] LogOutputStream:75 - [STDERR_REDIRECT] 	at org.eclipse.debug.internal.ui.actions.LaunchShortcutAction.runInternal(LaunchShortcutAction.java:88)
2023-06-17 09:08:14,166 [ERROR] LogOutputStream:75 - [STDERR_REDIRECT] 	at org.eclipse.debug.internal.ui.actions.LaunchShortcutAction.runWithEvent(LaunchShortcutAction.java:135)
2023-06-17 09:08:14,169 [ERROR] LogOutputStream:75 - [STDERR_REDIRECT] 	at org.eclipse.jface.action.ActionContributionItem.handleWidgetSelection(ActionContributionItem.java:580)
2023-06-17 09:08:14,172 [ERROR] LogOutputStream:75 - [STDERR_REDIRECT] 	at org.eclipse.jface.action.ActionContributionItem.lambda$4(ActionContributionItem.java:414)
2023-06-17 09:08:14,175 [ERROR] LogOutputStream:75 - [STDERR_REDIRECT] 	at org.eclipse.swt.widgets.EventTable.sendEvent(EventTable.java:89)
2023-06-17 09:08:14,177 [ERROR] LogOutputStream:75 - [STDERR_REDIRECT] 	at org.eclipse.swt.widgets.Display.sendEvent(Display.java:4243)
2023-06-17 09:08:14,179 [ERROR] LogOutputStream:75 - [STDERR_REDIRECT] 	at org.eclipse.swt.widgets.Widget.sendEvent(Widget.java:1063)
2023-06-17 09:08:14,181 [ERROR] LogOutputStream:75 - [STDERR_REDIRECT] 	at org.eclipse.swt.widgets.Widget.sendEvent(Widget.java:1087)
2023-06-17 09:08:14,183 [ERROR] LogOutputStream:75 - [STDERR_REDIRECT] 	at org.eclipse.swt.widgets.Widget.sendEvent(Widget.java:1072)
2023-06-17 09:08:14,186 [ERROR] LogOutputStream:75 - [STDERR_REDIRECT] 	at org.eclipse.swt.widgets.Widget.notifyListeners(Widget.java:775)
2023-06-17 09:08:14,188 [ERROR] LogOutputStream:75 - [STDERR_REDIRECT] 	at org.eclipse.jface.action.ActionContributionItem.lambda$8(ActionContributionItem.java:1207)
2023-06-17 09:08:14,190 [ERROR] LogOutputStream:75 - [STDERR_REDIRECT] 	at org.eclipse.swt.widgets.EventTable.sendEvent(EventTable.java:89)
2023-06-17 09:08:14,192 [ERROR] LogOutputStream:75 - [STDERR_REDIRECT] 	at org.eclipse.swt.widgets.Display.sendEvent(Display.java:4243)
2023-06-17 09:08:14,194 [ERROR] LogOutputStream:75 - [STDERR_REDIRECT] 	at org.eclipse.swt.widgets.Widget.sendEvent(Widget.java:1063)
2023-06-17 09:08:14,196 [ERROR] LogOutputStream:75 - [STDERR_REDIRECT] 	at org.eclipse.swt.widgets.Display.runDeferredEvents(Display.java:4060)
2023-06-17 09:08:14,198 [ERROR] LogOutputStream:75 - [STDERR_REDIRECT] 	at org.eclipse.swt.widgets.Display.readAndDispatch(Display.java:3632)
2023-06-17 09:08:14,200 [ERROR] LogOutputStream:75 - [STDERR_REDIRECT] 	at org.eclipse.e4.ui.internal.workbench.swt.PartRenderingEngine$5.run(PartRenderingEngine.java:1155)
2023-06-17 09:08:14,203 [ERROR] LogOutputStream:75 - [STDERR_REDIRECT] 	at org.eclipse.core.databinding.observable.Realm.runWithDefault(Realm.java:338)
2023-06-17 09:08:14,206 [ERROR] LogOutputStream:75 - [STDERR_REDIRECT] 	at org.eclipse.e4.ui.internal.workbench.swt.PartRenderingEngine.run(PartRenderingEngine.java:1046)
2023-06-17 09:08:14,208 [ERROR] LogOutputStream:75 - [STDERR_REDIRECT] 	at org.eclipse.e4.ui.internal.workbench.E4Workbench.createAndRunUI(E4Workbench.java:155)
2023-06-17 09:08:14,209 [ERROR] LogOutputStream:75 - [STDERR_REDIRECT] 	at org.eclipse.ui.internal.Workbench.lambda$3(Workbench.java:644)
2023-06-17 09:08:14,212 [ERROR] LogOutputStream:75 - [STDERR_REDIRECT] 	at org.eclipse.core.databinding.observable.Realm.runWithDefault(Realm.java:338)
2023-06-17 09:08:14,215 [ERROR] LogOutputStream:75 - [STDERR_REDIRECT] 	at org.eclipse.ui.internal.Workbench.createAndRunWorkbench(Workbench.java:551)
2023-06-17 09:08:14,217 [ERROR] LogOutputStream:75 - [STDERR_REDIRECT] 	at org.eclipse.ui.PlatformUI.createAndRunWorkbench(PlatformUI.java:156)
2023-06-17 09:08:14,220 [ERROR] LogOutputStream:75 - [STDERR_REDIRECT] 	at org.eclipse.ui.internal.ide.application.IDEApplication.start(IDEApplication.java:152)
2023-06-17 09:08:14,222 [ERROR] LogOutputStream:75 - [STDERR_REDIRECT] 	at org.eclipse.equinox.internal.app.EclipseAppHandle.run(EclipseAppHandle.java:203)
2023-06-17 09:08:14,225 [ERROR] LogOutputStream:75 - [STDERR_REDIRECT] 	at org.eclipse.core.runtime.internal.adaptor.EclipseAppLauncher.runApplication(EclipseAppLauncher.java:136)
2023-06-17 09:08:14,227 [ERROR] LogOutputStream:75 - [STDERR_REDIRECT] 	at org.eclipse.core.runtime.internal.adaptor.EclipseAppLauncher.start(EclipseAppLauncher.java:104)
2023-06-17 09:08:14,229 [ERROR] LogOutputStream:75 - [STDERR_REDIRECT] 	at org.eclipse.core.runtime.adaptor.EclipseStarter.run(EclipseStarter.java:401)
2023-06-17 09:08:14,231 [ERROR] LogOutputStream:75 - [STDERR_REDIRECT] 	at org.eclipse.core.runtime.adaptor.EclipseStarter.run(EclipseStarter.java:255)
2023-06-17 09:08:14,234 [ERROR] LogOutputStream:75 - [STDERR_REDIRECT] 	at java.base/jdk.internal.reflect.NativeMethodAccessorImpl.invoke0(Native Method)
2023-06-17 09:08:14,236 [ERROR] LogOutputStream:75 - [STDERR_REDIRECT] 	at java.base/jdk.internal.reflect.NativeMethodAccessorImpl.invoke(NativeMethodAccessorImpl.java:62)
2023-06-17 09:08:14,239 [ERROR] LogOutputStream:75 - [STDERR_REDIRECT] 	at java.base/jdk.internal.reflect.DelegatingMethodAccessorImpl.invoke(DelegatingMethodAccessorImpl.java:43)
2023-06-17 09:08:14,242 [ERROR] LogOutputStream:75 - [STDERR_REDIRECT] 	at java.base/java.lang.reflect.Method.invoke(Method.java:566)
2023-06-17 09:08:14,244 [ERROR] LogOutputStream:75 - [STDERR_REDIRECT] 	at org.eclipse.equinox.launcher.Main.invokeFramework(Main.java:659)
2023-06-17 09:08:14,246 [ERROR] LogOutputStream:75 - [STDERR_REDIRECT] 	at org.eclipse.equinox.launcher.Main.basicRun(Main.java:596)
2023-06-17 09:08:14,247 [ERROR] LogOutputStream:75 - [STDERR_REDIRECT] 	at org.eclipse.equinox.launcher.Main.run(Main.java:1467)
2023-06-17 09:09:25,774 [ERROR] ConfigurationRetriever:142 - IOException on connection: Connection refused: connect
2023-06-17 09:09:25,779 [ERROR] ConfigurationRetriever:142 - IOException on connection: Connection refused: connect
2023-06-17 09:09:25,782 [ERROR] ConfigurationRetriever:142 - IOException on connection: Connection refused: connect
2023-06-17 09:09:52,058 [ERROR] ConfigurationRetriever:142 - IOException on connection: Connection refused: connect
2023-06-17 09:09:52,072 [ERROR] ConfigurationRetriever:142 - IOException on connection: Connection refused: connect
2023-06-17 09:09:52,087 [ERROR] ConfigurationRetriever:142 - IOException on connection: Connection refused: connect
2023-06-17 09:10:00,684 [ERROR] ConfigurationRetriever:142 - IOException on connection: Connection refused: connect
2023-06-17 09:10:00,688 [ERROR] ConfigurationRetriever:142 - IOException on connection: Connection refused: connect
2023-06-17 09:10:00,691 [ERROR] ConfigurationRetriever:142 - IOException on connection: Connection refused: connect
2023-06-17 09:10:32,347 [ERROR] ConfigurationRetriever:142 - IOException on connection: Connection refused: connect
2023-06-17 09:10:32,350 [ERROR] ConfigurationRetriever:142 - IOException on connection: Connection refused: connect
2023-06-17 09:10:32,354 [ERROR] ConfigurationRetriever:142 - IOException on connection: Connection refused: connect
2023-06-17 09:11:44,937 [ERROR] ConfigurationRetriever:142 - IOException on connection: Connection refused: connect
2023-06-17 09:11:44,943 [ERROR] ConfigurationRetriever:142 - IOException on connection: Connection refused: connect
2023-06-17 09:11:44,965 [ERROR] ConfigurationRetriever:142 - IOException on connection: Connection refused: connect
2023-06-17 09:11:48,956 [ERROR] ConfigurationRetriever:142 - IOException on connection: Connection refused: connect
2023-06-17 09:11:48,961 [ERROR] ConfigurationRetriever:142 - IOException on connection: Connection refused: connect
2023-06-17 09:11:48,964 [ERROR] ConfigurationRetriever:142 - IOException on connection: Connection refused: connect
2023-06-17 13:42:41,211 [ERROR] ConfigurationRetriever:142 - IOException on connection: Connection refused: connect
2023-06-17 13:42:41,215 [ERROR] ConfigurationRetriever:142 - IOException on connection: Connection refused: connect
2023-06-17 13:42:41,218 [ERROR] ConfigurationRetriever:142 - IOException on connection: Connection refused: connect
2023-06-17 13:48:24,916 [ERROR] ConfigurationRetriever:142 - IOException on connection: Connection refused: connect
2023-06-17 13:48:24,921 [ERROR] ConfigurationRetriever:142 - IOException on connection: Connection refused: connect
2023-06-17 13:48:24,924 [ERROR] ConfigurationRetriever:142 - IOException on connection: Connection refused: connect
2023-06-17 13:48:26,179 [ERROR] ConfigurationRetriever:142 - IOException on connection: Connection refused: connect
2023-06-17 13:48:26,183 [ERROR] ConfigurationRetriever:142 - IOException on connection: Connection refused: connect
2023-06-17 13:48:26,188 [ERROR] ConfigurationRetriever:142 - IOException on connection: Connection refused: connect
2023-06-17 13:48:27,118 [ERROR] ConfigurationRetriever:142 - IOException on connection: Connection refused: connect
2023-06-17 13:48:27,121 [ERROR] ConfigurationRetriever:142 - IOException on connection: Connection refused: connect
2023-06-17 13:48:27,125 [ERROR] ConfigurationRetriever:142 - IOException on connection: Connection refused: connect
2023-06-17 13:52:36,080 [ERROR] ConfigurationRetriever:142 - IOException on connection: Connection refused: connect
2023-06-17 13:52:36,086 [ERROR] ConfigurationRetriever:142 - IOException on connection: Connection refused: connect
2023-06-17 13:52:36,090 [ERROR] ConfigurationRetriever:142 - IOException on connection: Connection refused: connect
2023-06-17 13:52:37,572 [ERROR] ConfigurationRetriever:142 - IOException on connection: Connection refused: connect
2023-06-17 13:52:37,575 [ERROR] ConfigurationRetriever:142 - IOException on connection: Connection refused: connect
2023-06-17 13:52:37,579 [ERROR] ConfigurationRetriever:142 - IOException on connection: Connection refused: connect
2023-06-17 13:52:38,737 [ERROR] ConfigurationRetriever:142 - IOException on connection: Connection refused: connect
2023-06-17 13:52:38,755 [ERROR] ConfigurationRetriever:142 - IOException on connection: Connection refused: connect
2023-06-17 13:52:38,758 [ERROR] ConfigurationRetriever:142 - IOException on connection: Connection refused: connect
2023-06-17 13:56:56,633 [ERROR] ConfigurationRetriever:142 - IOException on connection: Connection refused: connect
2023-06-17 13:56:56,637 [ERROR] ConfigurationRetriever:142 - IOException on connection: Connection refused: connect
2023-06-17 13:56:56,642 [ERROR] ConfigurationRetriever:142 - IOException on connection: Connection refused: connect
2023-06-17 13:57:02,076 [ERROR] ConfigurationRetriever:142 - IOException on connection: Connection refused: connect
2023-06-17 13:57:02,079 [ERROR] ConfigurationRetriever:142 - IOException on connection: Connection refused: connect
2023-06-17 13:57:02,083 [ERROR] ConfigurationRetriever:142 - IOException on connection: Connection refused: connect
2023-06-17 14:07:17,597 [ERROR] ConfigurationRetriever:142 - IOException on connection: Connection refused: connect
2023-06-17 14:07:17,601 [ERROR] ConfigurationRetriever:142 - IOException on connection: Connection refused: connect
2023-06-17 14:07:17,606 [ERROR] ConfigurationRetriever:142 - IOException on connection: Connection refused: connect
2023-06-17 14:07:18,993 [ERROR] ConfigurationRetriever:142 - IOException on connection: Connection refused: connect
2023-06-17 14:07:18,997 [ERROR] ConfigurationRetriever:142 - IOException on connection: Connection refused: connect
2023-06-17 14:07:19,002 [ERROR] ConfigurationRetriever:142 - IOException on connection: Connection refused: connect
2023-06-17 14:11:24,497 [ERROR] ConfigurationRetriever:142 - IOException on connection: Connection refused: connect
2023-06-17 14:11:24,501 [ERROR] ConfigurationRetriever:142 - IOException on connection: Connection refused: connect
2023-06-17 14:11:24,504 [ERROR] ConfigurationRetriever:142 - IOException on connection: Connection refused: connect
2023-06-17 14:55:17,021 [ERROR] ConfigurationRetriever:142 - IOException on connection: Connection refused: connect
2023-06-17 14:55:17,027 [ERROR] ConfigurationRetriever:142 - IOException on connection: Connection refused: connect
2023-06-17 14:55:17,030 [ERROR] ConfigurationRetriever:142 - IOException on connection: Connection refused: connect
2023-06-17 14:58:31,535 [ERROR] ConfigurationRetriever:142 - IOException on connection: Connection refused: connect
2023-06-17 14:58:31,539 [ERROR] ConfigurationRetriever:142 - IOException on connection: Connection refused: connect
2023-06-17 14:58:31,543 [ERROR] ConfigurationRetriever:142 - IOException on connection: Connection refused: connect
2023-06-17 14:58:32,788 [ERROR] ConfigurationRetriever:142 - IOException on connection: Connection refused: connect
2023-06-17 14:58:32,792 [ERROR] ConfigurationRetriever:142 - IOException on connection: Connection refused: connect
2023-06-17 14:58:32,796 [ERROR] ConfigurationRetriever:142 - IOException on connection: Connection refused: connect
2023-06-17 14:59:57,739 [ERROR] ConfigurationRetriever:142 - IOException on connection: Connection refused: connect
2023-06-17 14:59:57,743 [ERROR] ConfigurationRetriever:142 - IOException on connection: Connection refused: connect
2023-06-17 14:59:57,747 [ERROR] ConfigurationRetriever:142 - IOException on connection: Connection refused: connect
2023-06-17 15:10:35,970 [ERROR] ConfigurationRetriever:142 - IOException on connection: Connection refused: connect
2023-06-17 15:10:35,977 [ERROR] ConfigurationRetriever:142 - IOException on connection: Connection refused: connect
2023-06-17 15:10:36,000 [ERROR] ConfigurationRetriever:142 - IOException on connection: Connection refused: connect
2023-06-17 15:10:36,810 [ERROR] ConfigurationRetriever:142 - IOException on connection: Connection refused: connect
2023-06-17 15:10:36,813 [ERROR] ConfigurationRetriever:142 - IOException on connection: Connection refused: connect
2023-06-17 15:10:36,815 [ERROR] ConfigurationRetriever:142 - IOException on connection: Connection refused: connect
2023-06-17 15:10:37,714 [ERROR] ConfigurationRetriever:142 - IOException on connection: Connection refused: connect
2023-06-17 15:10:37,721 [ERROR] ConfigurationRetriever:142 - IOException on connection: Connection refused: connect
2023-06-17 15:10:37,725 [ERROR] ConfigurationRetriever:142 - IOException on connection: Connection refused: connect
2023-06-17 15:22:24,811 [ERROR] ConfigurationRetriever:142 - IOException on connection: Connection refused: connect
2023-06-17 15:22:24,815 [ERROR] ConfigurationRetriever:142 - IOException on connection: Connection refused: connect
2023-06-17 15:22:24,835 [ERROR] ConfigurationRetriever:142 - IOException on connection: Connection refused: connect
2023-06-17 15:22:26,231 [ERROR] ConfigurationRetriever:142 - IOException on connection: Connection refused: connect
2023-06-17 15:22:26,235 [ERROR] ConfigurationRetriever:142 - IOException on connection: Connection refused: connect
2023-06-17 15:22:26,238 [ERROR] ConfigurationRetriever:142 - IOException on connection: Connection refused: connect
2023-06-17 15:22:42,316 [ERROR] ConfigurationRetriever:142 - IOException on connection: Connection refused: connect
2023-06-17 15:22:42,320 [ERROR] ConfigurationRetriever:142 - IOException on connection: Connection refused: connect
2023-06-17 15:22:42,323 [ERROR] ConfigurationRetriever:142 - IOException on connection: Connection refused: connect
2023-06-17 15:25:13,329 [ERROR] ConfigurationRetriever:142 - IOException on connection: Connection refused: connect
2023-06-17 15:25:13,333 [ERROR] ConfigurationRetriever:142 - IOException on connection: Connection refused: connect
2023-06-17 15:25:13,336 [ERROR] ConfigurationRetriever:142 - IOException on connection: Connection refused: connect
2023-06-17 15:31:33,431 [ERROR] ConfigurationRetriever:142 - IOException on connection: Connection refused: connect
2023-06-17 15:31:33,436 [ERROR] ConfigurationRetriever:142 - IOException on connection: Connection refused: connect
2023-06-17 15:31:33,441 [ERROR] ConfigurationRetriever:142 - IOException on connection: Connection refused: connect
2023-06-17 15:31:34,771 [ERROR] ConfigurationRetriever:142 - IOException on connection: Connection refused: connect
2023-06-17 15:31:34,775 [ERROR] ConfigurationRetriever:142 - IOException on connection: Connection refused: connect
2023-06-17 15:31:34,793 [ERROR] ConfigurationRetriever:142 - IOException on connection: Connection refused: connect
2023-06-17 15:31:49,614 [ERROR] ConfigurationRetriever:142 - IOException on connection: Connection refused: connect
2023-06-17 15:31:49,618 [ERROR] ConfigurationRetriever:142 - IOException on connection: Connection refused: connect
2023-06-17 15:31:49,623 [ERROR] ConfigurationRetriever:142 - IOException on connection: Connection refused: connect
2023-06-17 15:32:14,950 [ERROR] ConfigurationRetriever:142 - IOException on connection: Connection refused: connect
2023-06-17 15:32:14,954 [ERROR] ConfigurationRetriever:142 - IOException on connection: Connection refused: connect
2023-06-17 15:32:14,958 [ERROR] ConfigurationRetriever:142 - IOException on connection: Connection refused: connect
2023-06-17 15:32:17,103 [ERROR] ConfigurationRetriever:142 - IOException on connection: Connection refused: connect
2023-06-17 15:32:17,107 [ERROR] ConfigurationRetriever:142 - IOException on connection: Connection refused: connect
2023-06-17 15:32:17,111 [ERROR] ConfigurationRetriever:142 - IOException on connection: Connection refused: connect
2023-06-17 15:33:06,044 [ERROR] ConfigurationRetriever:142 - IOException on connection: Connection refused: connect
2023-06-17 15:33:06,048 [ERROR] ConfigurationRetriever:142 - IOException on connection: Connection refused: connect
2023-06-17 15:33:06,052 [ERROR] ConfigurationRetriever:142 - IOException on connection: Connection refused: connect
2023-06-17 15:35:59,103 [ERROR] ConfigurationRetriever:142 - IOException on connection: Connection refused: connect
2023-06-17 15:35:59,110 [ERROR] ConfigurationRetriever:142 - IOException on connection: Connection refused: connect
2023-06-17 15:35:59,114 [ERROR] ConfigurationRetriever:142 - IOException on connection: Connection refused: connect
2023-06-17 15:35:59,694 [ERROR] ConfigurationRetriever:142 - IOException on connection: Connection refused: connect
2023-06-17 15:35:59,698 [ERROR] ConfigurationRetriever:142 - IOException on connection: Connection refused: connect
2023-06-17 15:35:59,721 [ERROR] ConfigurationRetriever:142 - IOException on connection: Connection refused: connect
2023-06-17 15:36:00,780 [ERROR] ConfigurationRetriever:142 - IOException on connection: Connection refused: connect
2023-06-17 15:36:00,783 [ERROR] ConfigurationRetriever:142 - IOException on connection: Connection refused: connect
2023-06-17 15:36:00,787 [ERROR] ConfigurationRetriever:142 - IOException on connection: Connection refused: connect
2023-06-17 15:49:27,748 [ERROR] ConfigurationRetriever:142 - IOException on connection: Connection refused: connect
2023-06-17 15:49:27,752 [ERROR] ConfigurationRetriever:142 - IOException on connection: Connection refused: connect
2023-06-17 15:49:27,755 [ERROR] ConfigurationRetriever:142 - IOException on connection: Connection refused: connect
2023-06-17 15:50:47,971 [ERROR] ConfigurationRetriever:142 - IOException on connection: Connection refused: connect
2023-06-17 15:50:47,978 [ERROR] ConfigurationRetriever:142 - IOException on connection: Connection refused: connect
2023-06-17 15:50:47,983 [ERROR] ConfigurationRetriever:142 - IOException on connection: Connection refused: connect
2023-06-17 15:50:48,853 [ERROR] ConfigurationRetriever:142 - IOException on connection: Connection refused: connect
2023-06-17 15:50:48,856 [ERROR] ConfigurationRetriever:142 - IOException on connection: Connection refused: connect
2023-06-17 15:50:48,859 [ERROR] ConfigurationRetriever:142 - IOException on connection: Connection refused: connect
2023-06-17 15:50:49,545 [ERROR] ConfigurationRetriever:142 - IOException on connection: Connection refused: connect
2023-06-17 15:50:49,549 [ERROR] ConfigurationRetriever:142 - IOException on connection: Connection refused: connect
2023-06-17 15:50:49,553 [ERROR] ConfigurationRetriever:142 - IOException on connection: Connection refused: connect
2023-06-17 15:57:20,188 [ERROR] ConfigurationRetriever:142 - IOException on connection: Connection refused: connect
2023-06-17 15:57:20,191 [ERROR] ConfigurationRetriever:142 - IOException on connection: Connection refused: connect
2023-06-17 15:57:20,194 [ERROR] ConfigurationRetriever:142 - IOException on connection: Connection refused: connect
2023-06-17 15:59:58,550 [ERROR] ConfigurationRetriever:142 - IOException on connection: Connection refused: connect
2023-06-17 15:59:58,554 [ERROR] ConfigurationRetriever:142 - IOException on connection: Connection refused: connect
2023-06-17 15:59:58,559 [ERROR] ConfigurationRetriever:142 - IOException on connection: Connection refused: connect
2023-06-17 15:59:59,362 [ERROR] ConfigurationRetriever:142 - IOException on connection: Connection refused: connect
2023-06-17 15:59:59,378 [ERROR] ConfigurationRetriever:142 - IOException on connection: Connection refused: connect
2023-06-17 15:59:59,381 [ERROR] ConfigurationRetriever:142 - IOException on connection: Connection refused: connect
2023-06-17 16:00:00,092 [ERROR] ConfigurationRetriever:142 - IOException on connection: Connection refused: connect
2023-06-17 16:00:00,098 [ERROR] ConfigurationRetriever:142 - IOException on connection: Connection refused: connect
2023-06-17 16:00:00,103 [ERROR] ConfigurationRetriever:142 - IOException on connection: Connection refused: connect
2023-06-17 16:00:21,720 [ERROR] ConfigurationRetriever:142 - IOException on connection: Connection refused: connect
2023-06-17 16:00:21,724 [ERROR] ConfigurationRetriever:142 - IOException on connection: Connection refused: connect
2023-06-17 16:00:21,727 [ERROR] ConfigurationRetriever:142 - IOException on connection: Connection refused: connect
2023-06-17 16:15:15,286 [ERROR] ConfigurationRetriever:142 - IOException on connection: Connection refused: connect
2023-06-17 16:15:15,312 [ERROR] ConfigurationRetriever:142 - IOException on connection: Connection refused: connect
2023-06-17 16:15:15,315 [ERROR] ConfigurationRetriever:142 - IOException on connection: Connection refused: connect
2023-06-17 16:15:16,087 [ERROR] ConfigurationRetriever:142 - IOException on connection: Connection refused: connect
2023-06-17 16:15:16,090 [ERROR] ConfigurationRetriever:142 - IOException on connection: Connection refused: connect
2023-06-17 16:15:16,094 [ERROR] ConfigurationRetriever:142 - IOException on connection: Connection refused: connect
2023-06-17 16:15:17,002 [ERROR] ConfigurationRetriever:142 - IOException on connection: Connection refused: connect
2023-06-17 16:15:17,006 [ERROR] ConfigurationRetriever:142 - IOException on connection: Connection refused: connect
2023-06-17 16:15:17,029 [ERROR] ConfigurationRetriever:142 - IOException on connection: Connection refused: connect
2023-06-17 16:16:44,400 [ERROR] ConfigurationRetriever:142 - IOException on connection: Connection refused: connect
2023-06-17 16:16:44,404 [ERROR] ConfigurationRetriever:142 - IOException on connection: Connection refused: connect
2023-06-17 16:16:44,408 [ERROR] ConfigurationRetriever:142 - IOException on connection: Connection refused: connect
2023-06-17 16:17:38,743 [ERROR] ConfigurationRetriever:142 - IOException on connection: Connection refused: connect
2023-06-17 16:17:38,747 [ERROR] ConfigurationRetriever:142 - IOException on connection: Connection refused: connect
2023-06-17 16:17:38,750 [ERROR] ConfigurationRetriever:142 - IOException on connection: Connection refused: connect
2023-06-17 16:19:24,551 [ERROR] ConfigurationRetriever:142 - IOException on connection: Connection refused: connect
2023-06-17 16:19:24,555 [ERROR] ConfigurationRetriever:142 - IOException on connection: Connection refused: connect
2023-06-17 16:19:24,559 [ERROR] ConfigurationRetriever:142 - IOException on connection: Connection refused: connect
2023-06-17 16:19:59,278 [ERROR] ConfigurationRetriever:142 - IOException on connection: Connection refused: connect
2023-06-17 16:19:59,304 [ERROR] ConfigurationRetriever:142 - IOException on connection: Connection refused: connect
2023-06-17 16:19:59,309 [ERROR] ConfigurationRetriever:142 - IOException on connection: Connection refused: connect
2023-06-17 16:20:00,808 [ERROR] ConfigurationRetriever:142 - IOException on connection: Connection refused: connect
2023-06-17 16:20:00,812 [ERROR] ConfigurationRetriever:142 - IOException on connection: Connection refused: connect
2023-06-17 16:20:00,815 [ERROR] ConfigurationRetriever:142 - IOException on connection: Connection refused: connect
2023-06-17 16:20:01,887 [ERROR] ConfigurationRetriever:142 - IOException on connection: Connection refused: connect
2023-06-17 16:20:01,890 [ERROR] ConfigurationRetriever:142 - IOException on connection: Connection refused: connect
2023-06-17 16:20:01,909 [ERROR] ConfigurationRetriever:142 - IOException on connection: Connection refused: connect
2023-06-17 16:21:45,956 [ERROR] ConfigurationRetriever:142 - IOException on connection: Connection refused: connect
2023-06-17 16:21:45,960 [ERROR] ConfigurationRetriever:142 - IOException on connection: Connection refused: connect
2023-06-17 16:21:45,974 [ERROR] ConfigurationRetriever:142 - IOException on connection: Connection refused: connect
2023-06-17 16:24:29,883 [ERROR] ConfigurationRetriever:142 - IOException on connection: Connection refused: connect
2023-06-17 16:24:29,887 [ERROR] ConfigurationRetriever:142 - IOException on connection: Connection refused: connect
2023-06-17 16:24:29,891 [ERROR] ConfigurationRetriever:142 - IOException on connection: Connection refused: connect
2023-06-17 16:24:30,811 [ERROR] ConfigurationRetriever:142 - IOException on connection: Connection refused: connect
2023-06-17 16:24:30,814 [ERROR] ConfigurationRetriever:142 - IOException on connection: Connection refused: connect
2023-06-17 16:24:30,817 [ERROR] ConfigurationRetriever:142 - IOException on connection: Connection refused: connect
2023-06-17 16:24:31,418 [ERROR] ConfigurationRetriever:142 - IOException on connection: Connection refused: connect
2023-06-17 16:24:31,421 [ERROR] ConfigurationRetriever:142 - IOException on connection: Connection refused: connect
2023-06-17 16:24:31,425 [ERROR] ConfigurationRetriever:142 - IOException on connection: Connection refused: connect
2023-06-17 16:25:22,038 [ERROR] ConfigurationRetriever:142 - IOException on connection: Connection refused: connect
2023-06-17 16:25:22,041 [ERROR] ConfigurationRetriever:142 - IOException on connection: Connection refused: connect
2023-06-17 16:25:22,045 [ERROR] ConfigurationRetriever:142 - IOException on connection: Connection refused: connect
2023-06-17 16:26:32,385 [ERROR] ConfigurationRetriever:142 - IOException on connection: Connection refused: connect
2023-06-17 16:26:32,389 [ERROR] ConfigurationRetriever:142 - IOException on connection: Connection refused: connect
2023-06-17 16:26:32,396 [ERROR] ConfigurationRetriever:142 - IOException on connection: Connection refused: connect
2023-06-17 16:26:32,966 [ERROR] ConfigurationRetriever:142 - IOException on connection: Connection refused: connect
2023-06-17 16:26:32,970 [ERROR] ConfigurationRetriever:142 - IOException on connection: Connection refused: connect
2023-06-17 16:26:32,974 [ERROR] ConfigurationRetriever:142 - IOException on connection: Connection refused: connect
2023-06-17 16:26:33,040 [ERROR] ConfigurationRetriever:142 - IOException on connection: Connection refused: connect
2023-06-17 16:26:33,043 [ERROR] ConfigurationRetriever:142 - IOException on connection: Connection refused: connect
2023-06-17 16:26:33,046 [ERROR] ConfigurationRetriever:142 - IOException on connection: Connection refused: connect
2023-06-17 16:30:18,231 [ERROR] ConfigurationRetriever:142 - IOException on connection: Connection refused: connect
2023-06-17 16:30:18,234 [ERROR] ConfigurationRetriever:142 - IOException on connection: Connection refused: connect
2023-06-17 16:30:18,259 [ERROR] ConfigurationRetriever:142 - IOException on connection: Connection refused: connect
2023-06-17 16:31:30,293 [ERROR] ConfigurationRetriever:142 - IOException on connection: Connection refused: connect
2023-06-17 16:31:30,297 [ERROR] ConfigurationRetriever:142 - IOException on connection: Connection refused: connect
2023-06-17 16:31:30,302 [ERROR] ConfigurationRetriever:142 - IOException on connection: Connection refused: connect
2023-06-17 16:31:32,037 [ERROR] ConfigurationRetriever:142 - IOException on connection: Connection refused: connect
2023-06-17 16:31:32,041 [ERROR] ConfigurationRetriever:142 - IOException on connection: Connection refused: connect
2023-06-17 16:31:32,044 [ERROR] ConfigurationRetriever:142 - IOException on connection: Connection refused: connect
2023-06-17 16:34:43,707 [ERROR] ConfigurationRetriever:142 - IOException on connection: Connection refused: connect
2023-06-17 16:34:43,724 [ERROR] ConfigurationRetriever:142 - IOException on connection: Connection refused: connect
2023-06-17 16:34:43,726 [ERROR] ConfigurationRetriever:142 - IOException on connection: Connection refused: connect
2023-06-17 16:38:05,020 [ERROR] ConfigurationRetriever:142 - IOException on connection: Connection refused: connect
2023-06-17 16:38:05,024 [ERROR] ConfigurationRetriever:142 - IOException on connection: Connection refused: connect
2023-06-17 16:38:05,051 [ERROR] ConfigurationRetriever:142 - IOException on connection: Connection refused: connect
2023-06-17 16:38:19,934 [ERROR] ConfigurationRetriever:142 - IOException on connection: Connection refused: connect
2023-06-17 16:38:19,937 [ERROR] ConfigurationRetriever:142 - IOException on connection: Connection refused: connect
2023-06-17 16:38:19,941 [ERROR] ConfigurationRetriever:142 - IOException on connection: Connection refused: connect
2023-06-17 16:45:58,150 [ERROR] ConfigurationRetriever:142 - IOException on connection: Connection refused: connect
2023-06-17 16:45:58,155 [ERROR] ConfigurationRetriever:142 - IOException on connection: Connection refused: connect
2023-06-17 16:45:58,160 [ERROR] ConfigurationRetriever:142 - IOException on connection: Connection refused: connect
2023-06-17 16:45:59,540 [ERROR] ConfigurationRetriever:142 - IOException on connection: Connection refused: connect
2023-06-17 16:45:59,545 [ERROR] ConfigurationRetriever:142 - IOException on connection: Connection refused: connect
2023-06-17 16:45:59,549 [ERROR] ConfigurationRetriever:142 - IOException on connection: Connection refused: connect
2023-06-17 16:46:05,488 [ERROR] ConfigurationRetriever:142 - IOException on connection: Connection refused: connect
2023-06-17 16:46:05,491 [ERROR] ConfigurationRetriever:142 - IOException on connection: Connection refused: connect
2023-06-17 16:46:05,504 [ERROR] ConfigurationRetriever:142 - IOException on connection: Connection refused: connect
2023-06-17 16:49:02,855 [ERROR] ConfigurationRetriever:142 - IOException on connection: Connection refused: connect
2023-06-17 16:49:02,861 [ERROR] ConfigurationRetriever:142 - IOException on connection: Connection refused: connect
2023-06-17 16:49:02,864 [ERROR] ConfigurationRetriever:142 - IOException on connection: Connection refused: connect
2023-06-17 16:49:04,173 [ERROR] ConfigurationRetriever:142 - IOException on connection: Connection refused: connect
2023-06-17 16:49:04,177 [ERROR] ConfigurationRetriever:142 - IOException on connection: Connection refused: connect
2023-06-17 16:49:04,181 [ERROR] ConfigurationRetriever:142 - IOException on connection: Connection refused: connect
2023-06-17 16:49:09,944 [ERROR] ConfigurationRetriever:142 - IOException on connection: Connection refused: connect
2023-06-17 16:49:09,947 [ERROR] ConfigurationRetriever:142 - IOException on connection: Connection refused: connect
2023-06-17 16:49:09,951 [ERROR] ConfigurationRetriever:142 - IOException on connection: Connection refused: connect
2023-06-17 16:50:20,740 [ERROR] ConfigurationRetriever:142 - IOException on connection: Connection refused: connect
2023-06-17 16:50:20,769 [ERROR] ConfigurationRetriever:142 - IOException on connection: Connection refused: connect
2023-06-17 16:50:20,773 [ERROR] ConfigurationRetriever:142 - IOException on connection: Connection refused: connect
2023-06-17 16:50:21,575 [ERROR] ConfigurationRetriever:142 - IOException on connection: Connection refused: connect
2023-06-17 16:50:21,578 [ERROR] ConfigurationRetriever:142 - IOException on connection: Connection refused: connect
2023-06-17 16:50:21,581 [ERROR] ConfigurationRetriever:142 - IOException on connection: Connection refused: connect
2023-06-17 16:50:22,240 [ERROR] ConfigurationRetriever:142 - IOException on connection: Connection refused: connect
2023-06-17 16:50:22,243 [ERROR] ConfigurationRetriever:142 - IOException on connection: Connection refused: connect
2023-06-17 16:50:22,247 [ERROR] ConfigurationRetriever:142 - IOException on connection: Connection refused: connect
2023-06-17 16:53:46,686 [ERROR] ConfigurationRetriever:142 - IOException on connection: Connection refused: connect
2023-06-17 16:53:46,712 [ERROR] ConfigurationRetriever:142 - IOException on connection: Connection refused: connect
2023-06-17 16:53:46,715 [ERROR] ConfigurationRetriever:142 - IOException on connection: Connection refused: connect
2023-06-17 16:54:23,724 [ERROR] ConfigurationRetriever:142 - IOException on connection: Connection refused: connect
2023-06-17 16:54:23,731 [ERROR] ConfigurationRetriever:142 - IOException on connection: Connection refused: connect
2023-06-17 16:54:23,735 [ERROR] ConfigurationRetriever:142 - IOException on connection: Connection refused: connect
2023-06-17 16:54:33,368 [ERROR] ConfigurationRetriever:142 - IOException on connection: Connection refused: connect
2023-06-17 16:54:33,371 [ERROR] ConfigurationRetriever:142 - IOException on connection: Connection refused: connect
2023-06-17 16:54:33,375 [ERROR] ConfigurationRetriever:142 - IOException on connection: Connection refused: connect
2023-06-17 16:56:26,251 [ERROR] ConfigurationRetriever:142 - IOException on connection: Connection refused: connect
2023-06-17 16:56:26,256 [ERROR] ConfigurationRetriever:142 - IOException on connection: Connection refused: connect
2023-06-17 16:56:26,260 [ERROR] ConfigurationRetriever:142 - IOException on connection: Connection refused: connect
2023-06-17 16:58:06,305 [ERROR] ConfigurationRetriever:142 - IOException on connection: Connection refused: connect
2023-06-17 16:58:06,310 [ERROR] ConfigurationRetriever:142 - IOException on connection: Connection refused: connect
2023-06-17 16:58:06,316 [ERROR] ConfigurationRetriever:142 - IOException on connection: Connection refused: connect
2023-06-17 17:12:15,144 [ERROR] ConfigurationRetriever:142 - IOException on connection: Connection refused: connect
2023-06-17 17:12:15,175 [ERROR] ConfigurationRetriever:142 - IOException on connection: Connection refused: connect
2023-06-17 17:12:15,178 [ERROR] ConfigurationRetriever:142 - IOException on connection: Connection refused: connect
